#
# There is insufficient memory for the Java Runtime Environment to continue.
# Native memory allocation (mmap) failed to map 93847552 bytes for committing reserved memory.
# Possible reasons:
#   The system is out of physical RAM or swap space
#   In 32 bit mode, the process size limit was hit
# Possible solutions:
#   Reduce memory load on the system
#   Increase physical memory or swap space
#   Check if swap backing store is full
#   Use 64 bit Java on a 64 bit OS
#   Decrease Java heap size (-Xmx/-Xms)
#   Decrease number of Java threads
#   Decrease Java thread stack sizes (-Xss)
#   Set larger code cache with -XX:ReservedCodeCacheSize=
# This output file may be truncated or incomplete.
#
#  Out of Memory Error (os_linux.cpp:2640), pid=3794, tid=0x00007f14e4afa700
#
# JRE version: OpenJDK Runtime Environment (8.0_152-b01) (build 1.8.0_152-release-915-b01)
# Java VM: OpenJDK 64-Bit Server VM (25.152-b01 mixed mode linux-amd64 compressed oops)
# Failed to write core dump. Core dumps have been disabled. To enable core dumping, try "ulimit -c unlimited" before starting Java again
#

---------------  T H R E A D  ---------------

Current thread (0x00007f14f4078000):  VMThread [stack: 0x00007f14e49fa000,0x00007f14e4afb000] [id=3802]

Stack: [0x00007f14e49fa000,0x00007f14e4afb000],  sp=0x00007f14e4af94c0,  free space=1021k
Native frames: (J=compiled Java code, j=interpreted, Vv=VM code, C=native code)
V  [libjvm.so+0x9eb15d]  VMError::report_and_die()+0x15d
V  [libjvm.so+0x4b8eaa]  report_vm_out_of_memory(char const*, int, unsigned long, VMErrorType, char const*)+0x8a
V  [libjvm.so+0x851370]  os::pd_commit_memory(char*, unsigned long, unsigned long, bool)+0xf0
V  [libjvm.so+0x84be8f]  os::commit_memory(char*, unsigned long, unsigned long, bool)+0x1f
V  [libjvm.so+0x8c261b]  PSVirtualSpace::expand_by(unsigned long)+0x5b
V  [libjvm.so+0x8c3290]  PSYoungGen::resize_generation(unsigned long, unsigned long)+0xb0
V  [libjvm.so+0x8c35ab]  PSYoungGen::resize(unsigned long, unsigned long)+0x1b
V  [libjvm.so+0x8bfc9c]  PSScavenge::invoke_no_policy()+0xdac
V  [libjvm.so+0x8c0478]  PSScavenge::invoke()+0x38
V  [libjvm.so+0x8748f3]  ParallelScavengeHeap::failed_mem_allocate(unsigned long)+0x63
V  [libjvm.so+0x9ecc84]  VM_ParallelGCFailedAllocation::doit()+0x84
V  [libjvm.so+0x9f1197]  VM_Operation::evaluate()+0x47
V  [libjvm.so+0x9efb78]  VMThread::evaluate_operation(VM_Operation*)+0x2c8
V  [libjvm.so+0x9efff9]  VMThread::loop()+0x219
V  [libjvm.so+0x9f0442]  VMThread::run()+0x72
V  [libjvm.so+0x84e792]  java_start(Thread*)+0xf2

VM_Operation (0x00007f14d706cb90): ParallelGCFailedAllocation, mode: safepoint, requested by thread 0x00007f1498008000


---------------  P R O C E S S  ---------------

Java Threads: ( => current thread )
  0x00007f148000c800 JavaThread "ForkJoinPool.commonPool-worker-7" daemon [_thread_blocked, id=3889, stack(0x00007f1466ff8000,0x00007f14670f9000)]
  0x00007f148403c800 JavaThread "ForkJoinPool.commonPool-worker-5" daemon [_thread_blocked, id=3888, stack(0x00007f1466980000,0x00007f1466a81000)]
  0x00007f146c007800 JavaThread "ForkJoinPool.commonPool-worker-2" daemon [_thread_blocked, id=3887, stack(0x00007f14d6d6f000,0x00007f14d6e70000)]
  0x00007f1468050800 JavaThread "ForkJoinPool.commonPool-worker-0" daemon [_thread_blocked, id=3886, stack(0x00007f146687f000,0x00007f1466980000)]
  0x00007f1468050000 JavaThread "ForkJoinPool.commonPool-worker-3" daemon [_thread_blocked, id=3885, stack(0x00007f1466d84000,0x00007f1466e85000)]
  0x00007f14741d1800 JavaThread "ForkJoinPool.commonPool-worker-1" daemon [_thread_blocked, id=3883, stack(0x00007f14671fa000,0x00007f14672fb000)]
  0x00007f1474095000 JavaThread "Cache worker for Java compile cache (/home/jm/AndroidStudioProjects/Login/.gradle/4.1/javaCompile)" [_thread_blocked, id=3882, stack(0x00007f1466ef7000,0x00007f1466ff8000)]
  0x00007f1478001800 JavaThread "process reaper" daemon [_thread_blocked, id=3859, stack(0x00007f1466846000,0x00007f146687f000)]
  0x00007f1484002000 JavaThread "process reaper" daemon [_thread_blocked, id=3852, stack(0x00007f1466e85000,0x00007f1466ebe000)]
  0x00007f147c005800 JavaThread "process reaper" daemon [_thread_blocked, id=3851, stack(0x00007f1466ebe000,0x00007f1466ef7000)]
  0x00007f1470003800 JavaThread "process reaper" daemon [_thread_blocked, id=3850, stack(0x00007f14d4000000,0x00007f14d4039000)]
  0x00007f1494f7c000 JavaThread "Cache worker for task history cache (/home/jm/AndroidStudioProjects/Login/.gradle/4.1/taskHistory)" [_thread_blocked, id=3838, stack(0x00007f14677fe000,0x00007f14678ff000)]
  0x00007f1494f68000 JavaThread "Cache worker for file content cache (/home/jm/AndroidStudioProjects/Login/.gradle/4.1/fileContent)" [_thread_blocked, id=3837, stack(0x00007f14678ff000,0x00007f1467a00000)]
  0x00007f1494d89000 JavaThread "Memory manager" [_thread_blocked, id=3833, stack(0x00007f14d484e000,0x00007f14d494f000)]
  0x00007f14941f9000 JavaThread "build operations Thread 4" [_thread_blocked, id=3832, stack(0x00007f14d52b7000,0x00007f14d53b8000)]
  0x00007f14941f7800 JavaThread "build operations Thread 3" [_thread_blocked, id=3831, stack(0x00007f14d53b8000,0x00007f14d54b9000)]
  0x00007f1494616800 JavaThread "build operations Thread 2" [_thread_blocked, id=3830, stack(0x00007f14d54b9000,0x00007f14d55ba000)]
  0x00007f14941f3800 JavaThread "build operations" [_thread_blocked, id=3829, stack(0x00007f14d55ba000,0x00007f14d56bb000)]
  0x00007f1494b3e800 JavaThread "Cache worker for Artifact transforms cache (/home/jm/.gradle/caches/transforms-1)" [_thread_blocked, id=3828, stack(0x00007f14d58bb000,0x00007f14d59bc000)]
  0x00007f1494272000 JavaThread "Cache worker for file hash cache (/home/jm/AndroidStudioProjects/Login/.gradle/4.1/fileHashes)" [_thread_blocked, id=3823, stack(0x00007f14d666c000,0x00007f14d676d000)]
  0x00007f149411a800 JavaThread "File lock request listener" [_thread_in_native, id=3822, stack(0x00007f14d696d000,0x00007f14d6a6e000)]
  0x00007f1494110800 JavaThread "Cache worker for file hash cache (/home/jm/.gradle/caches/4.1/fileHashes)" [_thread_blocked, id=3821, stack(0x00007f14d6a6e000,0x00007f14d6b6f000)]
  0x00007f1494012800 JavaThread "Asynchronous log dispatcher for DefaultDaemonConnection: socket connection from /127.0.0.1:44955 to /127.0.0.1:53132" [_thread_blocked, id=3819, stack(0x00007f14d6e70000,0x00007f14d6f71000)]
  0x00007f1498008000 JavaThread "Daemon worker" [_thread_blocked, id=3816, stack(0x00007f14d6f71000,0x00007f14d7072000)]
  0x00007f1498006800 JavaThread "Cancel handler" [_thread_blocked, id=3815, stack(0x00007f14d7072000,0x00007f14d7173000)]
  0x00007f1498001800 JavaThread "Handler for socket connection from /127.0.0.1:44955 to /127.0.0.1:53132" [_thread_in_native, id=3814, stack(0x00007f14d7173000,0x00007f14d7274000)]
  0x00007f14a0043000 JavaThread "Daemon" [_thread_blocked, id=3813, stack(0x00007f14d7274000,0x00007f14d7375000)]
  0x00007f14f4c9d000 JavaThread "Daemon periodic checks" [_thread_blocked, id=3812, stack(0x00007f14d7375000,0x00007f14d7476000)]
  0x00007f14f4c80000 JavaThread "Incoming local TCP Connector on port 44955" [_thread_in_native, id=3811, stack(0x00007f14d747d000,0x00007f14d757e000)]
  0x00007f14f40c1800 JavaThread "Service Thread" daemon [_thread_blocked, id=3809, stack(0x00007f14dcdfe000,0x00007f14dceff000)]
  0x00007f14f40be800 JavaThread "C1 CompilerThread2" daemon [_thread_blocked, id=3808, stack(0x00007f14dceff000,0x00007f14dd000000)]
  0x00007f14f40bc800 JavaThread "C2 CompilerThread1" daemon [_thread_blocked, id=3807, stack(0x00007f14e40ec000,0x00007f14e41ed000)]
  0x00007f14f40b9800 JavaThread "C2 CompilerThread0" daemon [_thread_blocked, id=3806, stack(0x00007f14e41ed000,0x00007f14e42ee000)]
  0x00007f14f40b8000 JavaThread "Signal Dispatcher" daemon [_thread_blocked, id=3805, stack(0x00007f14e42ee000,0x00007f14e43ef000)]
  0x00007f14f4084000 JavaThread "Finalizer" daemon [_thread_blocked, id=3804, stack(0x00007f14e47f8000,0x00007f14e48f9000)]
  0x00007f14f407f800 JavaThread "Reference Handler" daemon [_thread_blocked, id=3803, stack(0x00007f14e48f9000,0x00007f14e49fa000)]
  0x00007f14f400a800 JavaThread "main" [_thread_blocked, id=3797, stack(0x00007f14fd2e7000,0x00007f14fd3e8000)]

Other Threads:
=>0x00007f14f4078000 VMThread [stack: 0x00007f14e49fa000,0x00007f14e4afb000] [id=3802]
  0x00007f14f40c4000 WatcherThread [stack: 0x00007f14dccfd000,0x00007f14dcdfe000] [id=3810]

VM state:at safepoint (normal execution)

VM Mutex/Monitor currently owned by a thread:  ([mutex/lock_event])
[0x00007f14f4006fc0] Threads_lock - owner thread: 0x00007f14f4078000
[0x00007f14f40074c0] Heap_lock - owner thread: 0x00007f1498008000

Heap:
 PSYoungGen      total 322048K, used 4993K [0x00000000e0000000, 0x00000000f4d80000, 0x0000000100000000)
  eden space 302592K, 0% used [0x00000000e0000000,0x00000000e0000000,0x00000000f2780000)
  from space 19456K, 25% used [0x00000000f2780000,0x00000000f2c60528,0x00000000f3a80000)
  to   space 15360K, 0% used [0x00000000f3b80000,0x00000000f3b80000,0x00000000f4a80000)
 ParOldGen       total 75776K, used 57984K [0x00000000a0000000, 0x00000000a4a00000, 0x00000000e0000000)
  object space 75776K, 76% used [0x00000000a0000000,0x00000000a38a02b8,0x00000000a4a00000)
 Metaspace       used 68728K, capacity 71152K, committed 71256K, reserved 1112064K
  class space    used 8986K, capacity 9570K, committed 9600K, reserved 1048576K

Card table byte_map: [0x00007f14f9e76000,0x00007f14fa177000] byte_map_base: 0x00007f14f9976000

Marking Bits: (ParMarkBitMap*) 0x00007f14fc7ba3e0
 Begin Bits: [0x00007f14dd000000, 0x00007f14de800000)
 End Bits:   [0x00007f14de800000, 0x00007f14e0000000)

Polling page: 0x00007f14fd40d000

CodeCache: size=245760Kb used=32763Kb max_used=33287Kb free=212996Kb
 bounds [0x00007f14e5000000, 0x00007f14e70c0000, 0x00007f14f4000000]
 total_blobs=11013 nmethods=10202 adapters=724
 compilation: enabled

Compilation events (10 events):
Event: 76,104 Thread 0x00007f14f40be800 12826       3       org.gradle.api.internal.project.taskfactory.NoOpPropertyAnnotationHandler::attachActions (1 bytes)
Event: 76,104 Thread 0x00007f14f40be800 nmethod 12826 0x00007f14e5bb6e10 code [0x00007f14e5bb6f60, 0x00007f14e5bb70b0]
Event: 76,106 Thread 0x00007f14f40be800 12827       3       com.google.common.collect.LinkedHashMultimap$ValueSet$1::next (43 bytes)
Event: 76,107 Thread 0x00007f14f40be800 nmethod 12827 0x00007f14e52666d0 code [0x00007f14e5266880, 0x00007f14e5266f78]
Event: 76,107 Thread 0x00007f14f40be800 12829       3       org.objectweb.asm.MethodWriter::visitLdcInsn (176 bytes)
Event: 76,108 Thread 0x00007f14f40be800 nmethod 12829 0x00007f14e6df2010 code [0x00007f14e6df21e0, 0x00007f14e6df27c8]
Event: 76,108 Thread 0x00007f14f40be800 12828       3       org.gradle.api.internal.AsmBackedClassGenerator$ClassBuilderImpl::access$500 (4 bytes)
Event: 76,109 Thread 0x00007f14f40be800 nmethod 12828 0x00007f14e64d5450 code [0x00007f14e64d55a0, 0x00007f14e64d56d0]
Event: 76,109 Thread 0x00007f14f40be800 12830       3       org.gradle.api.internal.DefaultNamedDomainObjectCollection::didAdd (21 bytes)
Event: 76,110 Thread 0x00007f14f40be800 nmethod 12830 0x00007f14e64d4ed0 code [0x00007f14e64d5060, 0x00007f14e64d5358]

GC Heap History (10 events):
Event: 32,766 GC heap after
Heap after GC invocations=13 (full 2):
 PSYoungGen      total 173568K, used 10220K [0x00000000e0000000, 0x00000000efc80000, 0x0000000100000000)
  eden space 163328K, 0% used [0x00000000e0000000,0x00000000e0000000,0x00000000e9f80000)
  from space 10240K, 99% used [0x00000000e9f80000,0x00000000ea97b2f0,0x00000000ea980000)
  to   space 13312K, 0% used [0x00000000eef80000,0x00000000eef80000,0x00000000efc80000)
 ParOldGen       total 41472K, used 20442K [0x00000000a0000000, 0x00000000a2880000, 0x00000000e0000000)
  object space 41472K, 49% used [0x00000000a0000000,0x00000000a13f6b10,0x00000000a2880000)
 Metaspace       used 45646K, capacity 46656K, committed 46936K, reserved 1089536K
  class space    used 6137K, capacity 6450K, committed 6528K, reserved 1048576K
}
Event: 42,709 GC heap before
{Heap before GC invocations=14 (full 2):
 PSYoungGen      total 173568K, used 173548K [0x00000000e0000000, 0x00000000efc80000, 0x0000000100000000)
  eden space 163328K, 100% used [0x00000000e0000000,0x00000000e9f80000,0x00000000e9f80000)
  from space 10240K, 99% used [0x00000000e9f80000,0x00000000ea97b2f0,0x00000000ea980000)
  to   space 13312K, 0% used [0x00000000eef80000,0x00000000eef80000,0x00000000efc80000)
 ParOldGen       total 41472K, used 20442K [0x00000000a0000000, 0x00000000a2880000, 0x00000000e0000000)
  object space 41472K, 49% used [0x00000000a0000000,0x00000000a13f6b10,0x00000000a2880000)
 Metaspace       used 53122K, capacity 54800K, committed 55000K, reserved 1097728K
  class space    used 7209K, capacity 7642K, committed 7680K, reserved 1048576K
Event: 42,754 GC heap after
Heap after GC invocations=14 (full 2):
 PSYoungGen      total 240640K, used 13157K [0x00000000e0000000, 0x00000000efc80000, 0x0000000100000000)
  eden space 227328K, 0% used [0x00000000e0000000,0x00000000e0000000,0x00000000ede00000)
  from space 13312K, 98% used [0x00000000eef80000,0x00000000efc597e0,0x00000000efc80000)
  to   space 15360K, 0% used [0x00000000ede80000,0x00000000ede80000,0x00000000eed80000)
 ParOldGen       total 41472K, used 30473K [0x00000000a0000000, 0x00000000a2880000, 0x00000000e0000000)
  object space 41472K, 73% used [0x00000000a0000000,0x00000000a1dc2650,0x00000000a2880000)
 Metaspace       used 53122K, capacity 54800K, committed 55000K, reserved 1097728K
  class space    used 7209K, capacity 7642K, committed 7680K, reserved 1048576K
}
Event: 57,199 GC heap before
{Heap before GC invocations=15 (full 2):
 PSYoungGen      total 240640K, used 163183K [0x00000000e0000000, 0x00000000efc80000, 0x0000000100000000)
  eden space 227328K, 65% used [0x00000000e0000000,0x00000000e9282708,0x00000000ede00000)
  from space 13312K, 98% used [0x00000000eef80000,0x00000000efc597e0,0x00000000efc80000)
  to   space 15360K, 0% used [0x00000000ede80000,0x00000000ede80000,0x00000000eed80000)
 ParOldGen       total 41472K, used 30473K [0x00000000a0000000, 0x00000000a2880000, 0x00000000e0000000)
  object space 41472K, 73% used [0x00000000a0000000,0x00000000a1dc2650,0x00000000a2880000)
 Metaspace       used 57115K, capacity 58980K, committed 59028K, reserved 1099776K
  class space    used 7712K, capacity 8162K, committed 8192K, reserved 1048576K
Event: 57,224 GC heap after
Heap after GC invocations=15 (full 2):
 PSYoungGen      total 243200K, used 9058K [0x00000000e0000000, 0x00000000f4a80000, 0x0000000100000000)
  eden space 227840K, 0% used [0x00000000e0000000,0x00000000e0000000,0x00000000ede80000)
  from space 15360K, 58% used [0x00000000ede80000,0x00000000ee758918,0x00000000eed80000)
  to   space 15360K, 0% used [0x00000000f3b80000,0x00000000f3b80000,0x00000000f4a80000)
 ParOldGen       total 41472K, used 37501K [0x00000000a0000000, 0x00000000a2880000, 0x00000000e0000000)
  object space 41472K, 90% used [0x00000000a0000000,0x00000000a249f598,0x00000000a2880000)
 Metaspace       used 57115K, capacity 58980K, committed 59028K, reserved 1099776K
  class space    used 7712K, capacity 8162K, committed 8192K, reserved 1048576K
}
Event: 57,225 GC heap before
{Heap before GC invocations=16 (full 3):
 PSYoungGen      total 243200K, used 9058K [0x00000000e0000000, 0x00000000f4a80000, 0x0000000100000000)
  eden space 227840K, 0% used [0x00000000e0000000,0x00000000e0000000,0x00000000ede80000)
  from space 15360K, 58% used [0x00000000ede80000,0x00000000ee758918,0x00000000eed80000)
  to   space 15360K, 0% used [0x00000000f3b80000,0x00000000f3b80000,0x00000000f4a80000)
 ParOldGen       total 41472K, used 37501K [0x00000000a0000000, 0x00000000a2880000, 0x00000000e0000000)
  object space 41472K, 90% used [0x00000000a0000000,0x00000000a249f598,0x00000000a2880000)
 Metaspace       used 57115K, capacity 58980K, committed 59028K, reserved 1099776K
  class space    used 7712K, capacity 8162K, committed 8192K, reserved 1048576K
Event: 57,584 GC heap after
Heap after GC invocations=16 (full 3):
 PSYoungGen      total 243200K, used 0K [0x00000000e0000000, 0x00000000f4a80000, 0x0000000100000000)
  eden space 227840K, 0% used [0x00000000e0000000,0x00000000e0000000,0x00000000ede80000)
  from space 15360K, 0% used [0x00000000ede80000,0x00000000ede80000,0x00000000eed80000)
  to   space 15360K, 0% used [0x00000000f3b80000,0x00000000f3b80000,0x00000000f4a80000)
 ParOldGen       total 75776K, used 38838K [0x00000000a0000000, 0x00000000a4a00000, 0x00000000e0000000)
  object space 75776K, 51% used [0x00000000a0000000,0x00000000a25edbe8,0x00000000a4a00000)
 Metaspace       used 57110K, capacity 58962K, committed 59028K, reserved 1099776K
  class space    used 7710K, capacity 8159K, committed 8192K, reserved 1048576K
}
Event: 69,314 GC heap before
{Heap before GC invocations=17 (full 3):
 PSYoungGen      total 243200K, used 227840K [0x00000000e0000000, 0x00000000f4a80000, 0x0000000100000000)
  eden space 227840K, 100% used [0x00000000e0000000,0x00000000ede80000,0x00000000ede80000)
  from space 15360K, 0% used [0x00000000ede80000,0x00000000ede80000,0x00000000eed80000)
  to   space 15360K, 0% used [0x00000000f3b80000,0x00000000f3b80000,0x00000000f4a80000)
 ParOldGen       total 75776K, used 38838K [0x00000000a0000000, 0x00000000a4a00000, 0x00000000e0000000)
  object space 75776K, 51% used [0x00000000a0000000,0x00000000a25edbe8,0x00000000a4a00000)
 Metaspace       used 65687K, capacity 67962K, committed 68056K, reserved 1107968K
  class space    used 8655K, capacity 9191K, committed 9216K, reserved 1048576K
Event: 69,360 GC heap after
Heap after GC invocations=17 (full 3):
 PSYoungGen      total 317952K, used 15353K [0x00000000e0000000, 0x00000000f4d80000, 0x0000000100000000)
  eden space 302592K, 0% used [0x00000000e0000000,0x00000000e0000000,0x00000000f2780000)
  from space 15360K, 99% used [0x00000000f3b80000,0x00000000f4a7e5d8,0x00000000f4a80000)
  to   space 19456K, 0% used [0x00000000f2780000,0x00000000f2780000,0x00000000f3a80000)
 ParOldGen       total 75776K, used 44365K [0x00000000a0000000, 0x00000000a4a00000, 0x00000000e0000000)
  object space 75776K, 58% used [0x00000000a0000000,0x00000000a2b53608,0x00000000a4a00000)
 Metaspace       used 65687K, capacity 67962K, committed 68056K, reserved 1107968K
  class space    used 8655K, capacity 9191K, committed 9216K, reserved 1048576K
}
Event: 76,113 GC heap before
{Heap before GC invocations=18 (full 3):
 PSYoungGen      total 317952K, used 317945K [0x00000000e0000000, 0x00000000f4d80000, 0x0000000100000000)
  eden space 302592K, 100% used [0x00000000e0000000,0x00000000f2780000,0x00000000f2780000)
  from space 15360K, 99% used [0x00000000f3b80000,0x00000000f4a7e5d8,0x00000000f4a80000)
  to   space 19456K, 0% used [0x00000000f2780000,0x00000000f2780000,0x00000000f3a80000)
 ParOldGen       total 75776K, used 44365K [0x00000000a0000000, 0x00000000a4a00000, 0x00000000e0000000)
  object space 75776K, 58% used [0x00000000a0000000,0x00000000a2b53608,0x00000000a4a00000)
 Metaspace       used 68728K, capacity 71152K, committed 71256K, reserved 1112064K
  class space    used 8986K, capacity 9570K, committed 9600K, reserved 1048576K

Deoptimization events (10 events):
Event: 75,779 Thread 0x00007f149507d800 Uncommon trap: reason=unstable_if action=reinterpret pc=0x00007f14e6734d20 method=java.util.concurrent.locks.AbstractQueuedSynchronizer.acquireQueued(Ljava/util/concurrent/locks/AbstractQueuedSynchronizer$Node;I)Z @ 70
Event: 75,781 Thread 0x00007f1498008000 Uncommon trap: reason=class_check action=maybe_recompile pc=0x00007f14e5fc306c method=org.gradle.internal.logging.sink.ProgressLogEventGenerator.onOutput(Lorg/gradle/internal/logging/events/OutputEvent;)V @ 45
Event: 75,795 Thread 0x00007f1498008000 Uncommon trap: reason=class_check action=maybe_recompile pc=0x00007f14e5fc306c method=org.gradle.internal.logging.sink.ProgressLogEventGenerator.onOutput(Lorg/gradle/internal/logging/events/OutputEvent;)V @ 45
Event: 75,796 Thread 0x00007f1498008000 Uncommon trap: reason=class_check action=maybe_recompile pc=0x00007f14e5fc306c method=org.gradle.internal.logging.sink.ProgressLogEventGenerator.onOutput(Lorg/gradle/internal/logging/events/OutputEvent;)V @ 45
Event: 75,989 Thread 0x00007f1498008000 Uncommon trap: reason=speculate_class_check action=maybe_recompile pc=0x00007f14e5fd6df8 method=java.util.concurrent.locks.ReentrantReadWriteLock$Sync.tryAcquireShared(I)I @ 33
Event: 76,009 Thread 0x00007f1498008000 Uncommon trap: reason=unstable_if action=reinterpret pc=0x00007f14e5fd6e34 method=java.util.concurrent.locks.ReentrantReadWriteLock$Sync.tryAcquireShared(I)I @ 13
Event: 76,082 Thread 0x00007f1498008000 Uncommon trap: reason=bimorphic action=maybe_recompile pc=0x00007f14e6629460 method=com.google.common.cache.LocalCache$Segment.storeLoadedValue(Ljava/lang/Object;ILcom/google/common/cache/LocalCache$LoadingValueReference;Ljava/lang/Object;)Z @ 91
Event: 76,089 Thread 0x00007f1498008000 Uncommon trap: reason=bimorphic action=maybe_recompile pc=0x00007f14e6629460 method=com.google.common.cache.LocalCache$Segment.storeLoadedValue(Ljava/lang/Object;ILcom/google/common/cache/LocalCache$LoadingValueReference;Ljava/lang/Object;)Z @ 91
Event: 76,099 Thread 0x00007f1498008000 Uncommon trap: reason=bimorphic action=maybe_recompile pc=0x00007f14e6629460 method=com.google.common.cache.LocalCache$Segment.storeLoadedValue(Ljava/lang/Object;ILcom/google/common/cache/LocalCache$LoadingValueReference;Ljava/lang/Object;)Z @ 91
Event: 76,099 Thread 0x00007f1498008000 Uncommon trap: reason=bimorphic action=maybe_recompile pc=0x00007f14e6629460 method=com.google.common.cache.LocalCache$Segment.storeLoadedValue(Ljava/lang/Object;ILcom/google/common/cache/LocalCache$LoadingValueReference;Ljava/lang/Object;)Z @ 91

Classes redefined (0 events):
No events

Internal exceptions (10 events):
Event: 69,610 Thread 0x00007f1468050000 Exception <a 'sun/nio/fs/UnixException'> (0x00000000e0f16c60) thrown at [/ssd/Android/AOSP-openjdk-git/jdk8u/hotspot/src/share/vm/prims/jni.cpp, line 709]
Event: 69,630 Thread 0x00007f1468050000 Exception <a 'sun/nio/fs/UnixException'> (0x00000000e0f4f4b8) thrown at [/ssd/Android/AOSP-openjdk-git/jdk8u/hotspot/src/share/vm/prims/jni.cpp, line 709]
Event: 69,668 Thread 0x00007f1468050000 Exception <a 'sun/nio/fs/UnixException'> (0x00000000e10e6e50) thrown at [/ssd/Android/AOSP-openjdk-git/jdk8u/hotspot/src/share/vm/prims/jni.cpp, line 709]
Event: 69,682 Thread 0x00007f1468050000 Exception <a 'sun/nio/fs/UnixException'> (0x00000000e1107c58) thrown at [/ssd/Android/AOSP-openjdk-git/jdk8u/hotspot/src/share/vm/prims/jni.cpp, line 709]
Event: 69,682 Thread 0x00007f14741d1800 Exception <a 'sun/nio/fs/UnixException'> (0x00000000e1012cf0) thrown at [/ssd/Android/AOSP-openjdk-git/jdk8u/hotspot/src/share/vm/prims/jni.cpp, line 709]
Event: 70,858 Thread 0x00007f1468050000 Exception <a 'sun/nio/fs/UnixException'> (0x00000000e4970a78) thrown at [/ssd/Android/AOSP-openjdk-git/jdk8u/hotspot/src/share/vm/prims/jni.cpp, line 709]
Event: 70,869 Thread 0x00007f14741d1800 Exception <a 'sun/nio/fs/UnixException'> (0x00000000e4853cd0) thrown at [/ssd/Android/AOSP-openjdk-git/jdk8u/hotspot/src/share/vm/prims/jni.cpp, line 709]
Event: 70,882 Thread 0x00007f14741d1800 Exception <a 'sun/nio/fs/UnixException'> (0x00000000e4870ba8) thrown at [/ssd/Android/AOSP-openjdk-git/jdk8u/hotspot/src/share/vm/prims/jni.cpp, line 709]
Event: 71,335 Thread 0x00007f1468050000 Exception <a 'sun/nio/fs/UnixException'> (0x00000000e61fbbb0) thrown at [/ssd/Android/AOSP-openjdk-git/jdk8u/hotspot/src/share/vm/prims/jni.cpp, line 709]
Event: 73,228 Thread 0x00007f1494d89000 Exception <a 'java/io/IOException'> (0x00000000e8caa128) thrown at [/ssd/Android/AOSP-openjdk-git/jdk8u/hotspot/src/share/vm/prims/jni.cpp, line 709]

Events (10 events):
Event: 76,090 loading class org/gradle/language/base/plugins/LifecycleBasePlugin$1$1 done
Event: 76,098 Thread 0x00007f1498008000 Uncommon trap: trap_request=0xffffffc6 fr.pc=0x00007f14e6629460
Event: 76,099 Thread 0x00007f1498008000 DEOPT PACKING pc=0x00007f14e6629460 sp=0x00007f14d706ce50
Event: 76,099 Thread 0x00007f1498008000 DEOPT UNPACKING pc=0x00007f14e5004f69 sp=0x00007f14d706ce20 mode 2
Event: 76,099 Thread 0x00007f1498008000 Uncommon trap: trap_request=0xffffffc6 fr.pc=0x00007f14e6629460
Event: 76,099 Thread 0x00007f1498008000 DEOPT PACKING pc=0x00007f14e6629460 sp=0x00007f14d706d1c0
Event: 76,099 Thread 0x00007f1498008000 DEOPT UNPACKING pc=0x00007f14e5004f69 sp=0x00007f14d706d190 mode 2
Event: 76,110 loading class org/gradle/api/plugins/HelpTasksPlugin$Rules$1
Event: 76,110 loading class org/gradle/api/plugins/HelpTasksPlugin$Rules$1 done
Event: 76,112 Executing VM operation: ParallelGCFailedAllocation


Dynamic libraries:
00400000-00401000 r-xp 00000000 00:2a 6691774                            /home/jm/Documents/android-studio/jre/bin/java
00600000-00601000 r--p 00000000 00:2a 6691774                            /home/jm/Documents/android-studio/jre/bin/java
00601000-00602000 rw-p 00001000 00:2a 6691774                            /home/jm/Documents/android-studio/jre/bin/java
010cb000-010ec000 rw-p 00000000 00:00 0                                  [heap]
a0000000-a4a00000 rw-p 00000000 00:00 0 
a4a00000-e0000000 ---p 00000000 00:00 0 
e0000000-f4d80000 rw-p 00000000 00:00 0 
fa700000-100000000 ---p 00000000 00:00 0 
100000000-100960000 rw-p 00000000 00:00 0 
100960000-140000000 ---p 00000000 00:00 0 
7f1460000000-7f146010f000 rw-p 00000000 00:00 0 
7f146010f000-7f1464000000 ---p 00000000 00:00 0 
7f1464a36000-7f1464a76000 rw-p 00000000 00:00 0 
7f1464a76000-7f1464c39000 ---p 00000000 00:00 0 
7f1464c39000-7f1464d37000 rw-p 00000000 00:00 0 
7f1464d37000-7f1464d3a000 ---p 00000000 00:00 0 
7f1464d3a000-7f1464e38000 rw-p 00000000 00:00 0 
7f1464e38000-7f1464e3b000 ---p 00000000 00:00 0 
7f1464e3b000-7f1464f39000 rw-p 00000000 00:00 0 
7f1464f39000-7f1464f3c000 ---p 00000000 00:00 0 
7f1464f3c000-7f146503a000 rw-p 00000000 00:00 0 
7f146503a000-7f146503d000 ---p 00000000 00:00 0 
7f146503d000-7f146513b000 rw-p 00000000 00:00 0 
7f146513b000-7f146513e000 ---p 00000000 00:00 0 
7f146513e000-7f146523c000 rw-p 00000000 00:00 0 
7f146523c000-7f146523f000 ---p 00000000 00:00 0 
7f146523f000-7f146533d000 rw-p 00000000 00:00 0 
7f146533d000-7f1465340000 ---p 00000000 00:00 0 
7f1465340000-7f146543e000 rw-p 00000000 00:00 0 
7f146543e000-7f1465441000 ---p 00000000 00:00 0 
7f1465441000-7f146553f000 rw-p 00000000 00:00 0 
7f146553f000-7f1465542000 ---p 00000000 00:00 0 
7f1465542000-7f1465640000 rw-p 00000000 00:00 0 
7f1465640000-7f1465643000 ---p 00000000 00:00 0 
7f1465643000-7f1465741000 rw-p 00000000 00:00 0 
7f1465741000-7f1465744000 ---p 00000000 00:00 0 
7f1465744000-7f1465842000 rw-p 00000000 00:00 0 
7f1465842000-7f1465845000 ---p 00000000 00:00 0 
7f1465845000-7f1465b43000 rw-p 00000000 00:00 0 
7f1465b43000-7f1465d43000 rw-p 00000000 00:00 0 
7f1465d43000-7f1465f43000 rw-p 00000000 00:00 0 
7f1465f43000-7f1466143000 rw-p 00000000 00:00 0 
7f1466143000-7f1466343000 rw-p 00000000 00:00 0 
7f1466343000-7f1466543000 rw-p 00000000 00:00 0 
7f1466543000-7f1466546000 ---p 00000000 00:00 0 
7f1466546000-7f1466644000 rw-p 00000000 00:00 0 
7f1466644000-7f1466647000 ---p 00000000 00:00 0 
7f1466647000-7f1466745000 rw-p 00000000 00:00 0 
7f1466745000-7f1466748000 ---p 00000000 00:00 0 
7f1466748000-7f1466846000 rw-p 00000000 00:00 0 
7f1466846000-7f1466849000 ---p 00000000 00:00 0 
7f1466849000-7f146687f000 rw-p 00000000 00:00 0 
7f146687f000-7f1466882000 ---p 00000000 00:00 0 
7f1466882000-7f1466980000 rw-p 00000000 00:00 0 
7f1466980000-7f1466983000 ---p 00000000 00:00 0 
7f1466983000-7f1466a81000 rw-p 00000000 00:00 0 
7f1466a81000-7f1466a84000 ---p 00000000 00:00 0 
7f1466a84000-7f1466b82000 rw-p 00000000 00:00 0 
7f1466b82000-7f1466b85000 ---p 00000000 00:00 0 
7f1466b85000-7f1466c83000 rw-p 00000000 00:00 0 
7f1466c83000-7f1466c86000 ---p 00000000 00:00 0 
7f1466c86000-7f1466d84000 rw-p 00000000 00:00 0 
7f1466d84000-7f1466d87000 ---p 00000000 00:00 0 
7f1466d87000-7f1466e85000 rw-p 00000000 00:00 0 
7f1466e85000-7f1466e88000 ---p 00000000 00:00 0 
7f1466e88000-7f1466ebe000 rw-p 00000000 00:00 0 
7f1466ebe000-7f1466ec1000 ---p 00000000 00:00 0 
7f1466ec1000-7f1466ef7000 rw-p 00000000 00:00 0 
7f1466ef7000-7f1466efa000 ---p 00000000 00:00 0 
7f1466efa000-7f1466ff8000 rw-p 00000000 00:00 0 
7f1466ff8000-7f1466ffb000 ---p 00000000 00:00 0 
7f1466ffb000-7f14670f9000 rw-p 00000000 00:00 0 
7f14670f9000-7f14670fc000 ---p 00000000 00:00 0 
7f14670fc000-7f14671fa000 rw-p 00000000 00:00 0 
7f14671fa000-7f14671fd000 ---p 00000000 00:00 0 
7f14671fd000-7f14674fb000 rw-p 00000000 00:00 0 
7f14674fb000-7f14674fe000 ---p 00000000 00:00 0 
7f14674fe000-7f14675fc000 rw-p 00000000 00:00 0 
7f14675fc000-7f14675ff000 ---p 00000000 00:00 0 
7f14675ff000-7f14676fd000 rw-p 00000000 00:00 0 
7f14676fd000-7f1467700000 ---p 00000000 00:00 0 
7f1467700000-7f14677fe000 rw-p 00000000 00:00 0 
7f14677fe000-7f1467801000 ---p 00000000 00:00 0 
7f1467801000-7f14678ff000 rw-p 00000000 00:00 0 
7f14678ff000-7f1467902000 ---p 00000000 00:00 0 
7f1467902000-7f1467c00000 rw-p 00000000 00:00 0 
7f1467c00000-7f1467e00000 rw-p 00000000 00:00 0 
7f1467e00000-7f1468000000 rw-p 00000000 00:00 0 
7f1468000000-7f14680ff000 rw-p 00000000 00:00 0 
7f14680ff000-7f146c000000 ---p 00000000 00:00 0 
7f146c000000-7f146c051000 rw-p 00000000 00:00 0 
7f146c051000-7f1470000000 ---p 00000000 00:00 0 
7f1470000000-7f1470124000 rw-p 00000000 00:00 0 
7f1470124000-7f1474000000 ---p 00000000 00:00 0 
7f1474000000-7f1474445000 rw-p 00000000 00:00 0 
7f1474445000-7f1478000000 ---p 00000000 00:00 0 
7f1478000000-7f1478137000 rw-p 00000000 00:00 0 
7f1478137000-7f147c000000 ---p 00000000 00:00 0 
7f147c000000-7f147c17e000 rw-p 00000000 00:00 0 
7f147c17e000-7f1480000000 ---p 00000000 00:00 0 
7f1480000000-7f1480080000 rw-p 00000000 00:00 0 
7f1480080000-7f1484000000 ---p 00000000 00:00 0 
7f1484000000-7f1484093000 rw-p 00000000 00:00 0 
7f1484093000-7f1488000000 ---p 00000000 00:00 0 
7f1488000000-7f148827e000 rw-p 00000000 00:00 0 
7f148827e000-7f148c000000 ---p 00000000 00:00 0 
7f148c000000-7f148c087000 rw-p 00000000 00:00 0 
7f148c087000-7f1490000000 ---p 00000000 00:00 0 
7f1490000000-7f1490021000 rw-p 00000000 00:00 0 
7f1490021000-7f1494000000 ---p 00000000 00:00 0 
7f1494000000-7f14959b2000 rw-p 00000000 00:00 0 
7f14959b2000-7f1498000000 ---p 00000000 00:00 0 
7f1498000000-7f1498021000 rw-p 00000000 00:00 0 
7f1498021000-7f149c000000 ---p 00000000 00:00 0 
7f149c000000-7f149c030000 rw-p 00000000 00:00 0 
7f149c030000-7f14a0000000 ---p 00000000 00:00 0 
7f14a0000000-7f14a0078000 rw-p 00000000 00:00 0 
7f14a0078000-7f14a4000000 ---p 00000000 00:00 0 
7f14a4000000-7f14a4021000 rw-p 00000000 00:00 0 
7f14a4021000-7f14a8000000 ---p 00000000 00:00 0 
7f14a8000000-7f14a8021000 rw-p 00000000 00:00 0 
7f14a8021000-7f14ac000000 ---p 00000000 00:00 0 
7f14ac000000-7f14ac021000 rw-p 00000000 00:00 0 
7f14ac021000-7f14b0000000 ---p 00000000 00:00 0 
7f14b0000000-7f14b208e000 rw-p 00000000 00:00 0 
7f14b208e000-7f14b4000000 ---p 00000000 00:00 0 
7f14b4000000-7f14b49e6000 rw-p 00000000 00:00 0 
7f14b49e6000-7f14b8000000 ---p 00000000 00:00 0 
7f14b8000000-7f14b8069000 rw-p 00000000 00:00 0 
7f14b8069000-7f14bc000000 ---p 00000000 00:00 0 
7f14bc000000-7f14be41d000 rw-p 00000000 00:00 0 
7f14be41d000-7f14c0000000 ---p 00000000 00:00 0 
7f14c0000000-7f14c0021000 rw-p 00000000 00:00 0 
7f14c0021000-7f14c4000000 ---p 00000000 00:00 0 
7f14c4000000-7f14c4021000 rw-p 00000000 00:00 0 
7f14c4021000-7f14c8000000 ---p 00000000 00:00 0 
7f14c8000000-7f14c811f000 rw-p 00000000 00:00 0 
7f14c811f000-7f14cc000000 ---p 00000000 00:00 0 
7f14cc000000-7f14cc280000 rw-p 00000000 00:00 0 
7f14cc280000-7f14d0000000 ---p 00000000 00:00 0 
7f14d0000000-7f14d013e000 rw-p 00000000 00:00 0 
7f14d013e000-7f14d4000000 ---p 00000000 00:00 0 
7f14d4000000-7f14d4003000 ---p 00000000 00:00 0 
7f14d4003000-7f14d4239000 rw-p 00000000 00:00 0 
7f14d4239000-7f14d424b000 r--s 00345000 00:2a 6691856                    /home/jm/Documents/android-studio/jre/jre/lib/resources.jar
7f14d424b000-7f14d444b000 rw-p 00000000 00:00 0 
7f14d444b000-7f14d464b000 rw-p 00000000 00:00 0 
7f14d464b000-7f14d464e000 r--s 00015000 00:2a 6691855                    /home/jm/Documents/android-studio/jre/jre/lib/jce.jar
7f14d464e000-7f14d484e000 rw-p 00000000 00:00 0 
7f14d484e000-7f14d4851000 ---p 00000000 00:00 0 
7f14d4851000-7f14d4b4f000 rw-p 00000000 00:00 0 
7f14d4b4f000-7f14d4d45000 rw-p 00000000 00:00 0 
7f14d4d45000-7f14d4d4f000 ---p 00000000 00:00 0 
7f14d4d4f000-7f14d4d5a000 r--s 00081000 00:2a 3934144                    /home/jm/.gradle/caches/jars-3/fc6e889a0f45cc9752787eb60f920103/trove4j-20160824.jar
7f14d4d5a000-7f14d4ddd000 r--s 00758000 00:2a 3934142                    /home/jm/.gradle/caches/jars-3/b46ab84062ddfd52701cfe0a9718e764/intellij-core-26.0.1.jar
7f14d4ddd000-7f14d4de3000 r--s 00033000 00:2a 3934140                    /home/jm/.gradle/caches/jars-3/f96c897d327ea500d64fe3af2833bd50/commons-codec-1.6.jar
7f14d4de3000-7f14d4de5000 r--s 0000d000 00:2a 3934138                    /home/jm/.gradle/caches/jars-3/ccc849edcf9fccd61ed937bf93ffe896/commons-logging-1.1.1.jar
7f14d4de5000-7f14d4deb000 r--s 00032000 00:2a 3934136                    /home/jm/.gradle/caches/jars-3/72e344059d1923829968d0d38b0c3c72/httpcore-4.2.5.jar
7f14d4deb000-7f14d4dec000 r--s 00004000 00:2a 3934134                    /home/jm/.gradle/caches/jars-3/3a4299d1ce3e273e7c03a9ccf5a1e333/annotations-12.0.jar
7f14d4dec000-7f14d4ded000 r--s 00000000 00:2a 3934132                    /home/jm/.gradle/caches/jars-3/0e2fbc3b8c56d2975eca90c524790c13/animal-sniffer-annotations-1.14.jar
7f14d4ded000-7f14d4def000 r--s 00001000 00:2a 3934130                    /home/jm/.gradle/caches/jars-3/ad41f8f3ac67c0323ce9eb1c20c8dc3f/j2objc-annotations-1.1.jar
7f14d4def000-7f14d4df0000 r--s 00002000 00:2a 3934128                    /home/jm/.gradle/caches/jars-3/9edb0f46b907c34c4718edabde6c791c/error_prone_annotations-2.0.18.jar
7f14d4df0000-7f14d4df3000 r--s 00006000 00:2a 3934126                    /home/jm/.gradle/caches/jars-3/b58a9bc3bbba42132e4abc0bacae8da1/jsr305-1.3.9.jar
7f14d4df3000-7f14d4df4000 r--s 0000a000 00:2a 3934124                    /home/jm/.gradle/caches/jars-3/5b8b36ed61fe92731031cca3c9b3a0b3/kxml2-2.3.0.jar
7f14d4df4000-7f14d4df6000 r--s 00005000 00:2a 3934122                    /home/jm/.gradle/caches/jars-3/f10e1e1978816198f2eb1189c974b440/httpmime-4.1.jar
7f14d4df6000-7f14d4e00000 r--s 00061000 00:2a 3934120                    /home/jm/.gradle/caches/jars-3/bc4b2527f35dc983f759e8f85f3f8d52/httpclient-4.2.6.jar
7f14d4e00000-7f14d4e09000 r--s 00064000 00:2a 3934118                    /home/jm/.gradle/caches/jars-3/fc37c717528c2a0d27f3e3621835f781/commons-compress-1.12.jar
7f14d4e09000-7f14d4e0e000 r--s 0002e000 00:2a 3934116                    /home/jm/.gradle/caches/jars-3/c5bcda7f6f4809e9c92270f99e51f154/gson-2.3.jar
7f14d4e0e000-7f14d4e1e000 r--s 000d6000 00:2a 3934114                    /home/jm/.gradle/caches/jars-3/dbdb8caed2514263a34702cc763c6785/proguard-base-5.3.3.jar
7f14d4e1e000-7f14d4e20000 r--s 00003000 00:2a 3934112                    /home/jm/.gradle/caches/jars-3/01ab8600ebbfdcaf9b89b45c2b992e82/annotations-13.0.jar
7f14d4e20000-7f14d4e21000 r--s 00001000 00:2a 3934110                    /home/jm/.gradle/caches/jars-3/dccac9b7f67766e57200b1770178f61c/annotations-26.0.1.jar
7f14d4e21000-7f14d4e24000 r--s 00033000 00:2a 3934108                    /home/jm/.gradle/caches/jars-3/0ce03714647bf7bd3c78634c20ddbf38/juniversalchardet-1.0.3.jar
7f14d4e24000-7f14d4e28000 r--s 0002a000 00:2a 3934106                    /home/jm/.gradle/caches/jars-3/9849af6d4b0409ba64061601342f385d/commons-io-2.4.jar
7f14d4e28000-7f14d4e3f000 r--s 00154000 00:2a 3934104                    /home/jm/.gradle/caches/jars-3/57adf9abd30c921d4ea1dfdcfe7b9efd/antlr4-4.5.3.jar
7f14d4e3f000-7f14d4e40000 r--s 00003000 00:2a 3934102                    /home/jm/.gradle/caches/jars-3/54a15dd332fd4c2e246ad396835dc0d2/baseLibrary-3.0.1.jar
7f14d4e40000-7f14d4e70000 r--s 00245000 00:2a 3934100                    /home/jm/.gradle/caches/jars-3/8e27cdebb49ba2f804f9403d90aaaac5/guava-22.0.jar
7f14d4e70000-7f14d4e78000 r--s 000a8000 00:2a 3934098                    /home/jm/.gradle/caches/jars-3/6cc57ce9ec0d90186f781694264d61bc/lombok-ast-0.2.3.jar
7f14d4e78000-7f14d4e7c000 r--s 0002f000 00:2a 3934096                    /home/jm/.gradle/caches/jars-3/505fcc8c47da308b2f1262f0ff3c65f1/jimfs-1.1.jar
7f14d4e7c000-7f14d4e8f000 r--s 00241000 00:2a 3934094                    /home/jm/.gradle/caches/jars-3/d8dc71eb6d91c966c45f7b594129e14a/ecj-4.6.1.jar
7f14d4e8f000-7f14d4e90000 r--s 00003000 00:2a 3934092                    /home/jm/.gradle/caches/jars-3/fdb8f5ebd6a086c4818336712b830716/json-simple-1.1.jar
7f14d4e90000-7f14d4fb5000 r--s 00f5d000 00:2a 3934090                    /home/jm/.gradle/caches/jars-3/dfd566a90e18a0aa75879c33e0731ab8/fastutil-7.2.0.jar
7f14d4fb5000-7f14d5000000 r--s 002ff000 00:2a 3934088                    /home/jm/.gradle/caches/jars-3/d3d44e9a7fcb4a86fb40775c385dd3d0/bcprov-jdk15on-1.56.jar
7f14d5000000-7f14d5011000 r--s 00097000 00:2a 3934086                    /home/jm/.gradle/caches/jars-3/59ebb77d99c5ca0e24bb23272e0329dd/bcpkix-jdk15on-1.56.jar
7f14d5011000-7f14d5013000 r--s 00002000 00:2a 3934084                    /home/jm/.gradle/caches/jars-3/f268e5e8fc83bb846ac355d6a16b1f30/javawriter-2.5.0.jar
7f14d5013000-7f14d5018000 r--s 0003b000 00:2a 3934082                    /home/jm/.gradle/caches/jars-3/91bf67441f6ac57ccbb374f99f9ed0fc/apksig-3.0.1.jar
7f14d5018000-7f14d501b000 r--s 00024000 00:2a 3934080                    /home/jm/.gradle/caches/jars-3/04183dcd1bde85515b23d1bbd46ea9bc/common-26.0.1.jar
7f14d501b000-7f14d501d000 r--s 00006000 00:2a 3934078                    /home/jm/.gradle/caches/jars-3/a0ea702af2bdb16dfa1a50969b155dea/dvlib-26.0.1.jar
7f14d501d000-7f14d5020000 r--s 00014000 00:2a 3934076                    /home/jm/.gradle/caches/jars-3/6abb718b4b844aa0386163f0c2f6eb72/layoutlib-api-26.0.1.jar
7f14d5020000-7f14d5025000 r--s 0004d000 00:2a 3934074                    /home/jm/.gradle/caches/jars-3/65a80584522712b8832b7c1c03186c4b/ddmlib-26.0.1.jar
7f14d5025000-7f14d5026000 r--s 00003000 00:2a 3934072                    /home/jm/.gradle/caches/jars-3/af01854c900e4906a368ef59064a245d/builder-test-api-3.0.1.jar
7f14d5026000-7f14d5029000 r--s 00007000 00:2a 3934070                    /home/jm/.gradle/caches/jars-3/124ec36ab4edce0919b54d1123daa364/builder-model-3.0.1.jar
7f14d5029000-7f14d5038000 r--s 00130000 00:2a 3934068                    /home/jm/.gradle/caches/jars-3/72ba1443c6adcea1f6ba21e12f0bb0fc/protobuf-java-3.0.0.jar
7f14d5038000-7f14d504b000 r--s 001a8000 00:2a 3934066                    /home/jm/.gradle/caches/jars-3/a1cbdfb97e256e71fcbd29dc4584a785/protos-26.0.1.jar
7f14d504b000-7f14d504c000 r--s 00005000 00:2a 3934064                    /home/jm/.gradle/caches/jars-3/ca5180624b528b15325a5d002dbfbb6d/shared-26.0.1.jar
7f14d504c000-7f14d504e000 r--s 00004000 00:2a 3934062                    /home/jm/.gradle/caches/jars-3/07f12c2b6f66ca8d4d6bd02e9c9b060a/tracker-26.0.1.jar
7f14d504e000-7f14d5050000 r--s 00002000 00:2a 3934060                    /home/jm/.gradle/caches/jars-3/e91624d2ed1c3b55eec9fd768ed13c1d/proguard-gradle-5.3.3.jar
7f14d5050000-7f14d5052000 r--s 0000f000 00:2a 3934058                    /home/jm/.gradle/caches/jars-3/96760c32d36a5d7066e3ccf088bfd362/jopt-simple-4.9.jar
7f14d5052000-7f14d5056000 r--s 0001e000 00:2a 3934056                    /home/jm/.gradle/caches/jars-3/0d3e95aba631209a078aeec58a76633d/org.jacoco.core-0.7.4.201502262128.jar
7f14d5056000-7f14d5059000 r--s 00020000 00:2a 3934054                    /home/jm/.gradle/caches/jars-3/c72fc284d34f39eab57a4e3ba83405e9/org.jacoco.report-0.7.4.201502262128.jar
7f14d5059000-7f14d505b000 r--s 0000c000 00:2a 3934052                    /home/jm/.gradle/caches/jars-3/9b0a36633c92c6e87e62c81734593183/asm-5.1.jar
7f14d505b000-7f14d505d000 r--s 00006000 00:2a 3934050                    /home/jm/.gradle/caches/jars-3/50c8a7da333c41693b2b7ce95b6d9d89/asm-tree-5.1.jar
7f14d505d000-7f14d505e000 r--s 0000a000 00:2a 3934048                    /home/jm/.gradle/caches/jars-3/c4f1f1d5a624f981d35a78d181e2c418/asm-util-5.1.jar
7f14d505e000-7f14d5060000 r--s 0000a000 00:2a 3934046                    /home/jm/.gradle/caches/jars-3/d37aa405961c464c627b1efe5def81b8/asm-commons-5.1.jar
7f14d5060000-7f14d5061000 r--s 00004000 00:2a 3934044                    /home/jm/.gradle/caches/jars-3/2b2689d10a4425b1cb2d0654db2ea088/asm-analysis-5.1.jar
7f14d5061000-7f14d5070000 r--s 000c8000 00:2a 3934040                    /home/jm/.gradle/caches/jars-3/af931fae44e009148423077fa09abbd1/kotlin-stdlib-1.1.3-2.jar
7f14d5070000-7f14d50a2000 r--s 0021b000 00:2a 3934038                    /home/jm/.gradle/caches/jars-3/24b2127528a18b338af82ff7ea236d45/kotlin-reflect-1.1.3-2.jar
7f14d50a2000-7f14d50a8000 r--s 00030000 00:2a 3934036                    /home/jm/.gradle/caches/jars-3/90ec49f8b88710e2876aefe447609abb/repository-26.0.1.jar
7f14d50a8000-7f14d50b7000 r--s 000da000 00:2a 3934032                    /home/jm/.gradle/caches/jars-3/50767da85151ce151711c301f4a0623c/sdk-common-26.0.1.jar
7f14d50b7000-7f14d52b7000 rw-p 00000000 00:00 0 
7f14d52b7000-7f14d52ba000 ---p 00000000 00:00 0 
7f14d52ba000-7f14d53b8000 rw-p 00000000 00:00 0 
7f14d53b8000-7f14d53bb000 ---p 00000000 00:00 0 
7f14d53bb000-7f14d54b9000 rw-p 00000000 00:00 0 
7f14d54b9000-7f14d54bc000 ---p 00000000 00:00 0 
7f14d54bc000-7f14d55ba000 rw-p 00000000 00:00 0 
7f14d55ba000-7f14d55bd000 ---p 00000000 00:00 0 
7f14d55bd000-7f14d58bb000 rw-p 00000000 00:00 0 
7f14d58bb000-7f14d58be000 ---p 00000000 00:00 0 
7f14d58be000-7f14d5bbc000 rw-p 00000000 00:00 0 
7f14d5bbc000-7f14d5dbc000 rw-p 00000000 00:00 0 
7f14d5dbc000-7f14d5fbc000 rw-p 00000000 00:00 0 
7f14d5fbc000-7f14d61bc000 rw-p 00000000 00:00 0 
7f14d61bc000-7f14d63bc000 rw-p 00000000 00:00 0 
7f14d63bc000-7f14d6435000 r--s 010fd000 00:2a 6691827                    /home/jm/Documents/android-studio/jre/lib/tools.jar
7f14d6435000-7f14d6436000 r--s 00000000 00:2a 3934042                    /home/jm/.gradle/caches/jars-3/5206138fb8a6b2ffbd31e140916c2100/transform-api-2.0.0-deprecated-use-gradle-api.jar
7f14d6436000-7f14d6441000 r--s 0009b000 00:2a 3934034                    /home/jm/.gradle/caches/jars-3/af771564c510a1c104220a8be892ab2d/sdklib-26.0.1.jar
7f14d6441000-7f14d6445000 r--s 00023000 00:2a 3934030                    /home/jm/.gradle/caches/jars-3/186e268c3a12c0a405d658dabf9d64d2/manifest-merger-26.0.1.jar
7f14d6445000-7f14d6449000 r--s 0002e000 00:2a 3934028                    /home/jm/.gradle/caches/jars-3/c519ce7b2f3637e909703f541c08c445/compilerCommon-3.0.1.jar
7f14d6449000-7f14d644b000 r--s 00003000 00:2a 3934026                    /home/jm/.gradle/caches/jars-3/34cfdbf6cad3f54cc2f45521bf0374e7/gradle-api-3.0.1.jar
7f14d644b000-7f14d645a000 r--s 000cb000 00:2a 3934024                    /home/jm/.gradle/caches/jars-3/e5c09abb4b0acf0785ecd8a8015ab959/uast-26.0.1.jar
7f14d645a000-7f14d6461000 r--s 0007f000 00:2a 3934022                    /home/jm/.gradle/caches/jars-3/b1f5a73634581e955e7f89376aea2d48/lint-api-26.0.1.jar
7f14d6461000-7f14d646a000 r--s 000ff000 00:2a 3934020                    /home/jm/.gradle/caches/jars-3/75e696a5531ca85e1fe447df83f74bd2/lint-checks-26.0.1.jar
7f14d646a000-7f14d646d000 r--s 00039000 00:2a 3934018                    /home/jm/.gradle/caches/jars-3/7fa6c4fcdd1d81db4cc9c7439ce29486/lint-26.0.1.jar
7f14d646d000-7f14d649d000 r--s 01983000 00:2a 3934016                    /home/jm/.gradle/caches/jars-3/add7f1627b730db059119a8274a10c21/builder-3.0.1.jar
7f14d649d000-7f14d64c0000 r--s 0020b000 00:2a 3934014                    /home/jm/.gradle/caches/jars-3/4adae2b762c8552c6e3aa2ded1493e4b/gradle-core-3.0.1.jar
7f14d64c0000-7f14d64c2000 r--s 00007000 00:2a 4069886                    /home/jm/.gradle/caches/modules-2/files-2.1/com.google.gms/google-services/3.1.0/166ae4e6acd03b7bbebe221ffa54bc039fece1b9/google-services-3.1.0.jar
7f14d64c2000-7f14d64c4000 r--s 0000f000 00:2a 3934012                    /home/jm/.gradle/caches/jars-3/afd86a0d8507fd7f2e97461eaf9e4416/gradle-3.0.1.jar
7f14d64c4000-7f14d65df000 r--s 02008000 00:2a 3682078                    /home/jm/.gradle/caches/jars-3/9955734f77abc673a38c7cd4c0214af5/android.jar
7f14d65df000-7f14d65e6000 r--s 0002a000 00:2a 3681943                    /home/jm/.gradle/caches/jars-3/fff47aec37b967e571b648d1fc9c6db6/gradle-messaging-3.5.jar
7f14d65e6000-7f14d65eb000 r--s 00041000 00:2a 3681941                    /home/jm/.gradle/caches/jars-3/c0502f5c2cf6dfd52d250e1b7d027d24/commons-lang-2.6.jar
7f14d65eb000-7f14d662d000 r--s 00220000 00:2a 3681939                    /home/jm/.gradle/caches/jars-3/929747bc6b973b44297e9c57df71598d/gradle-core-3.5.jar
7f14d662d000-7f14d6636000 r--s 00047000 00:2a 3681937                    /home/jm/.gradle/caches/jars-3/11d06a5dce89fe5632250b7df00a3d57/gradle-base-services-3.5.jar
7f14d6636000-7f14d665e000 r--s 001cf000 00:2a 3681935                    /home/jm/.gradle/caches/jars-3/566e7e0f530f75a42eba4833ef84d88c/guava-jdk5-17.0.jar
7f14d665e000-7f14d666c000 r--s 00043000 00:2a 3681933                    /home/jm/.gradle/caches/jars-3/c0d1da18a547ef3a2ba66d3068ae6e09/gradle-tooling-api-3.5.jar
7f14d666c000-7f14d666f000 ---p 00000000 00:00 0 
7f14d666f000-7f14d696d000 rw-p 00000000 00:00 0 
7f14d696d000-7f14d6970000 ---p 00000000 00:00 0 
7f14d6970000-7f14d6a6e000 rw-p 00000000 00:00 0 
7f14d6a6e000-7f14d6a71000 ---p 00000000 00:00 0 
7f14d6a71000-7f14d6d6f000 rw-p 00000000 00:00 0 
7f14d6d6f000-7f14d6d72000 ---p 00000000 00:00 0 
7f14d6d72000-7f14d6e70000 rw-p 00000000 00:00 0 
7f14d6e70000-7f14d6e73000 ---p 00000000 00:00 0 
7f14d6e73000-7f14d6f71000 rw-p 00000000 00:00 0 
7f14d6f71000-7f14d6f74000 ---p 00000000 00:00 0 
7f14d6f74000-7f14d7072000 rw-p 00000000 00:00 0 
7f14d7072000-7f14d7075000 ---p 00000000 00:00 0 
7f14d7075000-7f14d7173000 rw-p 00000000 00:00 0 
7f14d7173000-7f14d7176000 ---p 00000000 00:00 0 
7f14d7176000-7f14d7274000 rw-p 00000000 00:00 0 
7f14d7274000-7f14d7277000 ---p 00000000 00:00 0 
7f14d7277000-7f14d7375000 rw-p 00000000 00:00 0 
7f14d7375000-7f14d7378000 ---p 00000000 00:00 0 
7f14d7378000-7f14d7476000 rw-p 00000000 00:00 0 
7f14d7476000-7f14d747d000 r--s 00000000 08:05 7089411                    /usr/lib/x86_64-linux-gnu/gconv/gconv-modules.cache
7f14d747d000-7f14d7480000 ---p 00000000 00:00 0 
7f14d7480000-7f14d757e000 rw-p 00000000 00:00 0 
7f14d757e000-7f14d7583000 r--s 0009a000 00:2a 6691952                    /home/jm/Documents/android-studio/jre/jre/lib/jsse.jar
7f14d7583000-7f14d7783000 rw-p 00000000 00:00 0 
7f14d7783000-7f14d778c000 r-xp 00000000 00:2a 6691905                    /home/jm/Documents/android-studio/jre/jre/lib/amd64/libmanagement.so
7f14d778c000-7f14d798b000 ---p 00009000 00:2a 6691905                    /home/jm/Documents/android-studio/jre/jre/lib/amd64/libmanagement.so
7f14d798b000-7f14d798c000 r--p 00008000 00:2a 6691905                    /home/jm/Documents/android-studio/jre/jre/lib/amd64/libmanagement.so
7f14d798c000-7f14d798d000 rw-p 00009000 00:2a 6691905                    /home/jm/Documents/android-studio/jre/jre/lib/amd64/libmanagement.so
7f14d798d000-7f14d798f000 r--s 00007000 00:2a 3676611                    /home/jm/.gradle/wrapper/dists/gradle-4.1-all/bzyivzo6n839fup2jbap0tjew/gradle-4.1/lib/plugins/gradle-tooling-api-builders-4.1.jar
7f14d798f000-7f14d7992000 r--s 00009000 00:2a 3676621                    /home/jm/.gradle/wrapper/dists/gradle-4.1-all/bzyivzo6n839fup2jbap0tjew/gradle-4.1/lib/plugins/gradle-testing-native-4.1.jar
7f14d7992000-7f14d7994000 r--s 00009000 00:2a 3676694                    /home/jm/.gradle/wrapper/dists/gradle-4.1-all/bzyivzo6n839fup2jbap0tjew/gradle-4.1/lib/plugins/hamcrest-core-1.3.jar
7f14d7994000-7f14d7999000 r--s 00040000 00:2a 3676689                    /home/jm/.gradle/wrapper/dists/gradle-4.1-all/bzyivzo6n839fup2jbap0tjew/gradle-4.1/lib/plugins/bsh-2.0b4.jar
7f14d7999000-7f14d799b000 r--s 00006000 00:2a 3676690                    /home/jm/.gradle/wrapper/dists/gradle-4.1-all/bzyivzo6n839fup2jbap0tjew/gradle-4.1/lib/plugins/jcommander-1.12.jar
7f14d799b000-7f14d79a1000 r--s 00033000 00:2a 3676691                    /home/jm/.gradle/wrapper/dists/gradle-4.1-all/bzyivzo6n839fup2jbap0tjew/gradle-4.1/lib/plugins/snakeyaml-1.6.jar
7f14d79a1000-7f14d79aa000 r--s 00089000 00:2a 3676649                    /home/jm/.gradle/wrapper/dists/gradle-4.1-all/bzyivzo6n839fup2jbap0tjew/gradle-4.1/lib/plugins/testng-6.3.1.jar
7f14d79aa000-7f14d79b2000 r--s 00045000 00:2a 3676650                    /home/jm/.gradle/wrapper/dists/gradle-4.1-all/bzyivzo6n839fup2jbap0tjew/gradle-4.1/lib/plugins/junit-4.12.jar
7f14d79b2000-7f14d79b8000 r--s 0002e000 00:2a 3676617                    /home/jm/.gradle/wrapper/dists/gradle-4.1-all/bzyivzo6n839fup2jbap0tjew/gradle-4.1/lib/plugins/gradle-testing-jvm-4.1.jar
7f14d79b8000-7f14d79bc000 r--s 00017000 00:2a 3676625                    /home/jm/.gradle/wrapper/dists/gradle-4.1-all/bzyivzo6n839fup2jbap0tjew/gradle-4.1/lib/plugins/gradle-testing-base-4.1.jar
7f14d79bc000-7f14d79c3000 r--s 00038000 00:2a 3676645                    /home/jm/.gradle/wrapper/dists/gradle-4.1-all/bzyivzo6n839fup2jbap0tjew/gradle-4.1/lib/plugins/bcpg-jdk15on-1.51.jar
7f14d79c3000-7f14d79c5000 r--s 0000c000 00:2a 3676596                    /home/jm/.gradle/wrapper/dists/gradle-4.1-all/bzyivzo6n839fup2jbap0tjew/gradle-4.1/lib/plugins/gradle-signing-4.1.jar
7f14d79c5000-7f14d79c7000 r--s 00007000 00:2a 3676602                    /home/jm/.gradle/wrapper/dists/gradle-4.1-all/bzyivzo6n839fup2jbap0tjew/gradle-4.1/lib/plugins/gradle-scala-4.1.jar
7f14d79c7000-7f14d79d7000 r--s 00088000 00:2a 3676662                    /home/jm/.gradle/wrapper/dists/gradle-4.1-all/bzyivzo6n839fup2jbap0tjew/gradle-4.1/lib/plugins/joda-time-2.8.2.jar
7f14d79d7000-7f14d79e8000 r--s 0010d000 00:2a 3676661                    /home/jm/.gradle/wrapper/dists/gradle-4.1-all/bzyivzo6n839fup2jbap0tjew/gradle-4.1/lib/plugins/jackson-databind-2.6.6.jar
7f14d79e8000-7f14d79eb000 r--s 00009000 00:2a 3676660                    /home/jm/.gradle/wrapper/dists/gradle-4.1-all/bzyivzo6n839fup2jbap0tjew/gradle-4.1/lib/plugins/jackson-annotations-2.6.6.jar
7f14d79eb000-7f14d79ef000 r--s 0003c000 00:2a 3676659                    /home/jm/.gradle/wrapper/dists/gradle-4.1-all/bzyivzo6n839fup2jbap0tjew/gradle-4.1/lib/plugins/jackson-core-2.6.6.jar
7f14d79ef000-7f14d79fd000 r--s 00087000 00:2a 3676658                    /home/jm/.gradle/wrapper/dists/gradle-4.1-all/bzyivzo6n839fup2jbap0tjew/gradle-4.1/lib/plugins/aws-java-sdk-core-1.11.6.jar
7f14d79fd000-7f14d7a04000 r--s 00057000 00:2a 3676657                    /home/jm/.gradle/wrapper/dists/gradle-4.1-all/bzyivzo6n839fup2jbap0tjew/gradle-4.1/lib/plugins/aws-java-sdk-kms-1.11.6.jar
7f14d7a04000-7f14d7a11000 r--s 0008e000 00:2a 3676656                    /home/jm/.gradle/wrapper/dists/gradle-4.1-all/bzyivzo6n839fup2jbap0tjew/gradle-4.1/lib/plugins/aws-java-sdk-s3-1.11.6.jar
7f14d7a11000-7f14d7a13000 r--s 00004000 00:2a 3676630                    /home/jm/.gradle/wrapper/dists/gradle-4.1-all/bzyivzo6n839fup2jbap0tjew/gradle-4.1/lib/plugins/gradle-resources-s3-4.1.jar
7f14d7a13000-7f14d7a15000 r--s 00010000 00:2a 3676626                    /home/jm/.gradle/wrapper/dists/gradle-4.1-all/bzyivzo6n839fup2jbap0tjew/gradle-4.1/lib/plugins/gradle-reporting-4.1.jar
7f14d7a15000-7f14d7a17000 r--s 00002000 00:2a 3676627                    /home/jm/.gradle/wrapper/dists/gradle-4.1-all/bzyivzo6n839fup2jbap0tjew/gradle-4.1/lib/plugins/gradle-publish-4.1.jar
7f14d7a17000-7f14d7a19000 r--s 00009000 00:2a 3676638                    /home/jm/.gradle/wrapper/dists/gradle-4.1-all/bzyivzo6n839fup2jbap0tjew/gradle-4.1/lib/plugins/commons-cli-1.2.jar
7f14d7a19000-7f14d7a1f000 r--s 00036000 00:2a 3676610                    /home/jm/.gradle/wrapper/dists/gradle-4.1-all/bzyivzo6n839fup2jbap0tjew/gradle-4.1/lib/plugins/gradle-plugins-4.1.jar
7f14d7a1f000-7f14d7a25000 r--s 0002b000 00:2a 3676605                    /home/jm/.gradle/wrapper/dists/gradle-4.1-all/bzyivzo6n839fup2jbap0tjew/gradle-4.1/lib/plugins/gradle-platform-play-4.1.jar
7f14d7a25000-7f14d7a34000 r--s 0005b000 00:2a 3676623                    /home/jm/.gradle/wrapper/dists/gradle-4.1-all/bzyivzo6n839fup2jbap0tjew/gradle-4.1/lib/plugins/gradle-platform-native-4.1.jar
7f14d7a34000-7f14d7a38000 r--s 0001b000 00:2a 3676620                    /home/jm/.gradle/wrapper/dists/gradle-4.1-all/bzyivzo6n839fup2jbap0tjew/gradle-4.1/lib/plugins/gradle-platform-jvm-4.1.jar
7f14d7a38000-7f14d7a40000 r--s 00027000 00:2a 3676628                    /home/jm/.gradle/wrapper/dists/gradle-4.1-all/bzyivzo6n839fup2jbap0tjew/gradle-4.1/lib/plugins/gradle-platform-base-4.1.jar
7f14d7a40000-7f14d7a68000 r--s 0021c000 00:2a 3676639                    /home/jm/.gradle/wrapper/dists/gradle-4.1-all/bzyivzo6n839fup2jbap0tjew/gradle-4.1/lib/plugins/biz.aQute.bndlib-3.2.0.jar
7f14d7a68000-7f14d7a7e000 r-xp 00000000 08:05 4461093                    /lib/x86_64-linux-gnu/libgcc_s.so.1
7f14d7a7e000-7f14d7c7d000 ---p 00016000 08:05 4461093                    /lib/x86_64-linux-gnu/libgcc_s.so.1
7f14d7c7d000-7f14d7c7e000 rw-p 00015000 08:05 4461093                    /lib/x86_64-linux-gnu/libgcc_s.so.1
7f14d7c7e000-7f14d7df0000 r-xp 00000000 08:05 6815932                    /usr/lib/x86_64-linux-gnu/libstdc++.so.6.0.21
7f14d7df0000-7f14d7ff0000 ---p 00172000 08:05 6815932                    /usr/lib/x86_64-linux-gnu/libstdc++.so.6.0.21
7f14d7ff0000-7f14d7ffa000 r--p 00172000 08:05 6815932                    /usr/lib/x86_64-linux-gnu/libstdc++.so.6.0.21
7f14d7ffa000-7f14d7ffc000 rw-p 0017c000 08:05 6815932                    /usr/lib/x86_64-linux-gnu/libstdc++.so.6.0.21
7f14d7ffc000-7f14d8000000 rw-p 00000000 00:00 0 
7f14d8000000-7f14d8143000 rw-p 00000000 00:00 0 
7f14d8143000-7f14dc000000 ---p 00000000 00:00 0 
7f14dc000000-7f14dc001000 r--s 00004000 00:2a 3676633                    /home/jm/.gradle/wrapper/dists/gradle-4.1-all/bzyivzo6n839fup2jbap0tjew/gradle-4.1/lib/plugins/gradle-resources-sftp-4.1.jar
7f14dc001000-7f14dc003000 r--s 00009000 00:2a 3676597                    /home/jm/.gradle/wrapper/dists/gradle-4.1-all/bzyivzo6n839fup2jbap0tjew/gradle-4.1/lib/plugins/gradle-plugin-development-4.1.jar
7f14dc003000-7f14dc004000 r--s 00004000 00:2a 3676595                    /home/jm/.gradle/wrapper/dists/gradle-4.1-all/bzyivzo6n839fup2jbap0tjew/gradle-4.1/lib/plugins/gradle-osgi-4.1.jar
7f14dc004000-7f14dc007000 r--s 0000c000 00:2a 3676642                    /home/jm/.gradle/wrapper/dists/gradle-4.1-all/bzyivzo6n839fup2jbap0tjew/gradle-4.1/lib/plugins/pmaven-groovy-0.8-20100325.jar
7f14dc007000-7f14dc008000 r--s 00004000 00:2a 3676641                    /home/jm/.gradle/wrapper/dists/gradle-4.1-all/bzyivzo6n839fup2jbap0tjew/gradle-4.1/lib/plugins/pmaven-common-0.8-20100325.jar
7f14dc008000-7f14dc00e000 r--s 00023000 00:2a 3676598                    /home/jm/.gradle/wrapper/dists/gradle-4.1-all/bzyivzo6n839fup2jbap0tjew/gradle-4.1/lib/plugins/gradle-maven-4.1.jar
7f14dc00e000-7f14dc011000 r--s 0000b000 00:2a 3676616                    /home/jm/.gradle/wrapper/dists/gradle-4.1-all/bzyivzo6n839fup2jbap0tjew/gradle-4.1/lib/plugins/gradle-language-scala-4.1.jar
7f14dc011000-7f14dc018000 r--s 00020000 00:2a 3676622                    /home/jm/.gradle/wrapper/dists/gradle-4.1-all/bzyivzo6n839fup2jbap0tjew/gradle-4.1/lib/plugins/gradle-language-native-4.1.jar
7f14dc018000-7f14dc01a000 r--s 00005000 00:2a 3676619                    /home/jm/.gradle/wrapper/dists/gradle-4.1-all/bzyivzo6n839fup2jbap0tjew/gradle-4.1/lib/plugins/gradle-language-jvm-4.1.jar
7f14dc01a000-7f14dc021000 r--s 0002f000 00:2a 3676618                    /home/jm/.gradle/wrapper/dists/gradle-4.1-all/bzyivzo6n839fup2jbap0tjew/gradle-4.1/lib/plugins/gradle-language-java-4.1.jar
7f14dc021000-7f14dc024000 r--s 0000a000 00:2a 3676615                    /home/jm/.gradle/wrapper/dists/gradle-4.1-all/bzyivzo6n839fup2jbap0tjew/gradle-4.1/lib/plugins/gradle-language-groovy-4.1.jar
7f14dc024000-7f14dc02b000 r--s 00035000 00:2a 3676648                    /home/jm/.gradle/wrapper/dists/gradle-4.1-all/bzyivzo6n839fup2jbap0tjew/gradle-4.1/lib/plugins/simple-4.1.21.jar
7f14dc02b000-7f14dc037000 r--s 00100000 00:2a 3676646                    /home/jm/.gradle/wrapper/dists/gradle-4.1-all/bzyivzo6n839fup2jbap0tjew/gradle-4.1/lib/plugins/rhino-1.7R3.jar
7f14dc037000-7f14dc03b000 r--s 00012000 00:2a 3676606                    /home/jm/.gradle/wrapper/dists/gradle-4.1-all/bzyivzo6n839fup2jbap0tjew/gradle-4.1/lib/plugins/gradle-javascript-4.1.jar
7f14dc03b000-7f14dc03e000 r--s 00011000 00:2a 3676608                    /home/jm/.gradle/wrapper/dists/gradle-4.1-all/bzyivzo6n839fup2jbap0tjew/gradle-4.1/lib/plugins/gradle-jacoco-4.1.jar
7f14dc03e000-7f14dc041000 r--s 0000e000 00:2a 3676607                    /home/jm/.gradle/wrapper/dists/gradle-4.1-all/bzyivzo6n839fup2jbap0tjew/gradle-4.1/lib/plugins/gradle-ivy-4.1.jar
7f14dc041000-7f14dc042000 r--s 00002000 00:2a 3676599                    /home/jm/.gradle/wrapper/dists/gradle-4.1-all/bzyivzo6n839fup2jbap0tjew/gradle-4.1/lib/plugins/gradle-ide-play-4.1.jar
7f14dc042000-7f14dc045000 r--s 00013000 00:2a 3676600                    /home/jm/.gradle/wrapper/dists/gradle-4.1-all/bzyivzo6n839fup2jbap0tjew/gradle-4.1/lib/plugins/gradle-ide-native-4.1.jar
7f14dc045000-7f14dc04f000 r--s 00054000 00:2a 3676601                    /home/jm/.gradle/wrapper/dists/gradle-4.1-all/bzyivzo6n839fup2jbap0tjew/gradle-4.1/lib/plugins/gradle-ide-4.1.jar
7f14dc04f000-7f14dc051000 r--s 00007000 00:2a 3676604                    /home/jm/.gradle/wrapper/dists/gradle-4.1-all/bzyivzo6n839fup2jbap0tjew/gradle-4.1/lib/plugins/gradle-ear-4.1.jar
7f14dc051000-7f14dc053000 r--s 00005000 00:2a 3676636                    /home/jm/.gradle/wrapper/dists/gradle-4.1-all/bzyivzo6n839fup2jbap0tjew/gradle-4.1/lib/plugins/jatl-0.2.2.jar
7f14dc053000-7f14dc05a000 r--s 00038000 00:2a 3676624                    /home/jm/.gradle/wrapper/dists/gradle-4.1-all/bzyivzo6n839fup2jbap0tjew/gradle-4.1/lib/plugins/gradle-diagnostics-4.1.jar
7f14dc05a000-7f14dc05c000 r--s 0000b000 00:2a 3676613                    /home/jm/.gradle/wrapper/dists/gradle-4.1-all/bzyivzo6n839fup2jbap0tjew/gradle-4.1/lib/plugins/gradle-composite-builds-4.1.jar
7f14dc05c000-7f14dc061000 r--s 00025000 00:2a 3676593                    /home/jm/.gradle/wrapper/dists/gradle-4.1-all/bzyivzo6n839fup2jbap0tjew/gradle-4.1/lib/plugins/gradle-code-quality-4.1.jar
7f14dc061000-7f14dc066000 r--s 00022000 00:2a 3676609                    /home/jm/.gradle/wrapper/dists/gradle-4.1-all/bzyivzo6n839fup2jbap0tjew/gradle-4.1/lib/plugins/gradle-build-init-4.1.jar
7f14dc066000-7f14dc06c000 r--s 0008e000 00:2a 3676603                    /home/jm/.gradle/wrapper/dists/gradle-4.1-all/bzyivzo6n839fup2jbap0tjew/gradle-4.1/lib/plugins/gradle-build-comparison-4.1.jar
7f14dc06c000-7f14dc06d000 r--s 00002000 00:2a 3676631                    /home/jm/.gradle/wrapper/dists/gradle-4.1-all/bzyivzo6n839fup2jbap0tjew/gradle-4.1/lib/plugins/gradle-build-cache-http-4.1.jar
7f14dc06d000-7f14dc06f000 r--s 00008000 00:2a 3676594                    /home/jm/.gradle/wrapper/dists/gradle-4.1-all/bzyivzo6n839fup2jbap0tjew/gradle-4.1/lib/plugins/gradle-antlr-4.1.jar
7f14dc06f000-7f14dc071000 r--s 00004000 00:2a 3676614                    /home/jm/.gradle/wrapper/dists/gradle-4.1-all/bzyivzo6n839fup2jbap0tjew/gradle-4.1/lib/plugins/gradle-announce-4.1.jar
7f14dc071000-7f14dc073000 r--s 00008000 00:2a 3676534                    /home/jm/.gradle/wrapper/dists/gradle-4.1-all/bzyivzo6n839fup2jbap0tjew/gradle-4.1/lib/gradle-kotlin-dsl-tooling-builders-0.10.3.jar
7f14dc073000-7f14dc076000 r--s 0001c000 00:2a 3676652                    /home/jm/.gradle/wrapper/dists/gradle-4.1-all/bzyivzo6n839fup2jbap0tjew/gradle-4.1/lib/plugins/nekohtml-1.9.14.jar
7f14dc076000-7f14dc07e000 r--s 00028000 00:2a 3676693                    /home/jm/.gradle/wrapper/dists/gradle-4.1-all/bzyivzo6n839fup2jbap0tjew/gradle-4.1/lib/plugins/xml-apis-1.3.04.jar
7f14dc07e000-7f14dc096000 r--s 00115000 00:2a 3676653                    /home/jm/.gradle/wrapper/dists/gradle-4.1-all/bzyivzo6n839fup2jbap0tjew/gradle-4.1/lib/plugins/xercesImpl-2.9.1.jar
7f14dc096000-7f14dc09c000 r--s 0005b000 00:2a 3676651                    /home/jm/.gradle/wrapper/dists/gradle-4.1-all/bzyivzo6n839fup2jbap0tjew/gradle-4.1/lib/plugins/jcifs-1.3.17.jar
7f14dc09c000-7f14dc0a3000 r--s 00049000 00:2a 3676692                    /home/jm/.gradle/wrapper/dists/gradle-4.1-all/bzyivzo6n839fup2jbap0tjew/gradle-4.1/lib/plugins/httpcore-4.4.4.jar
7f14dc0a3000-7f14dc0a9000 r--s 00033000 00:2a 3676644                    /home/jm/.gradle/wrapper/dists/gradle-4.1-all/bzyivzo6n839fup2jbap0tjew/gradle-4.1/lib/plugins/commons-codec-1.6.jar
7f14dc0a9000-7f14dc0b6000 r--s 000a4000 00:2a 3676637                    /home/jm/.gradle/wrapper/dists/gradle-4.1-all/bzyivzo6n839fup2jbap0tjew/gradle-4.1/lib/plugins/httpclient-4.4.1.jar
7f14dc0b6000-7f14dc0b8000 r--s 0000b000 00:2a 3676632                    /home/jm/.gradle/wrapper/dists/gradle-4.1-all/bzyivzo6n839fup2jbap0tjew/gradle-4.1/lib/plugins/gradle-resources-http-4.1.jar
7f14dc0b8000-7f14dc0bc000 r--s 00017000 00:2a 3676629                    /home/jm/.gradle/wrapper/dists/gradle-4.1-all/bzyivzo6n839fup2jbap0tjew/gradle-4.1/lib/plugins/gradle-plugin-use-4.1.jar
7f14dc0bc000-7f14dc0bd000 r--s 00000000 00:2a 3676540                    /home/jm/.gradle/wrapper/dists/gradle-4.1-all/bzyivzo6n839fup2jbap0tjew/gradle-4.1/lib/gradle-runtime-api-info-4.1.jar
7f14dc0bd000-7f14dc0be000 r--s 00000000 00:2a 3676543                    /home/jm/.gradle/wrapper/dists/gradle-4.1-all/bzyivzo6n839fup2jbap0tjew/gradle-4.1/lib/gradle-installation-beacon-4.1.jar
7f14dc0be000-7f14dc0fe000 r--s 00277000 00:2a 3676664                    /home/jm/.gradle/wrapper/dists/gradle-4.1-all/bzyivzo6n839fup2jbap0tjew/gradle-4.1/lib/plugins/bcprov-jdk15on-1.51.jar
7f14dc0fe000-7f14dc102000 r--s 0001d000 00:2a 3676663                    /home/jm/.gradle/wrapper/dists/gradle-4.1-all/bzyivzo6n839fup2jbap0tjew/gradle-4.1/lib/plugins/xbean-reflect-3.4.jar
7f14dc102000-7f14dc104000 r--s 0000a000 00:2a 3676665                    /home/jm/.gradle/wrapper/dists/gradle-4.1-all/bzyivzo6n839fup2jbap0tjew/gradle-4.1/lib/plugins/maven-settings-3.0.4.jar
7f14dc104000-7f14dc107000 r--s 00008000 00:2a 3676666                    /home/jm/.gradle/wrapper/dists/gradle-4.1-all/bzyivzo6n839fup2jbap0tjew/gradle-4.1/lib/plugins/maven-settings-builder-3.0.4.jar
7f14dc107000-7f14dc10b000 r--s 00033000 00:2a 3676667                    /home/jm/.gradle/wrapper/dists/gradle-4.1-all/bzyivzo6n839fup2jbap0tjew/gradle-4.1/lib/plugins/plexus-utils-2.0.6.jar
7f14dc10b000-7f14dc10d000 r--s 0000d000 00:2a 3676668                    /home/jm/.gradle/wrapper/dists/gradle-4.1-all/bzyivzo6n839fup2jbap0tjew/gradle-4.1/lib/plugins/plexus-interpolation-1.14.jar
7f14dc10d000-7f14dc10f000 r--s 00000000 00:2a 3676643                    /home/jm/.gradle/wrapper/dists/gradle-4.1-all/bzyivzo6n839fup2jbap0tjew/gradle-4.1/lib/plugins/plexus-component-annotations-1.5.5.jar
7f14dc10f000-7f14dc116000 r--s 0002e000 00:2a 3676669                    /home/jm/.gradle/wrapper/dists/gradle-4.1-all/bzyivzo6n839fup2jbap0tjew/gradle-4.1/lib/plugins/plexus-container-default-1.5.5.jar
7f14dc116000-7f14dc118000 r--s 0000a000 00:2a 3676670                    /home/jm/.gradle/wrapper/dists/gradle-4.1-all/bzyivzo6n839fup2jbap0tjew/gradle-4.1/lib/plugins/plexus-classworlds-2.4.jar
7f14dc118000-7f14dc11a000 r--s 00002000 00:2a 3676671                    /home/jm/.gradle/wrapper/dists/gradle-4.1-all/bzyivzo6n839fup2jbap0tjew/gradle-4.1/lib/plugins/plexus-cipher-1.7.jar
7f14dc11a000-7f14dc11b000 r--s 00006000 00:2a 3676672                    /home/jm/.gradle/wrapper/dists/gradle-4.1-all/bzyivzo6n839fup2jbap0tjew/gradle-4.1/lib/plugins/plexus-sec-dispatcher-1.3.jar
7f14dc11b000-7f14dc121000 r--s 0003f000 00:2a 3676673                    /home/jm/.gradle/wrapper/dists/gradle-4.1-all/bzyivzo6n839fup2jbap0tjew/gradle-4.1/lib/plugins/maven-compat-3.0.4.jar
7f14dc121000-7f14dc125000 r--s 00021000 00:2a 3676674                    /home/jm/.gradle/wrapper/dists/gradle-4.1-all/bzyivzo6n839fup2jbap0tjew/gradle-4.1/lib/plugins/maven-model-builder-3.0.4.jar
7f14dc125000-7f14dc127000 r--s 00026000 00:2a 3676675                    /home/jm/.gradle/wrapper/dists/gradle-4.1-all/bzyivzo6n839fup2jbap0tjew/gradle-4.1/lib/plugins/maven-model-3.0.4.jar
7f14dc127000-7f14dc129000 r--s 0000b000 00:2a 3676676                    /home/jm/.gradle/wrapper/dists/gradle-4.1-all/bzyivzo6n839fup2jbap0tjew/gradle-4.1/lib/plugins/maven-artifact-3.0.4.jar
7f14dc129000-7f14dc12b000 r--s 00006000 00:2a 3676677                    /home/jm/.gradle/wrapper/dists/gradle-4.1-all/bzyivzo6n839fup2jbap0tjew/gradle-4.1/lib/plugins/maven-repository-metadata-3.0.4.jar
7f14dc12b000-7f14dc12d000 r--s 0000b000 00:2a 3676678                    /home/jm/.gradle/wrapper/dists/gradle-4.1-all/bzyivzo6n839fup2jbap0tjew/gradle-4.1/lib/plugins/maven-plugin-api-3.0.4.jar
7f14dc12d000-7f14dc12f000 r--s 0000c000 00:2a 3676679                    /home/jm/.gradle/wrapper/dists/gradle-4.1-all/bzyivzo6n839fup2jbap0tjew/gradle-4.1/lib/plugins/maven-aether-provider-3.0.4.jar
7f14dc12f000-7f14dc130000 r--s 00002000 00:2a 3676680                    /home/jm/.gradle/wrapper/dists/gradle-4.1-all/bzyivzo6n839fup2jbap0tjew/gradle-4.1/lib/plugins/wagon-file-2.4.jar
7f14dc130000-7f14dc131000 r--s 00002000 00:2a 3676681                    /home/jm/.gradle/wrapper/dists/gradle-4.1-all/bzyivzo6n839fup2jbap0tjew/gradle-4.1/lib/plugins/wagon-http-2.4.jar
7f14dc131000-7f14dc133000 r--s 0000b000 00:2a 3676682                    /home/jm/.gradle/wrapper/dists/gradle-4.1-all/bzyivzo6n839fup2jbap0tjew/gradle-4.1/lib/plugins/wagon-provider-api-2.4.jar
7f14dc133000-7f14dc134000 r--s 00007000 00:2a 3676683                    /home/jm/.gradle/wrapper/dists/gradle-4.1-all/bzyivzo6n839fup2jbap0tjew/gradle-4.1/lib/plugins/wagon-http-shared4-2.4.jar
7f14dc134000-7f14dc137000 r--s 00013000 00:2a 3676684                    /home/jm/.gradle/wrapper/dists/gradle-4.1-all/bzyivzo6n839fup2jbap0tjew/gradle-4.1/lib/plugins/aether-api-1.13.1.jar
7f14dc137000-7f14dc13a000 r--s 0001d000 00:2a 3676685                    /home/jm/.gradle/wrapper/dists/gradle-4.1-all/bzyivzo6n839fup2jbap0tjew/gradle-4.1/lib/plugins/aether-impl-1.13.1.jar
7f14dc13a000-7f14dc13b000 r--s 00003000 00:2a 3676686                    /home/jm/.gradle/wrapper/dists/gradle-4.1-all/bzyivzo6n839fup2jbap0tjew/gradle-4.1/lib/plugins/aether-spi-1.13.1.jar
7f14dc13b000-7f14dc13f000 r--s 0001c000 00:2a 3676687                    /home/jm/.gradle/wrapper/dists/gradle-4.1-all/bzyivzo6n839fup2jbap0tjew/gradle-4.1/lib/plugins/aether-util-1.13.1.jar
7f14dc13f000-7f14dc141000 r--s 00006000 00:2a 3676688                    /home/jm/.gradle/wrapper/dists/gradle-4.1-all/bzyivzo6n839fup2jbap0tjew/gradle-4.1/lib/plugins/aether-connector-wagon-1.13.1.jar
7f14dc141000-7f14dc14d000 r--s 0007d000 00:2a 3676640                    /home/jm/.gradle/wrapper/dists/gradle-4.1-all/bzyivzo6n839fup2jbap0tjew/gradle-4.1/lib/plugins/maven-core-3.0.4.jar
7f14dc14d000-7f14dc152000 r--s 00034000 00:2a 3676647                    /home/jm/.gradle/wrapper/dists/gradle-4.1-all/bzyivzo6n839fup2jbap0tjew/gradle-4.1/lib/plugins/gson-2.7.jar
7f14dc152000-7f14dc157000 r--s 00040000 00:2a 3676655                    /home/jm/.gradle/wrapper/dists/gradle-4.1-all/bzyivzo6n839fup2jbap0tjew/gradle-4.1/lib/plugins/jsch-0.1.54.jar
7f14dc157000-7f14dc166000 r--s 000d9000 00:2a 3676654                    /home/jm/.gradle/wrapper/dists/gradle-4.1-all/bzyivzo6n839fup2jbap0tjew/gradle-4.1/lib/plugins/ivy-2.2.0.jar
7f14dc166000-7f14dc18a000 r--s 0011a000 00:2a 3676635                    /home/jm/.gradle/wrapper/dists/gradle-4.1-all/bzyivzo6n839fup2jbap0tjew/gradle-4.1/lib/plugins/gradle-dependency-management-4.1.jar
7f14dc18a000-7f14dc18d000 r--s 0000d000 00:2a 3676634                    /home/jm/.gradle/wrapper/dists/gradle-4.1-all/bzyivzo6n839fup2jbap0tjew/gradle-4.1/lib/plugins/gradle-workers-4.1.jar
7f14dc18d000-7f14dc192000 r-xp 00000000 00:2a 3681908                    /home/jm/.gradle/native/25/linux-amd64/libnative-platform.so
7f14dc192000-7f14dc391000 ---p 00005000 00:2a 3681908                    /home/jm/.gradle/native/25/linux-amd64/libnative-platform.so
7f14dc391000-7f14dc392000 rw-p 00004000 00:2a 3681908                    /home/jm/.gradle/native/25/linux-amd64/libnative-platform.so
7f14dc392000-7f14dc3a3000 r-xp 00000000 00:2a 6691897                    /home/jm/Documents/android-studio/jre/jre/lib/amd64/libnio.so
7f14dc3a3000-7f14dc5a2000 ---p 00011000 00:2a 6691897                    /home/jm/Documents/android-studio/jre/jre/lib/amd64/libnio.so
7f14dc5a2000-7f14dc5a3000 r--p 00010000 00:2a 6691897                    /home/jm/Documents/android-studio/jre/jre/lib/amd64/libnio.so
7f14dc5a3000-7f14dc5a4000 rw-p 00011000 00:2a 6691897                    /home/jm/Documents/android-studio/jre/jre/lib/amd64/libnio.so
7f14dc5a4000-7f14dc8a5000 rw-p 00000000 00:00 0 
7f14dc8a5000-7f14dc8bb000 r-xp 00000000 00:2a 6691899                    /home/jm/Documents/android-studio/jre/jre/lib/amd64/libnet.so
7f14dc8bb000-7f14dcabb000 ---p 00016000 00:2a 6691899                    /home/jm/Documents/android-studio/jre/jre/lib/amd64/libnet.so
7f14dcabb000-7f14dcabc000 r--p 00016000 00:2a 6691899                    /home/jm/Documents/android-studio/jre/jre/lib/amd64/libnet.so
7f14dcabc000-7f14dcabd000 rw-p 00017000 00:2a 6691899                    /home/jm/Documents/android-studio/jre/jre/lib/amd64/libnet.so
7f14dcabd000-7f14dcabe000 r--s 00006000 00:2a 3676542                    /home/jm/.gradle/wrapper/dists/gradle-4.1-all/bzyivzo6n839fup2jbap0tjew/gradle-4.1/lib/gradle-wrapper-4.1.jar
7f14dcabe000-7f14dcacb000 r--s 00043000 00:2a 3676541                    /home/jm/.gradle/wrapper/dists/gradle-4.1-all/bzyivzo6n839fup2jbap0tjew/gradle-4.1/lib/gradle-tooling-api-4.1.jar
7f14dcacb000-7f14dcada000 r--s 000c8000 00:2a 3676538                    /home/jm/.gradle/wrapper/dists/gradle-4.1-all/bzyivzo6n839fup2jbap0tjew/gradle-4.1/lib/kotlin-stdlib-1.1.3-2.jar
7f14dcada000-7f14dcb0c000 r--s 0021b000 00:2a 3676537                    /home/jm/.gradle/wrapper/dists/gradle-4.1-all/bzyivzo6n839fup2jbap0tjew/gradle-4.1/lib/kotlin-reflect-1.1.3-2.jar
7f14dcb0c000-7f14dccc3000 r--s 01786000 00:2a 3676536                    /home/jm/.gradle/wrapper/dists/gradle-4.1-all/bzyivzo6n839fup2jbap0tjew/gradle-4.1/lib/kotlin-compiler-embeddable-1.1.3-2.jar
7f14dccc3000-7f14dccc4000 r--s 00000000 00:2a 3676535                    /home/jm/.gradle/wrapper/dists/gradle-4.1-all/bzyivzo6n839fup2jbap0tjew/gradle-4.1/lib/gradle-kotlin-dsl-tooling-models-0.10.3.jar
7f14dccc4000-7f14dccc6000 r--s 00003000 00:2a 3676531                    /home/jm/.gradle/wrapper/dists/gradle-4.1-all/bzyivzo6n839fup2jbap0tjew/gradle-4.1/lib/annotations-13.0.jar
7f14dccc6000-7f14dccd0000 r--s 00073000 00:2a 3676532                    /home/jm/.gradle/wrapper/dists/gradle-4.1-all/bzyivzo6n839fup2jbap0tjew/gradle-4.1/lib/gradle-kotlin-dsl-0.10.3.jar
7f14dccd0000-7f14dccd5000 r--s 00013000 00:2a 3676548                    /home/jm/.gradle/wrapper/dists/gradle-4.1-all/bzyivzo6n839fup2jbap0tjew/gradle-4.1/lib/gradle-resources-4.1.jar
7f14dccd5000-7f14dccd7000 r--s 00005000 00:2a 3676555                    /home/jm/.gradle/wrapper/dists/gradle-4.1-all/bzyivzo6n839fup2jbap0tjew/gradle-4.1/lib/gradle-cli-4.1.jar
7f14dccd7000-7f14dccd9000 r--s 00003000 00:2a 3676562                    /home/jm/.gradle/wrapper/dists/gradle-4.1-all/bzyivzo6n839fup2jbap0tjew/gradle-4.1/lib/jcl-over-slf4j-1.7.10.jar
7f14dccd9000-7f14dcce0000 r--s 0002c000 00:2a 3676546                    /home/jm/.gradle/wrapper/dists/gradle-4.1-all/bzyivzo6n839fup2jbap0tjew/gradle-4.1/lib/gradle-logging-4.1.jar
7f14dcce0000-7f14dccf0000 r--s 00082000 00:2a 3676551                    /home/jm/.gradle/wrapper/dists/gradle-4.1-all/bzyivzo6n839fup2jbap0tjew/gradle-4.1/lib/gradle-model-core-4.1.jar
7f14dccf0000-7f14dccfd000 r--s 00083000 00:2a 3676571                    /home/jm/.gradle/wrapper/dists/gradle-4.1-all/bzyivzo6n839fup2jbap0tjew/gradle-4.1/lib/commons-collections-3.2.2.jar
7f14dccfd000-7f14dccfe000 ---p 00000000 00:00 0 
7f14dccfe000-7f14dcdfe000 rw-p 00000000 00:00 0 
7f14dcdfe000-7f14dce01000 ---p 00000000 00:00 0 
7f14dce01000-7f14dceff000 rw-p 00000000 00:00 0 
7f14dceff000-7f14dcf02000 ---p 00000000 00:00 0 
7f14dcf02000-7f14e0000000 rw-p 00000000 00:00 0 
7f14e0000000-7f14e0125000 rw-p 00000000 00:00 0 
7f14e0125000-7f14e4000000 ---p 00000000 00:00 0 
7f14e4000000-7f14e4001000 r--s 00001000 00:2a 3676533                    /home/jm/.gradle/wrapper/dists/gradle-4.1-all/bzyivzo6n839fup2jbap0tjew/gradle-4.1/lib/gradle-kotlin-dsl-compiler-plugin-0.10.3.jar
7f14e4001000-7f14e4002000 r--s 00005000 00:2a 3676561                    /home/jm/.gradle/wrapper/dists/gradle-4.1-all/bzyivzo6n839fup2jbap0tjew/gradle-4.1/lib/log4j-over-slf4j-1.7.10.jar
7f14e4002000-7f14e4004000 r--s 00000000 00:2a 3676560                    /home/jm/.gradle/wrapper/dists/gradle-4.1-all/bzyivzo6n839fup2jbap0tjew/gradle-4.1/lib/jul-to-slf4j-1.7.10.jar
7f14e4004000-7f14e4006000 r--s 00006000 00:2a 3676552                    /home/jm/.gradle/wrapper/dists/gradle-4.1-all/bzyivzo6n839fup2jbap0tjew/gradle-4.1/lib/gradle-base-services-groovy-4.1.jar
7f14e4006000-7f14e4008000 r--s 00007000 00:2a 3676550                    /home/jm/.gradle/wrapper/dists/gradle-4.1-all/bzyivzo6n839fup2jbap0tjew/gradle-4.1/lib/gradle-model-groovy-4.1.jar
7f14e4008000-7f14e4009000 r--s 00002000 00:2a 3676573                    /home/jm/.gradle/wrapper/dists/gradle-4.1-all/bzyivzo6n839fup2jbap0tjew/gradle-4.1/lib/gradle-docs-4.1.jar
7f14e4009000-7f14e400a000 r--s 00000000 00:2a 3676570                    /home/jm/.gradle/wrapper/dists/gradle-4.1-all/bzyivzo6n839fup2jbap0tjew/gradle-4.1/lib/javax.inject-1.jar
7f14e400a000-7f14e407a000 r--s 00645000 00:2a 3676568                    /home/jm/.gradle/wrapper/dists/gradle-4.1-all/bzyivzo6n839fup2jbap0tjew/gradle-4.1/lib/groovy-all-2.4.11.jar
7f14e407a000-7f14e407d000 r--s 00023000 00:2a 3676574                    /home/jm/.gradle/wrapper/dists/gradle-4.1-all/bzyivzo6n839fup2jbap0tjew/gradle-4.1/lib/jansi-1.14.jar
7f14e407d000-7f14e407e000 r--s 00004000 00:2a 3676576                    /home/jm/.gradle/wrapper/dists/gradle-4.1-all/bzyivzo6n839fup2jbap0tjew/gradle-4.1/lib/native-platform-freebsd-amd64-libcpp-0.14.jar
7f14e407e000-7f14e407f000 r--s 00004000 00:2a 3676577                    /home/jm/.gradle/wrapper/dists/gradle-4.1-all/bzyivzo6n839fup2jbap0tjew/gradle-4.1/lib/native-platform-freebsd-amd64-libstdcpp-0.14.jar
7f14e407f000-7f14e4080000 r--s 00004000 00:2a 3676578                    /home/jm/.gradle/wrapper/dists/gradle-4.1-all/bzyivzo6n839fup2jbap0tjew/gradle-4.1/lib/native-platform-freebsd-i386-libcpp-0.14.jar
7f14e4080000-7f14e4081000 r--s 00003000 00:2a 3676579                    /home/jm/.gradle/wrapper/dists/gradle-4.1-all/bzyivzo6n839fup2jbap0tjew/gradle-4.1/lib/native-platform-freebsd-i386-libstdcpp-0.14.jar
7f14e4081000-7f14e4082000 r--s 00002000 00:2a 3676580                    /home/jm/.gradle/wrapper/dists/gradle-4.1-all/bzyivzo6n839fup2jbap0tjew/gradle-4.1/lib/native-platform-linux-amd64-0.14.jar
7f14e4082000-7f14e4083000 r--s 00002000 00:2a 3676581                    /home/jm/.gradle/wrapper/dists/gradle-4.1-all/bzyivzo6n839fup2jbap0tjew/gradle-4.1/lib/native-platform-linux-i386-0.14.jar
7f14e4083000-7f14e4085000 r--s 00002000 00:2a 3676582                    /home/jm/.gradle/wrapper/dists/gradle-4.1-all/bzyivzo6n839fup2jbap0tjew/gradle-4.1/lib/native-platform-osx-amd64-0.14.jar
7f14e4085000-7f14e4086000 r--s 00003000 00:2a 3676583                    /home/jm/.gradle/wrapper/dists/gradle-4.1-all/bzyivzo6n839fup2jbap0tjew/gradle-4.1/lib/native-platform-osx-i386-0.14.jar
7f14e4086000-7f14e4088000 r--s 0000b000 00:2a 3676584                    /home/jm/.gradle/wrapper/dists/gradle-4.1-all/bzyivzo6n839fup2jbap0tjew/gradle-4.1/lib/native-platform-windows-amd64-0.14.jar
7f14e4088000-7f14e4089000 r--s 0000b000 00:2a 3676585                    /home/jm/.gradle/wrapper/dists/gradle-4.1-all/bzyivzo6n839fup2jbap0tjew/gradle-4.1/lib/native-platform-windows-i386-0.14.jar
7f14e4089000-7f14e408a000 r--s 00001000 00:2a 3676586                    /home/jm/.gradle/wrapper/dists/gradle-4.1-all/bzyivzo6n839fup2jbap0tjew/gradle-4.1/lib/native-platform-linux-amd64-ncurses5-0.14.jar
7f14e408a000-7f14e408b000 r--s 00001000 00:2a 3676587                    /home/jm/.gradle/wrapper/dists/gradle-4.1-all/bzyivzo6n839fup2jbap0tjew/gradle-4.1/lib/native-platform-linux-amd64-ncurses6-0.14.jar
7f14e408b000-7f14e408c000 r--s 00001000 00:2a 3676588                    /home/jm/.gradle/wrapper/dists/gradle-4.1-all/bzyivzo6n839fup2jbap0tjew/gradle-4.1/lib/native-platform-linux-i386-ncurses5-0.14.jar
7f14e408c000-7f14e4090000 r--s 00012000 00:2a 3676572                    /home/jm/.gradle/wrapper/dists/gradle-4.1-all/bzyivzo6n839fup2jbap0tjew/gradle-4.1/lib/native-platform-0.14.jar
7f14e4090000-7f14e4093000 r--s 0000c000 00:2a 3676549                    /home/jm/.gradle/wrapper/dists/gradle-4.1-all/bzyivzo6n839fup2jbap0tjew/gradle-4.1/lib/gradle-native-4.1.jar
7f14e4093000-7f14e4095000 r--s 0000f000 00:2a 3676557                    /home/jm/.gradle/wrapper/dists/gradle-4.1-all/bzyivzo6n839fup2jbap0tjew/gradle-4.1/lib/reflectasm-1.07-shaded.jar
7f14e4095000-7f14e4097000 r--s 00000000 00:2a 3676590                    /home/jm/.gradle/wrapper/dists/gradle-4.1-all/bzyivzo6n839fup2jbap0tjew/gradle-4.1/lib/minlog-1.2.jar
7f14e4097000-7f14e4099000 r--s 00007000 00:2a 3676591                    /home/jm/.gradle/wrapper/dists/gradle-4.1-all/bzyivzo6n839fup2jbap0tjew/gradle-4.1/lib/objenesis-1.2.jar
7f14e4099000-7f14e409d000 r--s 00026000 00:2a 3676556                    /home/jm/.gradle/wrapper/dists/gradle-4.1-all/bzyivzo6n839fup2jbap0tjew/gradle-4.1/lib/kryo-2.20.jar
7f14e409d000-7f14e40a3000 r--s 0002b000 00:2a 3676553                    /home/jm/.gradle/wrapper/dists/gradle-4.1-all/bzyivzo6n839fup2jbap0tjew/gradle-4.1/lib/gradle-messaging-4.1.jar
7f14e40a3000-7f14e40a5000 r--s 00006000 00:2a 3676547                    /home/jm/.gradle/wrapper/dists/gradle-4.1-all/bzyivzo6n839fup2jbap0tjew/gradle-4.1/lib/gradle-process-services-4.1.jar
7f14e40a5000-7f14e40cd000 r--s 001cf000 00:2a 3676564                    /home/jm/.gradle/wrapper/dists/gradle-4.1-all/bzyivzo6n839fup2jbap0tjew/gradle-4.1/lib/guava-jdk5-17.0.jar
7f14e40cd000-7f14e40ec000 r--s 001d1000 00:2a 3676569                    /home/jm/.gradle/wrapper/dists/gradle-4.1-all/bzyivzo6n839fup2jbap0tjew/gradle-4.1/lib/ant-1.9.6.jar
7f14e40ec000-7f14e40ef000 ---p 00000000 00:00 0 
7f14e40ef000-7f14e41ed000 rw-p 00000000 00:00 0 
7f14e41ed000-7f14e41f0000 ---p 00000000 00:00 0 
7f14e41f0000-7f14e42ee000 rw-p 00000000 00:00 0 
7f14e42ee000-7f14e42f1000 ---p 00000000 00:00 0 
7f14e42f1000-7f14e43ef000 rw-p 00000000 00:00 0 
7f14e43ef000-7f14e47f8000 r--p 00000000 08:05 6839869                    /usr/lib/locale/locale-archive
7f14e47f8000-7f14e47fb000 ---p 00000000 00:00 0 
7f14e47fb000-7f14e48f9000 rw-p 00000000 00:00 0 
7f14e48f9000-7f14e48fc000 ---p 00000000 00:00 0 
7f14e48fc000-7f14e49fa000 rw-p 00000000 00:00 0 
7f14e49fa000-7f14e49fb000 ---p 00000000 00:00 0 
7f14e49fb000-7f14e5000000 rw-p 00000000 00:00 0 
7f14e5000000-7f14e70c0000 rwxp 00000000 00:00 0 
7f14e70c0000-7f14f4000000 ---p 00000000 00:00 0 
7f14f4000000-7f14f4ca2000 rw-p 00000000 00:00 0 
7f14f4ca2000-7f14f8000000 ---p 00000000 00:00 0 
7f14f8000000-7f14f8001000 r--s 00001000 00:2a 3676589                    /home/jm/.gradle/wrapper/dists/gradle-4.1-all/bzyivzo6n839fup2jbap0tjew/gradle-4.1/lib/native-platform-linux-i386-ncurses6-0.14.jar
7f14f8001000-7f14f8006000 r--s 00041000 00:2a 3676566                    /home/jm/.gradle/wrapper/dists/gradle-4.1-all/bzyivzo6n839fup2jbap0tjew/gradle-4.1/lib/commons-lang-2.6.jar
7f14f8006000-7f14f8050000 r--s 00253000 00:2a 3676544                    /home/jm/.gradle/wrapper/dists/gradle-4.1-all/bzyivzo6n839fup2jbap0tjew/gradle-4.1/lib/gradle-core-4.1.jar
7f14f8050000-7f14f8b2c000 rw-p 00000000 00:00 0 
7f14f8b2c000-7f14f8cfc000 r--s 03c46000 00:2a 6691853                    /home/jm/Documents/android-studio/jre/jre/lib/rt.jar
7f14f8cfc000-7f14f9872000 rw-p 00000000 00:00 0 
7f14f9872000-7f14f9873000 ---p 00000000 00:00 0 
7f14f9873000-7f14f9973000 rw-p 00000000 00:00 0 
7f14f9973000-7f14f9974000 ---p 00000000 00:00 0 
7f14f9974000-7f14f9a74000 rw-p 00000000 00:00 0 
7f14f9a74000-7f14f9a75000 ---p 00000000 00:00 0 
7f14f9a75000-7f14f9b75000 rw-p 00000000 00:00 0 
7f14f9b75000-7f14f9b76000 ---p 00000000 00:00 0 
7f14f9b76000-7f14f9c9b000 rw-p 00000000 00:00 0 
7f14f9c9b000-7f14f9e76000 ---p 00000000 00:00 0 
7f14f9e76000-7f14f9e9b000 rw-p 00000000 00:00 0 
7f14f9e9b000-7f14fa076000 ---p 00000000 00:00 0 
7f14fa076000-7f14fa11d000 rw-p 00000000 00:00 0 
7f14fa11d000-7f14fa176000 ---p 00000000 00:00 0 
7f14fa176000-7f14fa1fa000 rw-p 00000000 00:00 0 
7f14fa1fa000-7f14fa537000 ---p 00000000 00:00 0 
7f14fa537000-7f14fa551000 r-xp 00000000 00:2a 6691874                    /home/jm/Documents/android-studio/jre/jre/lib/amd64/libzip.so
7f14fa551000-7f14fa751000 ---p 0001a000 00:2a 6691874                    /home/jm/Documents/android-studio/jre/jre/lib/amd64/libzip.so
7f14fa751000-7f14fa752000 r--p 0001a000 00:2a 6691874                    /home/jm/Documents/android-studio/jre/jre/lib/amd64/libzip.so
7f14fa752000-7f14fa753000 rw-p 0001b000 00:2a 6691874                    /home/jm/Documents/android-studio/jre/jre/lib/amd64/libzip.so
7f14fa753000-7f14fa75e000 r-xp 00000000 08:05 4461055                    /lib/x86_64-linux-gnu/libnss_files-2.23.so
7f14fa75e000-7f14fa95d000 ---p 0000b000 08:05 4461055                    /lib/x86_64-linux-gnu/libnss_files-2.23.so
7f14fa95d000-7f14fa95e000 r--p 0000a000 08:05 4461055                    /lib/x86_64-linux-gnu/libnss_files-2.23.so
7f14fa95e000-7f14fa95f000 rw-p 0000b000 08:05 4461055                    /lib/x86_64-linux-gnu/libnss_files-2.23.so
7f14fa95f000-7f14fa965000 rw-p 00000000 00:00 0 
7f14fa965000-7f14fa970000 r-xp 00000000 08:05 4461062                    /lib/x86_64-linux-gnu/libnss_nis-2.23.so
7f14fa970000-7f14fab6f000 ---p 0000b000 08:05 4461062                    /lib/x86_64-linux-gnu/libnss_nis-2.23.so
7f14fab6f000-7f14fab70000 r--p 0000a000 08:05 4461062                    /lib/x86_64-linux-gnu/libnss_nis-2.23.so
7f14fab70000-7f14fab71000 rw-p 0000b000 08:05 4461062                    /lib/x86_64-linux-gnu/libnss_nis-2.23.so
7f14fab71000-7f14fab87000 r-xp 00000000 08:05 4461030                    /lib/x86_64-linux-gnu/libnsl-2.23.so
7f14fab87000-7f14fad86000 ---p 00016000 08:05 4461030                    /lib/x86_64-linux-gnu/libnsl-2.23.so
7f14fad86000-7f14fad87000 r--p 00015000 08:05 4461030                    /lib/x86_64-linux-gnu/libnsl-2.23.so
7f14fad87000-7f14fad88000 rw-p 00016000 08:05 4461030                    /lib/x86_64-linux-gnu/libnsl-2.23.so
7f14fad88000-7f14fad8a000 rw-p 00000000 00:00 0 
7f14fad8a000-7f14fad92000 r-xp 00000000 08:05 4461126                    /lib/x86_64-linux-gnu/libnss_compat-2.23.so
7f14fad92000-7f14faf91000 ---p 00008000 08:05 4461126                    /lib/x86_64-linux-gnu/libnss_compat-2.23.so
7f14faf91000-7f14faf92000 r--p 00007000 08:05 4461126                    /lib/x86_64-linux-gnu/libnss_compat-2.23.so
7f14faf92000-7f14faf93000 rw-p 00008000 08:05 4461126                    /lib/x86_64-linux-gnu/libnss_compat-2.23.so
7f14faf93000-7f14fafc0000 r-xp 00000000 00:2a 6691873                    /home/jm/Documents/android-studio/jre/jre/lib/amd64/libjava.so
7f14fafc0000-7f14fb1bf000 ---p 0002d000 00:2a 6691873                    /home/jm/Documents/android-studio/jre/jre/lib/amd64/libjava.so
7f14fb1bf000-7f14fb1c0000 r--p 0002c000 00:2a 6691873                    /home/jm/Documents/android-studio/jre/jre/lib/amd64/libjava.so
7f14fb1c0000-7f14fb1c2000 rw-p 0002d000 00:2a 6691873                    /home/jm/Documents/android-studio/jre/jre/lib/amd64/libjava.so
7f14fb1c2000-7f14fb1d2000 r-xp 00000000 00:2a 6691879                    /home/jm/Documents/android-studio/jre/jre/lib/amd64/libverify.so
7f14fb1d2000-7f14fb3d1000 ---p 00010000 00:2a 6691879                    /home/jm/Documents/android-studio/jre/jre/lib/amd64/libverify.so
7f14fb3d1000-7f14fb3d3000 r--p 0000f000 00:2a 6691879                    /home/jm/Documents/android-studio/jre/jre/lib/amd64/libverify.so
7f14fb3d3000-7f14fb3d4000 rw-p 00011000 00:2a 6691879                    /home/jm/Documents/android-studio/jre/jre/lib/amd64/libverify.so
7f14fb3d4000-7f14fb3db000 r-xp 00000000 08:05 4461066                    /lib/x86_64-linux-gnu/librt-2.23.so
7f14fb3db000-7f14fb5da000 ---p 00007000 08:05 4461066                    /lib/x86_64-linux-gnu/librt-2.23.so
7f14fb5da000-7f14fb5db000 r--p 00006000 08:05 4461066                    /lib/x86_64-linux-gnu/librt-2.23.so
7f14fb5db000-7f14fb5dc000 rw-p 00007000 08:05 4461066                    /lib/x86_64-linux-gnu/librt-2.23.so
7f14fb5dc000-7f14fb6e4000 r-xp 00000000 08:05 4461149                    /lib/x86_64-linux-gnu/libm-2.23.so
7f14fb6e4000-7f14fb8e3000 ---p 00108000 08:05 4461149                    /lib/x86_64-linux-gnu/libm-2.23.so
7f14fb8e3000-7f14fb8e4000 r--p 00107000 08:05 4461149                    /lib/x86_64-linux-gnu/libm-2.23.so
7f14fb8e4000-7f14fb8e5000 rw-p 00108000 08:05 4461149                    /lib/x86_64-linux-gnu/libm-2.23.so
7f14fb8e5000-7f14fc4dd000 r-xp 00000000 00:2a 6691883                    /home/jm/Documents/android-studio/jre/jre/lib/amd64/server/libjvm.so
7f14fc4dd000-7f14fc6dd000 ---p 00bf8000 00:2a 6691883                    /home/jm/Documents/android-studio/jre/jre/lib/amd64/server/libjvm.so
7f14fc6dd000-7f14fc77c000 r--p 00bf8000 00:2a 6691883                    /home/jm/Documents/android-studio/jre/jre/lib/amd64/server/libjvm.so
7f14fc77c000-7f14fc7a5000 rw-p 00c97000 00:2a 6691883                    /home/jm/Documents/android-studio/jre/jre/lib/amd64/server/libjvm.so
7f14fc7a5000-7f14fc7e9000 rw-p 00000000 00:00 0 
7f14fc7e9000-7f14fc801000 r-xp 00000000 08:05 4461061                    /lib/x86_64-linux-gnu/libpthread-2.23.so
7f14fc801000-7f14fca00000 ---p 00018000 08:05 4461061                    /lib/x86_64-linux-gnu/libpthread-2.23.so
7f14fca00000-7f14fca01000 r--p 00017000 08:05 4461061                    /lib/x86_64-linux-gnu/libpthread-2.23.so
7f14fca01000-7f14fca02000 rw-p 00018000 08:05 4461061                    /lib/x86_64-linux-gnu/libpthread-2.23.so
7f14fca02000-7f14fca06000 rw-p 00000000 00:00 0 
7f14fca06000-7f14fca09000 r-xp 00000000 08:05 4461125                    /lib/x86_64-linux-gnu/libdl-2.23.so
7f14fca09000-7f14fcc08000 ---p 00003000 08:05 4461125                    /lib/x86_64-linux-gnu/libdl-2.23.so
7f14fcc08000-7f14fcc09000 r--p 00002000 08:05 4461125                    /lib/x86_64-linux-gnu/libdl-2.23.so
7f14fcc09000-7f14fcc0a000 rw-p 00003000 08:05 4461125                    /lib/x86_64-linux-gnu/libdl-2.23.so
7f14fcc0a000-7f14fcdca000 r-xp 00000000 08:05 4461154                    /lib/x86_64-linux-gnu/libc-2.23.so
7f14fcdca000-7f14fcfca000 ---p 001c0000 08:05 4461154                    /lib/x86_64-linux-gnu/libc-2.23.so
7f14fcfca000-7f14fcfce000 r--p 001c0000 08:05 4461154                    /lib/x86_64-linux-gnu/libc-2.23.so
7f14fcfce000-7f14fcfd0000 rw-p 001c4000 08:05 4461154                    /lib/x86_64-linux-gnu/libc-2.23.so
7f14fcfd0000-7f14fcfd4000 rw-p 00000000 00:00 0 
7f14fcfd4000-7f14fcfea000 r-xp 00000000 00:2a 6691822                    /home/jm/Documents/android-studio/jre/lib/amd64/jli/libjli.so
7f14fcfea000-7f14fd1e9000 ---p 00016000 00:2a 6691822                    /home/jm/Documents/android-studio/jre/lib/amd64/jli/libjli.so
7f14fd1e9000-7f14fd1ea000 r--p 00015000 00:2a 6691822                    /home/jm/Documents/android-studio/jre/lib/amd64/jli/libjli.so
7f14fd1ea000-7f14fd1eb000 rw-p 00016000 00:2a 6691822                    /home/jm/Documents/android-studio/jre/lib/amd64/jli/libjli.so
7f14fd1eb000-7f14fd211000 r-xp 00000000 08:05 4461031                    /lib/x86_64-linux-gnu/ld-2.23.so
7f14fd211000-7f14fd213000 r--s 00000000 00:2a 3676545                    /home/jm/.gradle/wrapper/dists/gradle-4.1-all/bzyivzo6n839fup2jbap0tjew/gradle-4.1/lib/gradle-jvm-services-4.1.jar
7f14fd213000-7f14fd214000 r--s 00000000 00:2a 3676567                    /home/jm/.gradle/wrapper/dists/gradle-4.1-all/bzyivzo6n839fup2jbap0tjew/gradle-4.1/lib/jcip-annotations-1.0.jar
7f14fd214000-7f14fd217000 r--s 00006000 00:2a 3676565                    /home/jm/.gradle/wrapper/dists/gradle-4.1-all/bzyivzo6n839fup2jbap0tjew/gradle-4.1/lib/jsr305-1.3.9.jar
7f14fd217000-7f14fd218000 r--s 00007000 00:2a 3676563                    /home/jm/.gradle/wrapper/dists/gradle-4.1-all/bzyivzo6n839fup2jbap0tjew/gradle-4.1/lib/slf4j-api-1.7.10.jar
7f14fd218000-7f14fd21c000 r--s 00027000 00:2a 3676559                    /home/jm/.gradle/wrapper/dists/gradle-4.1-all/bzyivzo6n839fup2jbap0tjew/gradle-4.1/lib/commons-io-2.2.jar
7f14fd21c000-7f14fd224000 r--s 000bd000 00:2a 3676558                    /home/jm/.gradle/wrapper/dists/gradle-4.1-all/bzyivzo6n839fup2jbap0tjew/gradle-4.1/lib/asm-debug-all-6.0_ALPHA.jar
7f14fd224000-7f14fd225000 r--s 00004000 00:2a 3676575                    /home/jm/.gradle/wrapper/dists/gradle-4.1-all/bzyivzo6n839fup2jbap0tjew/gradle-4.1/lib/ant-launcher-1.9.6.jar
7f14fd225000-7f14fd2e7000 rw-p 00000000 00:00 0 
7f14fd2e7000-7f14fd2ea000 ---p 00000000 00:00 0 
7f14fd2ea000-7f14fd3ec000 rw-p 00000000 00:00 0 
7f14fd3ec000-7f14fd3f8000 r--s 00053000 00:2a 3676554                    /home/jm/.gradle/wrapper/dists/gradle-4.1-all/bzyivzo6n839fup2jbap0tjew/gradle-4.1/lib/gradle-base-services-4.1.jar
7f14fd3f8000-7f14fd404000 r--s 0005c000 00:2a 3676539                    /home/jm/.gradle/wrapper/dists/gradle-4.1-all/bzyivzo6n839fup2jbap0tjew/gradle-4.1/lib/gradle-launcher-4.1.jar
7f14fd404000-7f14fd40c000 rw-s 00000000 08:05 4339587                    /tmp/hsperfdata_jm/3794
7f14fd40c000-7f14fd40d000 rw-p 00000000 00:00 0 
7f14fd40d000-7f14fd40e000 ---p 00000000 00:00 0 
7f14fd40e000-7f14fd410000 rw-p 00000000 00:00 0 
7f14fd410000-7f14fd411000 r--p 00025000 08:05 4461031                    /lib/x86_64-linux-gnu/ld-2.23.so
7f14fd411000-7f14fd412000 rw-p 00026000 08:05 4461031                    /lib/x86_64-linux-gnu/ld-2.23.so
7f14fd412000-7f14fd413000 rw-p 00000000 00:00 0 
7ffd9cc90000-7ffd9ccb1000 rw-p 00000000 00:00 0                          [stack]
7ffd9ccbf000-7ffd9ccc1000 r--p 00000000 00:00 0                          [vvar]
7ffd9ccc1000-7ffd9ccc3000 r-xp 00000000 00:00 0                          [vdso]
ffffffffff600000-ffffffffff601000 r-xp 00000000 00:00 0                  [vsyscall]

VM Arguments:
jvm_args: -Xmx1536m -Dfile.encoding=UTF-8 -Duser.country=US -Duser.language=en -Duser.variant 
java_command: org.gradle.launcher.daemon.bootstrap.GradleDaemon 4.1
java_class_path (initial): /home/jm/.gradle/wrapper/dists/gradle-4.1-all/bzyivzo6n839fup2jbap0tjew/gradle-4.1/lib/gradle-launcher-4.1.jar
Launcher Type: SUN_STANDARD

Environment Variables:
JAVA_HOME=/usr/lib/jvm/java-8-oracle
PATH=/home/jm/bin:/home/jm/.local/bin:/usr/local/sbin:/usr/local/bin:/usr/sbin:/usr/bin:/sbin:/bin:/usr/games:/usr/local/games:/snap/bin:/usr/lib/jvm/java-8-oracle/bin:/usr/lib/jvm/java-8-oracle/db/bin:/usr/lib/jvm/java-8-oracle/jre/bin
LD_LIBRARY_PATH=/home/jm/Documents/android-studio/bin:
SHELL=/bin/bash
DISPLAY=:0

Signal Handlers:
SIGSEGV: [libjvm.so+0x9ebc60], sa_mask[0]=11111111011111111101111111111110, sa_flags=SA_RESTART|SA_SIGINFO
SIGBUS: [libjvm.so+0x9ebc60], sa_mask[0]=11111111011111111101111111111110, sa_flags=SA_RESTART|SA_SIGINFO
SIGFPE: [libjvm.so+0x84cf60], sa_mask[0]=11111111011111111101111111111110, sa_flags=SA_RESTART|SA_SIGINFO
SIGPIPE: [libjvm.so+0x84cf60], sa_mask[0]=11111111011111111101111111111110, sa_flags=SA_RESTART|SA_SIGINFO
SIGXFSZ: [libjvm.so+0x84cf60], sa_mask[0]=11111111011111111101111111111110, sa_flags=SA_RESTART|SA_SIGINFO
SIGILL: [libjvm.so+0x84cf60], sa_mask[0]=11111111011111111101111111111110, sa_flags=SA_RESTART|SA_SIGINFO
SIGUSR1: SIG_DFL, sa_mask[0]=00000000000000000000000000000000, sa_flags=none
SIGUSR2: [libjvm.so+0x84ce30], sa_mask[0]=00100000000000000000000000000000, sa_flags=SA_RESTART|SA_SIGINFO
SIGHUP: [libjvm.so+0x84d020], sa_mask[0]=11111111011111111101111111111110, sa_flags=SA_RESTART|SA_SIGINFO
SIGINT: [libjvm.so+0x84d020], sa_mask[0]=11111111011111111101111111111110, sa_flags=SA_RESTART|SA_SIGINFO
SIGTERM: [libjvm.so+0x84d020], sa_mask[0]=11111111011111111101111111111110, sa_flags=SA_RESTART|SA_SIGINFO
SIGQUIT: [libjvm.so+0x84d020], sa_mask[0]=11111111011111111101111111111110, sa_flags=SA_RESTART|SA_SIGINFO


---------------  S Y S T E M  ---------------

OS:DISTRIB_ID=Ubuntu
DISTRIB_RELEASE=16.04
DISTRIB_CODENAME=xenial
DISTRIB_DESCRIPTION="Ubuntu 16.04.2 LTS"

uname:Linux 4.10.0-42-generic #46~16.04.1-Ubuntu SMP Mon Dec 4 15:57:59 UTC 2017 x86_64
libc:glibc 2.23 NPTL 2.23 
rlimit: STACK 8192k, CORE 0k, NPROC 14822, NOFILE 65536, AS infinity
load average:2,76 1,29 0,86

/proc/meminfo:
MemTotal:        3839384 kB
MemFree:          123920 kB
MemAvailable:      44752 kB
Buffers:            1008 kB
Cached:           413968 kB
SwapCached:            0 kB
Active:          3134536 kB
Inactive:         391760 kB
Active(anon):    3114436 kB
Inactive(anon):   371540 kB
Active(file):      20100 kB
Inactive(file):    20220 kB
Unevictable:          32 kB
Mlocked:              32 kB
SwapTotal:             0 kB
SwapFree:              0 kB
Dirty:              4128 kB
Writeback:          1352 kB
AnonPages:       3111440 kB
Mapped:            34736 kB
Shmem:            374584 kB
Slab:              92636 kB
SReclaimable:      44344 kB
SUnreclaim:        48292 kB
KernelStack:        8720 kB
PageTables:        34736 kB
NFS_Unstable:          0 kB
Bounce:                0 kB
WritebackTmp:          0 kB
CommitLimit:     1919692 kB
Committed_AS:    6612032 kB
VmallocTotal:   34359738367 kB
VmallocUsed:           0 kB
VmallocChunk:          0 kB
HardwareCorrupted:     0 kB
AnonHugePages:   1097728 kB
ShmemHugePages:        0 kB
ShmemPmdMapped:        0 kB
CmaTotal:              0 kB
CmaFree:               0 kB
HugePages_Total:       0
HugePages_Free:        0
HugePages_Rsvd:        0
HugePages_Surp:        0
Hugepagesize:       2048 kB
DirectMap4k:      110848 kB
DirectMap2M:     3876864 kB


CPU:total 4 (initial active 4) (2 cores per cpu, 2 threads per core) family 6 model 37 stepping 5, cmov, cx8, fxsr, mmx, sse, sse2, sse3, ssse3, sse4.1, sse4.2, popcnt, ht, tsc, tscinvbit

/proc/cpuinfo:
processor	: 0
vendor_id	: GenuineIntel
cpu family	: 6
model		: 37
model name	: Intel(R) Core(TM) i5 CPU       M 450  @ 2.40GHz
stepping	: 5
microcode	: 0x4
cpu MHz		: 2266.000
cache size	: 3072 KB
physical id	: 0
siblings	: 4
core id		: 0
cpu cores	: 2
apicid		: 0
initial apicid	: 0
fpu		: yes
fpu_exception	: yes
cpuid level	: 11
wp		: yes
flags		: fpu vme de pse tsc msr pae mce cx8 apic sep mtrr pge mca cmov pat pse36 clflush dts acpi mmx fxsr sse sse2 ss ht tm pbe syscall nx rdtscp lm constant_tsc arch_perfmon pebs bts rep_good nopl xtopology nonstop_tsc aperfmperf pni dtes64 monitor ds_cpl vmx est tm2 ssse3 cx16 xtpr pdcm pcid sse4_1 sse4_2 popcnt lahf_lm tpr_shadow vnmi flexpriority ept vpid dtherm ida arat
bugs		:
bogomips	: 4788.60
clflush size	: 64
cache_alignment	: 64
address sizes	: 36 bits physical, 48 bits virtual
power management:

processor	: 1
vendor_id	: GenuineIntel
cpu family	: 6
model		: 37
model name	: Intel(R) Core(TM) i5 CPU       M 450  @ 2.40GHz
stepping	: 5
microcode	: 0x4
cpu MHz		: 1733.000
cache size	: 3072 KB
physical id	: 0
siblings	: 4
core id		: 0
cpu cores	: 2
apicid		: 1
initial apicid	: 1
fpu		: yes
fpu_exception	: yes
cpuid level	: 11
wp		: yes
flags		: fpu vme de pse tsc msr pae mce cx8 apic sep mtrr pge mca cmov pat pse36 clflush dts acpi mmx fxsr sse sse2 ss ht tm pbe syscall nx rdtscp lm constant_tsc arch_perfmon pebs bts rep_good nopl xtopology nonstop_tsc aperfmperf pni dtes64 monitor ds_cpl vmx est tm2 ssse3 cx16 xtpr pdcm pcid sse4_1 sse4_2 popcnt lahf_lm tpr_shadow vnmi flexpriority ept vpid dtherm ida arat
bugs		:
bogomips	: 4788.60
clflush size	: 64
cache_alignment	: 64
address sizes	: 36 bits physical, 48 bits virtual
power management:

processor	: 2
vendor_id	: GenuineIntel
cpu family	: 6
model		: 37
model name	: Intel(R) Core(TM) i5 CPU       M 450  @ 2.40GHz
stepping	: 5
microcode	: 0x4
cpu MHz		: 1866.000
cache size	: 3072 KB
physical id	: 0
siblings	: 4
core id		: 2
cpu cores	: 2
apicid		: 4
initial apicid	: 4
fpu		: yes
fpu_exception	: yes
cpuid level	: 11
wp		: yes
flags		: fpu vme de pse tsc msr pae mce cx8 apic sep mtrr pge mca cmov pat pse36 clflush dts acpi mmx fxsr sse sse2 ss ht tm pbe syscall nx rdtscp lm constant_tsc arch_perfmon pebs bts rep_good nopl xtopology nonstop_tsc aperfmperf pni dtes64 monitor ds_cpl vmx est tm2 ssse3 cx16 xtpr pdcm pcid sse4_1 sse4_2 popcnt lahf_lm tpr_shadow vnmi flexpriority ept vpid dtherm ida arat
bugs		:
bogomips	: 4788.60
clflush size	: 64
cache_alignment	: 64
address sizes	: 36 bits physical, 48 bits virtual
power management:

processor	: 3
vendor_id	: GenuineIntel
cpu family	: 6
model		: 37
model name	: Intel(R) Core(TM) i5 CPU       M 450  @ 2.40GHz
stepping	: 5
microcode	: 0x4
cpu MHz		: 1333.000
cache size	: 3072 KB
physical id	: 0
siblings	: 4
core id		: 2
cpu cores	: 2
apicid		: 5
initial apicid	: 5
fpu		: yes
fpu_exception	: yes
cpuid level	: 11
wp		: yes
flags		: fpu vme de pse tsc msr pae mce cx8 apic sep mtrr pge mca cmov pat pse36 clflush dts acpi mmx fxsr sse sse2 ss ht tm pbe syscall nx rdtscp lm constant_tsc arch_perfmon pebs bts rep_good nopl xtopology nonstop_tsc aperfmperf pni dtes64 monitor ds_cpl vmx est tm2 ssse3 cx16 xtpr pdcm pcid sse4_1 sse4_2 popcnt lahf_lm tpr_shadow vnmi flexpriority ept vpid dtherm ida arat
bugs		:
bogomips	: 4788.60
clflush size	: 64
cache_alignment	: 64
address sizes	: 36 bits physical, 48 bits virtual
power management:



Memory: 4k page, physical 3839384k(123920k free), swap 0k(0k free)

vm_info: OpenJDK 64-Bit Server VM (25.152-b01) for linux-amd64 JRE (1.8.0_152-release-915-b01), built by "builder" with gcc 4.8.4

time: Mon Jan  1 15:12:38 2018
elapsed time: 77 seconds (0d 0h 1m 17s)

