#
# There is insufficient memory for the Java Runtime Environment to continue.
# Native memory allocation (mmap) failed to map 89128960 bytes for committing reserved memory.
# Possible reasons:
#   The system is out of physical RAM or swap space
#   In 32 bit mode, the process size limit was hit
# Possible solutions:
#   Reduce memory load on the system
#   Increase physical memory or swap space
#   Check if swap backing store is full
#   Use 64 bit Java on a 64 bit OS
#   Decrease Java heap size (-Xmx/-Xms)
#   Decrease number of Java threads
#   Decrease Java thread stack sizes (-Xss)
#   Set larger code cache with -XX:ReservedCodeCacheSize=
# This output file may be truncated or incomplete.
#
#  Out of Memory Error (os_linux.cpp:2640), pid=4950, tid=0x00007fdc5ccfc700
#
# JRE version: OpenJDK Runtime Environment (8.0_152-b01) (build 1.8.0_152-release-915-b01)
# Java VM: OpenJDK 64-Bit Server VM (25.152-b01 mixed mode linux-amd64 compressed oops)
# Failed to write core dump. Core dumps have been disabled. To enable core dumping, try "ulimit -c unlimited" before starting Java again
#

---------------  T H R E A D  ---------------

Current thread (0x00007fdc6c078000):  VMThread [stack: 0x00007fdc5cbfc000,0x00007fdc5ccfd000] [id=4958]

Stack: [0x00007fdc5cbfc000,0x00007fdc5ccfd000],  sp=0x00007fdc5ccfb4c0,  free space=1021k
Native frames: (J=compiled Java code, j=interpreted, Vv=VM code, C=native code)
V  [libjvm.so+0x9eb15d]  VMError::report_and_die()+0x15d
V  [libjvm.so+0x4b8eaa]  report_vm_out_of_memory(char const*, int, unsigned long, VMErrorType, char const*)+0x8a
V  [libjvm.so+0x851370]  os::pd_commit_memory(char*, unsigned long, unsigned long, bool)+0xf0
V  [libjvm.so+0x84be8f]  os::commit_memory(char*, unsigned long, unsigned long, bool)+0x1f
V  [libjvm.so+0x8c261b]  PSVirtualSpace::expand_by(unsigned long)+0x5b
V  [libjvm.so+0x8c3290]  PSYoungGen::resize_generation(unsigned long, unsigned long)+0xb0
V  [libjvm.so+0x8c35ab]  PSYoungGen::resize(unsigned long, unsigned long)+0x1b
V  [libjvm.so+0x8bfc9c]  PSScavenge::invoke_no_policy()+0xdac
V  [libjvm.so+0x8c0478]  PSScavenge::invoke()+0x38
V  [libjvm.so+0x8748f3]  ParallelScavengeHeap::failed_mem_allocate(unsigned long)+0x63
V  [libjvm.so+0x9ecc84]  VM_ParallelGCFailedAllocation::doit()+0x84
V  [libjvm.so+0x9f1197]  VM_Operation::evaluate()+0x47
V  [libjvm.so+0x9efb78]  VMThread::evaluate_operation(VM_Operation*)+0x2c8
V  [libjvm.so+0x9efff9]  VMThread::loop()+0x219
V  [libjvm.so+0x9f0442]  VMThread::run()+0x72
V  [libjvm.so+0x84e792]  java_start(Thread*)+0xf2

VM_Operation (0x00007fdc4f2e3710): ParallelGCFailedAllocation, mode: safepoint, requested by thread 0x00007fdc10007800


---------------  P R O C E S S  ---------------

Java Threads: ( => current thread )
  0x00007fdc0ce6e800 JavaThread "Memory manager" [_thread_blocked, id=4991, stack(0x00007fdc4cac5000,0x00007fdc4cbc6000)]
  0x00007fdc0c280800 JavaThread "build operations Thread 4" [_thread_blocked, id=4990, stack(0x00007fdc4d52e000,0x00007fdc4d62f000)]
  0x00007fdc0c27e800 JavaThread "build operations Thread 3" [_thread_blocked, id=4989, stack(0x00007fdc4d62f000,0x00007fdc4d730000)]
  0x00007fdc0c7a5800 JavaThread "build operations Thread 2" [_thread_blocked, id=4988, stack(0x00007fdc4d730000,0x00007fdc4d831000)]
  0x00007fdc0c7a9000 JavaThread "build operations" [_thread_blocked, id=4987, stack(0x00007fdc4d831000,0x00007fdc4d932000)]
  0x00007fdc0cc1b800 JavaThread "Cache worker for Artifact transforms cache (/home/jm/.gradle/caches/transforms-1)" [_thread_blocked, id=4986, stack(0x00007fdc4db32000,0x00007fdc4dc33000)]
  0x00007fdc0c296000 JavaThread "Cache worker for file hash cache (/home/jm/AndroidStudioProjects/Login/.gradle/4.1/fileHashes)" [_thread_blocked, id=4980, stack(0x00007fdc4e8e3000,0x00007fdc4e9e4000)]
  0x00007fdc0c118800 JavaThread "File lock request listener" [_thread_in_native, id=4979, stack(0x00007fdc4ebe4000,0x00007fdc4ece5000)]
  0x00007fdc0c119800 JavaThread "Cache worker for file hash cache (/home/jm/.gradle/caches/4.1/fileHashes)" [_thread_blocked, id=4978, stack(0x00007fdc4ece5000,0x00007fdc4ede6000)]
  0x00007fdc0c011800 JavaThread "Stdin handler" [_thread_blocked, id=4977, stack(0x00007fdc4efe6000,0x00007fdc4f0e7000)]
  0x00007fdc0c004000 JavaThread "Asynchronous log dispatcher for DefaultDaemonConnection: socket connection from /127.0.0.1:45475 to /127.0.0.1:34412" [_thread_blocked, id=4976, stack(0x00007fdc4f0e7000,0x00007fdc4f1e8000)]
  0x00007fdc10007800 JavaThread "Daemon worker" [_thread_blocked, id=4973, stack(0x00007fdc4f1e8000,0x00007fdc4f2e9000)]
  0x00007fdc10006800 JavaThread "Cancel handler" [_thread_blocked, id=4972, stack(0x00007fdc4f2e9000,0x00007fdc4f3ea000)]
  0x00007fdc10001800 JavaThread "Handler for socket connection from /127.0.0.1:45475 to /127.0.0.1:34412" [_thread_in_native, id=4971, stack(0x00007fdc4f3ea000,0x00007fdc4f4eb000)]
  0x00007fdc1803b800 JavaThread "Daemon" [_thread_blocked, id=4970, stack(0x00007fdc4f4eb000,0x00007fdc4f5ec000)]
  0x00007fdc6cc82000 JavaThread "Daemon periodic checks" [_thread_blocked, id=4969, stack(0x00007fdc4f5ec000,0x00007fdc4f6ed000)]
  0x00007fdc6cc68800 JavaThread "Incoming local TCP Connector on port 45475" [_thread_in_native, id=4968, stack(0x00007fdc4f6f4000,0x00007fdc4f7f5000)]
  0x00007fdc6c0d3800 JavaThread "Service Thread" daemon [_thread_blocked, id=4965, stack(0x00007fdc5c0ec000,0x00007fdc5c1ed000)]
  0x00007fdc6c0be800 JavaThread "C1 CompilerThread2" daemon [_thread_blocked, id=4964, stack(0x00007fdc5c1ed000,0x00007fdc5c2ee000)]
  0x00007fdc6c0bc800 JavaThread "C2 CompilerThread1" daemon [_thread_blocked, id=4963, stack(0x00007fdc5c2ee000,0x00007fdc5c3ef000)]
  0x00007fdc6c0b9800 JavaThread "C2 CompilerThread0" daemon [_thread_blocked, id=4962, stack(0x00007fdc5c3ef000,0x00007fdc5c4f0000)]
  0x00007fdc6c0b8000 JavaThread "Signal Dispatcher" daemon [_thread_blocked, id=4961, stack(0x00007fdc5c4f0000,0x00007fdc5c5f1000)]
  0x00007fdc6c084000 JavaThread "Finalizer" daemon [_thread_blocked, id=4960, stack(0x00007fdc5c9fa000,0x00007fdc5cafb000)]
  0x00007fdc6c07f800 JavaThread "Reference Handler" daemon [_thread_blocked, id=4959, stack(0x00007fdc5cafb000,0x00007fdc5cbfc000)]
  0x00007fdc6c00a800 JavaThread "main" [_thread_blocked, id=4953, stack(0x00007fdc7555f000,0x00007fdc75660000)]

Other Threads:
=>0x00007fdc6c078000 VMThread [stack: 0x00007fdc5cbfc000,0x00007fdc5ccfd000] [id=4958]
  0x00007fdc6c0d6000 WatcherThread [stack: 0x00007fdc54eff000,0x00007fdc55000000] [id=4966]

VM state:at safepoint (normal execution)

VM Mutex/Monitor currently owned by a thread:  ([mutex/lock_event])
[0x00007fdc6c006fc0] Threads_lock - owner thread: 0x00007fdc6c078000
[0x00007fdc6c0074c0] Heap_lock - owner thread: 0x00007fdc10007800

Heap:
 PSYoungGen      total 183808K, used 10221K [0x00000000e0000000, 0x00000000ec080000, 0x0000000100000000)
  eden space 173568K, 0% used [0x00000000e0000000,0x00000000e0000000,0x00000000ea980000)
  from space 10240K, 99% used [0x00000000ea980000,0x00000000eb37b418,0x00000000eb380000)
  to   space 10752K, 0% used [0x00000000eb380000,0x00000000eb380000,0x00000000ebe00000)
 ParOldGen       total 38912K, used 20540K [0x00000000a0000000, 0x00000000a2600000, 0x00000000e0000000)
  object space 38912K, 52% used [0x00000000a0000000,0x00000000a140f2a8,0x00000000a2600000)
 Metaspace       used 46290K, capacity 47242K, committed 47448K, reserved 1089536K
  class space    used 6214K, capacity 6517K, committed 6528K, reserved 1048576K

Card table byte_map: [0x00007fdc720ed000,0x00007fdc723ee000] byte_map_base: 0x00007fdc71bed000

Marking Bits: (ParMarkBitMap*) 0x00007fdc74a313e0
 Begin Bits: [0x00007fdc55000000, 0x00007fdc56800000)
 End Bits:   [0x00007fdc56800000, 0x00007fdc58000000)

Polling page: 0x00007fdc75684000

CodeCache: size=245760Kb used=16290Kb max_used=16290Kb free=229469Kb
 bounds [0x00007fdc5d000000, 0x00007fdc5e000000, 0x00007fdc6c000000]
 total_blobs=5286 nmethods=4549 adapters=650
 compilation: enabled

Compilation events (10 events):
Event: 39,750 Thread 0x00007fdc6c0be800 5083   !   3       com.sun.org.apache.xerces.internal.parsers.XML11Configuration::setFeature (155 bytes)
Event: 39,752 Thread 0x00007fdc6c0be800 nmethod 5083 0x00007fdc5dff2ad0 code [0x00007fdc5dff2da0, 0x00007fdc5dff4418]
Event: 39,752 Thread 0x00007fdc6c0be800 5085   !   3       com.sun.org.apache.xerces.internal.parsers.XML11Configuration::setProperty (172 bytes)
Event: 39,755 Thread 0x00007fdc6c0be800 nmethod 5085 0x00007fdc5dff50d0 code [0x00007fdc5dff53c0, 0x00007fdc5dff6da8]
Event: 39,755 Thread 0x00007fdc6c0be800 5082       3       java.security.Permission::<init> (10 bytes)
Event: 39,755 Thread 0x00007fdc6c0be800 nmethod 5082 0x00007fdc5dff7b90 code [0x00007fdc5dff7d00, 0x00007fdc5dff7ed0]
Event: 39,755 Thread 0x00007fdc6c0be800 5084       1       java.nio.DirectByteBuffer::isDirect (2 bytes)
Event: 39,755 Thread 0x00007fdc6c0be800 nmethod 5084 0x00007fdc5dff7f90 code [0x00007fdc5dff80e0, 0x00007fdc5dff81f0]
Event: 39,755 Thread 0x00007fdc6c0be800 5081       1       com.android.repository.api.SchemaModule::getNamespaceVersionMap (5 bytes)
Event: 39,755 Thread 0x00007fdc6c0be800 nmethod 5081 0x00007fdc5dff8250 code [0x00007fdc5dff83a0, 0x00007fdc5dff84b0]

GC Heap History (10 events):
Event: 7,462 GC heap after
Heap after GC invocations=8 (full 1):
 PSYoungGen      total 68608K, used 0K [0x00000000e0000000, 0x00000000e8500000, 0x0000000100000000)
  eden space 59904K, 0% used [0x00000000e0000000,0x00000000e0000000,0x00000000e3a80000)
  from space 8704K, 0% used [0x00000000e3a80000,0x00000000e3a80000,0x00000000e4300000)
  to   space 8192K, 0% used [0x00000000e7d00000,0x00000000e7d00000,0x00000000e8500000)
 ParOldGen       total 27648K, used 6473K [0x00000000a0000000, 0x00000000a1b00000, 0x00000000e0000000)
  object space 27648K, 23% used [0x00000000a0000000,0x00000000a0652698,0x00000000a1b00000)
 Metaspace       used 20605K, capacity 21064K, committed 21248K, reserved 1067008K
  class space    used 2863K, capacity 3037K, committed 3072K, reserved 1048576K
}
Event: 9,930 GC heap before
{Heap before GC invocations=9 (full 1):
 PSYoungGen      total 68608K, used 59904K [0x00000000e0000000, 0x00000000e8500000, 0x0000000100000000)
  eden space 59904K, 100% used [0x00000000e0000000,0x00000000e3a80000,0x00000000e3a80000)
  from space 8704K, 0% used [0x00000000e3a80000,0x00000000e3a80000,0x00000000e4300000)
  to   space 8192K, 0% used [0x00000000e7d00000,0x00000000e7d00000,0x00000000e8500000)
 ParOldGen       total 27648K, used 6473K [0x00000000a0000000, 0x00000000a1b00000, 0x00000000e0000000)
  object space 27648K, 23% used [0x00000000a0000000,0x00000000a0652698,0x00000000a1b00000)
 Metaspace       used 25360K, capacity 25920K, committed 26240K, reserved 1071104K
  class space    used 3464K, capacity 3665K, committed 3712K, reserved 1048576K
Event: 9,945 GC heap after
Heap after GC invocations=9 (full 1):
 PSYoungGen      total 120832K, used 6701K [0x00000000e0000000, 0x00000000e8400000, 0x0000000100000000)
  eden space 113664K, 0% used [0x00000000e0000000,0x00000000e0000000,0x00000000e6f00000)
  from space 7168K, 93% used [0x00000000e7d00000,0x00000000e838b508,0x00000000e8400000)
  to   space 8704K, 0% used [0x00000000e7300000,0x00000000e7300000,0x00000000e7b80000)
 ParOldGen       total 27648K, used 6481K [0x00000000a0000000, 0x00000000a1b00000, 0x00000000e0000000)
  object space 27648K, 23% used [0x00000000a0000000,0x00000000a0654698,0x00000000a1b00000)
 Metaspace       used 25360K, capacity 25920K, committed 26240K, reserved 1071104K
  class space    used 3464K, capacity 3665K, committed 3712K, reserved 1048576K
}
Event: 16,686 GC heap before
{Heap before GC invocations=10 (full 1):
 PSYoungGen      total 120832K, used 120365K [0x00000000e0000000, 0x00000000e8400000, 0x0000000100000000)
  eden space 113664K, 100% used [0x00000000e0000000,0x00000000e6f00000,0x00000000e6f00000)
  from space 7168K, 93% used [0x00000000e7d00000,0x00000000e838b508,0x00000000e8400000)
  to   space 8704K, 0% used [0x00000000e7300000,0x00000000e7300000,0x00000000e7b80000)
 ParOldGen       total 27648K, used 6481K [0x00000000a0000000, 0x00000000a1b00000, 0x00000000e0000000)
  object space 27648K, 23% used [0x00000000a0000000,0x00000000a0654698,0x00000000a1b00000)
 Metaspace       used 31572K, capacity 32224K, committed 32512K, reserved 1077248K
  class space    used 4311K, capacity 4531K, committed 4608K, reserved 1048576K
Event: 16,713 GC heap after
Heap after GC invocations=10 (full 1):
 PSYoungGen      total 126464K, used 8677K [0x00000000e0000000, 0x00000000ebe00000, 0x0000000100000000)
  eden space 117760K, 0% used [0x00000000e0000000,0x00000000e0000000,0x00000000e7300000)
  from space 8704K, 99% used [0x00000000e7300000,0x00000000e7b79490,0x00000000e7b80000)
  to   space 10752K, 0% used [0x00000000eb380000,0x00000000eb380000,0x00000000ebe00000)
 ParOldGen       total 27648K, used 8224K [0x00000000a0000000, 0x00000000a1b00000, 0x00000000e0000000)
  object space 27648K, 29% used [0x00000000a0000000,0x00000000a0808020,0x00000000a1b00000)
 Metaspace       used 31572K, capacity 32224K, committed 32512K, reserved 1077248K
  class space    used 4311K, capacity 4531K, committed 4608K, reserved 1048576K
}
Event: 18,515 GC heap before
{Heap before GC invocations=11 (full 1):
 PSYoungGen      total 126464K, used 20756K [0x00000000e0000000, 0x00000000ebe00000, 0x0000000100000000)
  eden space 117760K, 10% used [0x00000000e0000000,0x00000000e0bcbea0,0x00000000e7300000)
  from space 8704K, 99% used [0x00000000e7300000,0x00000000e7b79490,0x00000000e7b80000)
  to   space 10752K, 0% used [0x00000000eb380000,0x00000000eb380000,0x00000000ebe00000)
 ParOldGen       total 27648K, used 8224K [0x00000000a0000000, 0x00000000a1b00000, 0x00000000e0000000)
  object space 27648K, 29% used [0x00000000a0000000,0x00000000a0808020,0x00000000a1b00000)
 Metaspace       used 34504K, capacity 35192K, committed 35416K, reserved 1079296K
  class space    used 4691K, capacity 4930K, committed 4992K, reserved 1048576K
Event: 18,531 GC heap after
Heap after GC invocations=11 (full 1):
 PSYoungGen      total 184320K, used 4959K [0x00000000e0000000, 0x00000000ec080000, 0x0000000100000000)
  eden space 173568K, 0% used [0x00000000e0000000,0x00000000e0000000,0x00000000ea980000)
  from space 10752K, 46% used [0x00000000eb380000,0x00000000eb857ec8,0x00000000ebe00000)
  to   space 10240K, 0% used [0x00000000ea980000,0x00000000ea980000,0x00000000eb380000)
 ParOldGen       total 27648K, used 11456K [0x00000000a0000000, 0x00000000a1b00000, 0x00000000e0000000)
  object space 27648K, 41% used [0x00000000a0000000,0x00000000a0b30080,0x00000000a1b00000)
 Metaspace       used 34504K, capacity 35192K, committed 35416K, reserved 1079296K
  class space    used 4691K, capacity 4930K, committed 4992K, reserved 1048576K
}
Event: 18,531 GC heap before
{Heap before GC invocations=12 (full 2):
 PSYoungGen      total 184320K, used 4959K [0x00000000e0000000, 0x00000000ec080000, 0x0000000100000000)
  eden space 173568K, 0% used [0x00000000e0000000,0x00000000e0000000,0x00000000ea980000)
  from space 10752K, 46% used [0x00000000eb380000,0x00000000eb857ec8,0x00000000ebe00000)
  to   space 10240K, 0% used [0x00000000ea980000,0x00000000ea980000,0x00000000eb380000)
 ParOldGen       total 27648K, used 11456K [0x00000000a0000000, 0x00000000a1b00000, 0x00000000e0000000)
  object space 27648K, 41% used [0x00000000a0000000,0x00000000a0b30080,0x00000000a1b00000)
 Metaspace       used 34504K, capacity 35192K, committed 35416K, reserved 1079296K
  class space    used 4691K, capacity 4930K, committed 4992K, reserved 1048576K
Event: 18,631 GC heap after
Heap after GC invocations=12 (full 2):
 PSYoungGen      total 184320K, used 0K [0x00000000e0000000, 0x00000000ec080000, 0x0000000100000000)
  eden space 173568K, 0% used [0x00000000e0000000,0x00000000e0000000,0x00000000ea980000)
  from space 10752K, 0% used [0x00000000eb380000,0x00000000eb380000,0x00000000ebe00000)
  to   space 10240K, 0% used [0x00000000ea980000,0x00000000ea980000,0x00000000eb380000)
 ParOldGen       total 38912K, used 14549K [0x00000000a0000000, 0x00000000a2600000, 0x00000000e0000000)
  object space 38912K, 37% used [0x00000000a0000000,0x00000000a0e35538,0x00000000a2600000)
 Metaspace       used 34504K, capacity 35192K, committed 35416K, reserved 1079296K
  class space    used 4691K, capacity 4930K, committed 4992K, reserved 1048576K
}
Event: 39,818 GC heap before
{Heap before GC invocations=13 (full 2):
 PSYoungGen      total 184320K, used 173568K [0x00000000e0000000, 0x00000000ec080000, 0x0000000100000000)
  eden space 173568K, 100% used [0x00000000e0000000,0x00000000ea980000,0x00000000ea980000)
  from space 10752K, 0% used [0x00000000eb380000,0x00000000eb380000,0x00000000ebe00000)
  to   space 10240K, 0% used [0x00000000ea980000,0x00000000ea980000,0x00000000eb380000)
 ParOldGen       total 38912K, used 14549K [0x00000000a0000000, 0x00000000a2600000, 0x00000000e0000000)
  object space 38912K, 37% used [0x00000000a0000000,0x00000000a0e35538,0x00000000a2600000)
 Metaspace       used 46290K, capacity 47242K, committed 47448K, reserved 1089536K
  class space    used 6214K, capacity 6517K, committed 6528K, reserved 1048576K

Deoptimization events (10 events):
Event: 39,053 Thread 0x00007fdc10007800 Uncommon trap: reason=class_check action=maybe_recompile pc=0x00007fdc5db949c8 method=com.sun.org.apache.xerces.internal.impl.XMLDocumentFragmentScannerImpl$FragmentContentDriver.next()I @ 439
Event: 39,053 Thread 0x00007fdc10007800 Uncommon trap: reason=class_check action=maybe_recompile pc=0x00007fdc5db85950 method=com.sun.org.apache.xerces.internal.impl.XMLDocumentFragmentScannerImpl.scanEndElement()I @ 145
Event: 39,053 Thread 0x00007fdc10007800 Uncommon trap: reason=class_check action=maybe_recompile pc=0x00007fdc5db85950 method=com.sun.org.apache.xerces.internal.impl.XMLDocumentFragmentScannerImpl.scanEndElement()I @ 145
Event: 39,053 Thread 0x00007fdc10007800 Uncommon trap: reason=class_check action=maybe_recompile pc=0x00007fdc5db85950 method=com.sun.org.apache.xerces.internal.impl.XMLDocumentFragmentScannerImpl.scanEndElement()I @ 145
Event: 39,053 Thread 0x00007fdc10007800 Uncommon trap: reason=class_check action=maybe_recompile pc=0x00007fdc5db85950 method=com.sun.org.apache.xerces.internal.impl.XMLDocumentFragmentScannerImpl.scanEndElement()I @ 145
Event: 39,441 Thread 0x00007fdc10007800 Uncommon trap: reason=unstable_if action=reinterpret pc=0x00007fdc5d93eac0 method=java.util.regex.Matcher.find()Z @ 10
Event: 39,462 Thread 0x00007fdc10007800 Uncommon trap: reason=unstable_if action=reinterpret pc=0x00007fdc5da2ee08 method=java.lang.CharacterDataLatin1.digit(II)I @ 31
Event: 39,465 Thread 0x00007fdc10007800 Uncommon trap: reason=class_check action=maybe_recompile pc=0x00007fdc5dfc1878 method=com.sun.org.apache.xerces.internal.impl.XMLDocumentFragmentScannerImpl$FragmentContentDriver.next()I @ 1410
Event: 39,619 Thread 0x00007fdc10007800 Uncommon trap: reason=unstable_if action=reinterpret pc=0x00007fdc5d9a5668 method=java.lang.CharacterDataLatin1.digit(II)I @ 31
Event: 39,621 Thread 0x00007fdc10007800 Uncommon trap: reason=class_check action=maybe_recompile pc=0x00007fdc5dfc1878 method=com.sun.org.apache.xerces.internal.impl.XMLDocumentFragmentScannerImpl$FragmentContentDriver.next()I @ 1410

Classes redefined (0 events):
No events

Internal exceptions (10 events):
Event: 36,883 Thread 0x00007fdc10007800 Exception <a 'sun/nio/fs/UnixException'> (0x00000000e99dadf0) thrown at [/ssd/Android/AOSP-openjdk-git/jdk8u/hotspot/src/share/vm/prims/jni.cpp, line 709]
Event: 36,883 Thread 0x00007fdc10007800 Exception <a 'sun/nio/fs/UnixException'> (0x00000000e99dc250) thrown at [/ssd/Android/AOSP-openjdk-git/jdk8u/hotspot/src/share/vm/prims/jni.cpp, line 709]
Event: 36,947 Thread 0x00007fdc10007800 Exception <a 'sun/nio/fs/UnixException'> (0x00000000e99dfdd8) thrown at [/ssd/Android/AOSP-openjdk-git/jdk8u/hotspot/src/share/vm/prims/jni.cpp, line 709]
Event: 36,947 Thread 0x00007fdc10007800 Exception <a 'sun/nio/fs/UnixException'> (0x00000000e99e11f8) thrown at [/ssd/Android/AOSP-openjdk-git/jdk8u/hotspot/src/share/vm/prims/jni.cpp, line 709]
Event: 37,357 Thread 0x00007fdc10007800 Exception <a 'sun/nio/fs/UnixException'> (0x00000000e99e55d0) thrown at [/ssd/Android/AOSP-openjdk-git/jdk8u/hotspot/src/share/vm/prims/jni.cpp, line 709]
Event: 37,357 Thread 0x00007fdc10007800 Exception <a 'sun/nio/fs/UnixException'> (0x00000000e99e69f0) thrown at [/ssd/Android/AOSP-openjdk-git/jdk8u/hotspot/src/share/vm/prims/jni.cpp, line 709]
Event: 37,428 Thread 0x00007fdc10007800 Exception <a 'sun/nio/fs/UnixException'> (0x00000000e99e9300) thrown at [/ssd/Android/AOSP-openjdk-git/jdk8u/hotspot/src/share/vm/prims/jni.cpp, line 709]
Event: 37,428 Thread 0x00007fdc10007800 Exception <a 'sun/nio/fs/UnixException'> (0x00000000e99ea740) thrown at [/ssd/Android/AOSP-openjdk-git/jdk8u/hotspot/src/share/vm/prims/jni.cpp, line 709]
Event: 37,731 Thread 0x00007fdc10007800 Exception <a 'java/lang/ClassNotFoundException': com/sun/org/glassfish/hk2/osgiresourcelocator/ServiceLoader> (0x00000000e9a3fcc0) thrown at [/ssd/Android/AOSP-openjdk-git/jdk8u/hotspot/src/share/vm/classfile/systemDictionary.cpp, line 210]
Event: 37,882 Thread 0x00007fdc10007800 Exception <a 'java/lang/NullPointerException'> (0x00000000e9a7d0e0) thrown at [/ssd/Android/AOSP-openjdk-git/jdk8u/hotspot/src/share/vm/interpreter/linkResolver.cpp, line 1282]

Events (10 events):
Event: 39,465 Thread 0x00007fdc10007800 Uncommon trap: trap_request=0xffffffde fr.pc=0x00007fdc5dfc1878
Event: 39,465 Thread 0x00007fdc10007800 DEOPT PACKING pc=0x00007fdc5dfc1878 sp=0x00007fdc4f2e3ff0
Event: 39,465 Thread 0x00007fdc10007800 DEOPT UNPACKING pc=0x00007fdc5d004f69 sp=0x00007fdc4f2e4018 mode 2
Event: 39,619 Thread 0x00007fdc10007800 Uncommon trap: trap_request=0xffffff65 fr.pc=0x00007fdc5d9a5668
Event: 39,619 Thread 0x00007fdc10007800 DEOPT PACKING pc=0x00007fdc5d9a5668 sp=0x00007fdc4f2e3bd0
Event: 39,619 Thread 0x00007fdc10007800 DEOPT UNPACKING pc=0x00007fdc5d004f69 sp=0x00007fdc4f2e3b60 mode 2
Event: 39,621 Thread 0x00007fdc10007800 Uncommon trap: trap_request=0xffffffde fr.pc=0x00007fdc5dfc1878
Event: 39,621 Thread 0x00007fdc10007800 DEOPT PACKING pc=0x00007fdc5dfc1878 sp=0x00007fdc4f2e3ff0
Event: 39,621 Thread 0x00007fdc10007800 DEOPT UNPACKING pc=0x00007fdc5d004f69 sp=0x00007fdc4f2e4018 mode 2
Event: 39,784 Executing VM operation: ParallelGCFailedAllocation


Dynamic libraries:
00400000-00401000 r-xp 00000000 00:2b 6691774                            /home/jm/Documents/android-studio/jre/bin/java
00600000-00601000 r--p 00000000 00:2b 6691774                            /home/jm/Documents/android-studio/jre/bin/java
00601000-00602000 rw-p 00001000 00:2b 6691774                            /home/jm/Documents/android-studio/jre/bin/java
022b6000-022d7000 rw-p 00000000 00:00 0                                  [heap]
a0000000-a2600000 rw-p 00000000 00:00 0 
a2600000-e0000000 ---p 00000000 00:00 0 
e0000000-ec080000 rw-p 00000000 00:00 0 
f1580000-100000000 ---p 00000000 00:00 0 
100000000-100660000 rw-p 00000000 00:00 0 
100660000-140000000 ---p 00000000 00:00 0 
7fdbd8000000-7fdbd8021000 rw-p 00000000 00:00 0 
7fdbd8021000-7fdbdc000000 ---p 00000000 00:00 0 
7fdbe0000000-7fdbe0021000 rw-p 00000000 00:00 0 
7fdbe0021000-7fdbe4000000 ---p 00000000 00:00 0 
7fdbe4000000-7fdbe4021000 rw-p 00000000 00:00 0 
7fdbe4021000-7fdbe8000000 ---p 00000000 00:00 0 
7fdbe8000000-7fdbe8021000 rw-p 00000000 00:00 0 
7fdbe8021000-7fdbec000000 ---p 00000000 00:00 0 
7fdbec000000-7fdbec021000 rw-p 00000000 00:00 0 
7fdbec021000-7fdbf0000000 ---p 00000000 00:00 0 
7fdbf0000000-7fdbf0021000 rw-p 00000000 00:00 0 
7fdbf0021000-7fdbf4000000 ---p 00000000 00:00 0 
7fdbf4000000-7fdbf4021000 rw-p 00000000 00:00 0 
7fdbf4021000-7fdbf8000000 ---p 00000000 00:00 0 
7fdbf8000000-7fdbf80cb000 rw-p 00000000 00:00 0 
7fdbf80cb000-7fdbfc000000 ---p 00000000 00:00 0 
7fdbfc000000-7fdbfc021000 rw-p 00000000 00:00 0 
7fdbfc021000-7fdc00000000 ---p 00000000 00:00 0 
7fdc00000000-7fdc0027e000 rw-p 00000000 00:00 0 
7fdc0027e000-7fdc04000000 ---p 00000000 00:00 0 
7fdc04000000-7fdc04021000 rw-p 00000000 00:00 0 
7fdc04021000-7fdc08000000 ---p 00000000 00:00 0 
7fdc08000000-7fdc08021000 rw-p 00000000 00:00 0 
7fdc08021000-7fdc0c000000 ---p 00000000 00:00 0 
7fdc0c000000-7fdc0d1f7000 rw-p 00000000 00:00 0 
7fdc0d1f7000-7fdc10000000 ---p 00000000 00:00 0 
7fdc10000000-7fdc10021000 rw-p 00000000 00:00 0 
7fdc10021000-7fdc14000000 ---p 00000000 00:00 0 
7fdc14000000-7fdc1402c000 rw-p 00000000 00:00 0 
7fdc1402c000-7fdc18000000 ---p 00000000 00:00 0 
7fdc18000000-7fdc18074000 rw-p 00000000 00:00 0 
7fdc18074000-7fdc1c000000 ---p 00000000 00:00 0 
7fdc1c000000-7fdc1c021000 rw-p 00000000 00:00 0 
7fdc1c021000-7fdc20000000 ---p 00000000 00:00 0 
7fdc20000000-7fdc20021000 rw-p 00000000 00:00 0 
7fdc20021000-7fdc24000000 ---p 00000000 00:00 0 
7fdc24000000-7fdc24021000 rw-p 00000000 00:00 0 
7fdc24021000-7fdc28000000 ---p 00000000 00:00 0 
7fdc28000000-7fdc2a0ca000 rw-p 00000000 00:00 0 
7fdc2a0ca000-7fdc2c000000 ---p 00000000 00:00 0 
7fdc2c000000-7fdc2c869000 rw-p 00000000 00:00 0 
7fdc2c869000-7fdc30000000 ---p 00000000 00:00 0 
7fdc30000000-7fdc30021000 rw-p 00000000 00:00 0 
7fdc30021000-7fdc34000000 ---p 00000000 00:00 0 
7fdc34000000-7fdc36665000 rw-p 00000000 00:00 0 
7fdc36665000-7fdc38000000 ---p 00000000 00:00 0 
7fdc38000000-7fdc38021000 rw-p 00000000 00:00 0 
7fdc38021000-7fdc3c000000 ---p 00000000 00:00 0 
7fdc3c000000-7fdc3c021000 rw-p 00000000 00:00 0 
7fdc3c021000-7fdc40000000 ---p 00000000 00:00 0 
7fdc40000000-7fdc40021000 rw-p 00000000 00:00 0 
7fdc40021000-7fdc44000000 ---p 00000000 00:00 0 
7fdc44000000-7fdc4427f000 rw-p 00000000 00:00 0 
7fdc4427f000-7fdc48000000 ---p 00000000 00:00 0 
7fdc48000000-7fdc48021000 rw-p 00000000 00:00 0 
7fdc48021000-7fdc4c000000 ---p 00000000 00:00 0 
7fdc4c2b0000-7fdc4c4b0000 rw-p 00000000 00:00 0 
7fdc4c4b0000-7fdc4c4c2000 r--s 00345000 00:2b 6691856                    /home/jm/Documents/android-studio/jre/jre/lib/resources.jar
7fdc4c4c2000-7fdc4c6c2000 rw-p 00000000 00:00 0 
7fdc4c6c2000-7fdc4c8c2000 rw-p 00000000 00:00 0 
7fdc4c8c2000-7fdc4c8c5000 r--s 00015000 00:2b 6691855                    /home/jm/Documents/android-studio/jre/jre/lib/jce.jar
7fdc4c8c5000-7fdc4cac5000 rw-p 00000000 00:00 0 
7fdc4cac5000-7fdc4cac8000 ---p 00000000 00:00 0 
7fdc4cac8000-7fdc4cdc6000 rw-p 00000000 00:00 0 
7fdc4cdc6000-7fdc4cfbc000 rw-p 00000000 00:00 0 
7fdc4cfbc000-7fdc4cfc6000 ---p 00000000 00:00 0 
7fdc4cfc6000-7fdc4cfd1000 r--s 00081000 00:2b 3934144                    /home/jm/.gradle/caches/jars-3/fc6e889a0f45cc9752787eb60f920103/trove4j-20160824.jar
7fdc4cfd1000-7fdc4d054000 r--s 00758000 00:2b 3934142                    /home/jm/.gradle/caches/jars-3/b46ab84062ddfd52701cfe0a9718e764/intellij-core-26.0.1.jar
7fdc4d054000-7fdc4d05a000 r--s 00033000 00:2b 3934140                    /home/jm/.gradle/caches/jars-3/f96c897d327ea500d64fe3af2833bd50/commons-codec-1.6.jar
7fdc4d05a000-7fdc4d05c000 r--s 0000d000 00:2b 3934138                    /home/jm/.gradle/caches/jars-3/ccc849edcf9fccd61ed937bf93ffe896/commons-logging-1.1.1.jar
7fdc4d05c000-7fdc4d062000 r--s 00032000 00:2b 3934136                    /home/jm/.gradle/caches/jars-3/72e344059d1923829968d0d38b0c3c72/httpcore-4.2.5.jar
7fdc4d062000-7fdc4d063000 r--s 00004000 00:2b 3934134                    /home/jm/.gradle/caches/jars-3/3a4299d1ce3e273e7c03a9ccf5a1e333/annotations-12.0.jar
7fdc4d063000-7fdc4d064000 r--s 00000000 00:2b 3934132                    /home/jm/.gradle/caches/jars-3/0e2fbc3b8c56d2975eca90c524790c13/animal-sniffer-annotations-1.14.jar
7fdc4d064000-7fdc4d066000 r--s 00001000 00:2b 3934130                    /home/jm/.gradle/caches/jars-3/ad41f8f3ac67c0323ce9eb1c20c8dc3f/j2objc-annotations-1.1.jar
7fdc4d066000-7fdc4d067000 r--s 00002000 00:2b 3934128                    /home/jm/.gradle/caches/jars-3/9edb0f46b907c34c4718edabde6c791c/error_prone_annotations-2.0.18.jar
7fdc4d067000-7fdc4d06a000 r--s 00006000 00:2b 3934126                    /home/jm/.gradle/caches/jars-3/b58a9bc3bbba42132e4abc0bacae8da1/jsr305-1.3.9.jar
7fdc4d06a000-7fdc4d06b000 r--s 0000a000 00:2b 3934124                    /home/jm/.gradle/caches/jars-3/5b8b36ed61fe92731031cca3c9b3a0b3/kxml2-2.3.0.jar
7fdc4d06b000-7fdc4d06d000 r--s 00005000 00:2b 3934122                    /home/jm/.gradle/caches/jars-3/f10e1e1978816198f2eb1189c974b440/httpmime-4.1.jar
7fdc4d06d000-7fdc4d077000 r--s 00061000 00:2b 3934120                    /home/jm/.gradle/caches/jars-3/bc4b2527f35dc983f759e8f85f3f8d52/httpclient-4.2.6.jar
7fdc4d077000-7fdc4d080000 r--s 00064000 00:2b 3934118                    /home/jm/.gradle/caches/jars-3/fc37c717528c2a0d27f3e3621835f781/commons-compress-1.12.jar
7fdc4d080000-7fdc4d085000 r--s 0002e000 00:2b 3934116                    /home/jm/.gradle/caches/jars-3/c5bcda7f6f4809e9c92270f99e51f154/gson-2.3.jar
7fdc4d085000-7fdc4d095000 r--s 000d6000 00:2b 3934114                    /home/jm/.gradle/caches/jars-3/dbdb8caed2514263a34702cc763c6785/proguard-base-5.3.3.jar
7fdc4d095000-7fdc4d097000 r--s 00003000 00:2b 3934112                    /home/jm/.gradle/caches/jars-3/01ab8600ebbfdcaf9b89b45c2b992e82/annotations-13.0.jar
7fdc4d097000-7fdc4d098000 r--s 00001000 00:2b 3934110                    /home/jm/.gradle/caches/jars-3/dccac9b7f67766e57200b1770178f61c/annotations-26.0.1.jar
7fdc4d098000-7fdc4d09b000 r--s 00033000 00:2b 3934108                    /home/jm/.gradle/caches/jars-3/0ce03714647bf7bd3c78634c20ddbf38/juniversalchardet-1.0.3.jar
7fdc4d09b000-7fdc4d09f000 r--s 0002a000 00:2b 3934106                    /home/jm/.gradle/caches/jars-3/9849af6d4b0409ba64061601342f385d/commons-io-2.4.jar
7fdc4d09f000-7fdc4d0b6000 r--s 00154000 00:2b 3934104                    /home/jm/.gradle/caches/jars-3/57adf9abd30c921d4ea1dfdcfe7b9efd/antlr4-4.5.3.jar
7fdc4d0b6000-7fdc4d0b7000 r--s 00003000 00:2b 3934102                    /home/jm/.gradle/caches/jars-3/54a15dd332fd4c2e246ad396835dc0d2/baseLibrary-3.0.1.jar
7fdc4d0b7000-7fdc4d0e7000 r--s 00245000 00:2b 3934100                    /home/jm/.gradle/caches/jars-3/8e27cdebb49ba2f804f9403d90aaaac5/guava-22.0.jar
7fdc4d0e7000-7fdc4d0ef000 r--s 000a8000 00:2b 3934098                    /home/jm/.gradle/caches/jars-3/6cc57ce9ec0d90186f781694264d61bc/lombok-ast-0.2.3.jar
7fdc4d0ef000-7fdc4d0f3000 r--s 0002f000 00:2b 3934096                    /home/jm/.gradle/caches/jars-3/505fcc8c47da308b2f1262f0ff3c65f1/jimfs-1.1.jar
7fdc4d0f3000-7fdc4d106000 r--s 00241000 00:2b 3934094                    /home/jm/.gradle/caches/jars-3/d8dc71eb6d91c966c45f7b594129e14a/ecj-4.6.1.jar
7fdc4d106000-7fdc4d107000 r--s 00003000 00:2b 3934092                    /home/jm/.gradle/caches/jars-3/fdb8f5ebd6a086c4818336712b830716/json-simple-1.1.jar
7fdc4d107000-7fdc4d22c000 r--s 00f5d000 00:2b 3934090                    /home/jm/.gradle/caches/jars-3/dfd566a90e18a0aa75879c33e0731ab8/fastutil-7.2.0.jar
7fdc4d22c000-7fdc4d277000 r--s 002ff000 00:2b 3934088                    /home/jm/.gradle/caches/jars-3/d3d44e9a7fcb4a86fb40775c385dd3d0/bcprov-jdk15on-1.56.jar
7fdc4d277000-7fdc4d288000 r--s 00097000 00:2b 3934086                    /home/jm/.gradle/caches/jars-3/59ebb77d99c5ca0e24bb23272e0329dd/bcpkix-jdk15on-1.56.jar
7fdc4d288000-7fdc4d28a000 r--s 00002000 00:2b 3934084                    /home/jm/.gradle/caches/jars-3/f268e5e8fc83bb846ac355d6a16b1f30/javawriter-2.5.0.jar
7fdc4d28a000-7fdc4d28f000 r--s 0003b000 00:2b 3934082                    /home/jm/.gradle/caches/jars-3/91bf67441f6ac57ccbb374f99f9ed0fc/apksig-3.0.1.jar
7fdc4d28f000-7fdc4d292000 r--s 00024000 00:2b 3934080                    /home/jm/.gradle/caches/jars-3/04183dcd1bde85515b23d1bbd46ea9bc/common-26.0.1.jar
7fdc4d292000-7fdc4d294000 r--s 00006000 00:2b 3934078                    /home/jm/.gradle/caches/jars-3/a0ea702af2bdb16dfa1a50969b155dea/dvlib-26.0.1.jar
7fdc4d294000-7fdc4d297000 r--s 00014000 00:2b 3934076                    /home/jm/.gradle/caches/jars-3/6abb718b4b844aa0386163f0c2f6eb72/layoutlib-api-26.0.1.jar
7fdc4d297000-7fdc4d29c000 r--s 0004d000 00:2b 3934074                    /home/jm/.gradle/caches/jars-3/65a80584522712b8832b7c1c03186c4b/ddmlib-26.0.1.jar
7fdc4d29c000-7fdc4d29d000 r--s 00003000 00:2b 3934072                    /home/jm/.gradle/caches/jars-3/af01854c900e4906a368ef59064a245d/builder-test-api-3.0.1.jar
7fdc4d29d000-7fdc4d2a0000 r--s 00007000 00:2b 3934070                    /home/jm/.gradle/caches/jars-3/124ec36ab4edce0919b54d1123daa364/builder-model-3.0.1.jar
7fdc4d2a0000-7fdc4d2af000 r--s 00130000 00:2b 3934068                    /home/jm/.gradle/caches/jars-3/72ba1443c6adcea1f6ba21e12f0bb0fc/protobuf-java-3.0.0.jar
7fdc4d2af000-7fdc4d2c2000 r--s 001a8000 00:2b 3934066                    /home/jm/.gradle/caches/jars-3/a1cbdfb97e256e71fcbd29dc4584a785/protos-26.0.1.jar
7fdc4d2c2000-7fdc4d2c3000 r--s 00005000 00:2b 3934064                    /home/jm/.gradle/caches/jars-3/ca5180624b528b15325a5d002dbfbb6d/shared-26.0.1.jar
7fdc4d2c3000-7fdc4d2c5000 r--s 00004000 00:2b 3934062                    /home/jm/.gradle/caches/jars-3/07f12c2b6f66ca8d4d6bd02e9c9b060a/tracker-26.0.1.jar
7fdc4d2c5000-7fdc4d2c7000 r--s 00002000 00:2b 3934060                    /home/jm/.gradle/caches/jars-3/e91624d2ed1c3b55eec9fd768ed13c1d/proguard-gradle-5.3.3.jar
7fdc4d2c7000-7fdc4d2c9000 r--s 0000f000 00:2b 3934058                    /home/jm/.gradle/caches/jars-3/96760c32d36a5d7066e3ccf088bfd362/jopt-simple-4.9.jar
7fdc4d2c9000-7fdc4d2cd000 r--s 0001e000 00:2b 3934056                    /home/jm/.gradle/caches/jars-3/0d3e95aba631209a078aeec58a76633d/org.jacoco.core-0.7.4.201502262128.jar
7fdc4d2cd000-7fdc4d2d0000 r--s 00020000 00:2b 3934054                    /home/jm/.gradle/caches/jars-3/c72fc284d34f39eab57a4e3ba83405e9/org.jacoco.report-0.7.4.201502262128.jar
7fdc4d2d0000-7fdc4d2d2000 r--s 0000c000 00:2b 3934052                    /home/jm/.gradle/caches/jars-3/9b0a36633c92c6e87e62c81734593183/asm-5.1.jar
7fdc4d2d2000-7fdc4d2d4000 r--s 00006000 00:2b 3934050                    /home/jm/.gradle/caches/jars-3/50c8a7da333c41693b2b7ce95b6d9d89/asm-tree-5.1.jar
7fdc4d2d4000-7fdc4d2d5000 r--s 0000a000 00:2b 3934048                    /home/jm/.gradle/caches/jars-3/c4f1f1d5a624f981d35a78d181e2c418/asm-util-5.1.jar
7fdc4d2d5000-7fdc4d2d7000 r--s 0000a000 00:2b 3934046                    /home/jm/.gradle/caches/jars-3/d37aa405961c464c627b1efe5def81b8/asm-commons-5.1.jar
7fdc4d2d7000-7fdc4d2d8000 r--s 00004000 00:2b 3934044                    /home/jm/.gradle/caches/jars-3/2b2689d10a4425b1cb2d0654db2ea088/asm-analysis-5.1.jar
7fdc4d2d8000-7fdc4d2e7000 r--s 000c8000 00:2b 3934040                    /home/jm/.gradle/caches/jars-3/af931fae44e009148423077fa09abbd1/kotlin-stdlib-1.1.3-2.jar
7fdc4d2e7000-7fdc4d319000 r--s 0021b000 00:2b 3934038                    /home/jm/.gradle/caches/jars-3/24b2127528a18b338af82ff7ea236d45/kotlin-reflect-1.1.3-2.jar
7fdc4d319000-7fdc4d31f000 r--s 00030000 00:2b 3934036                    /home/jm/.gradle/caches/jars-3/90ec49f8b88710e2876aefe447609abb/repository-26.0.1.jar
7fdc4d31f000-7fdc4d32e000 r--s 000da000 00:2b 3934032                    /home/jm/.gradle/caches/jars-3/50767da85151ce151711c301f4a0623c/sdk-common-26.0.1.jar
7fdc4d32e000-7fdc4d52e000 rw-p 00000000 00:00 0 
7fdc4d52e000-7fdc4d531000 ---p 00000000 00:00 0 
7fdc4d531000-7fdc4d62f000 rw-p 00000000 00:00 0 
7fdc4d62f000-7fdc4d632000 ---p 00000000 00:00 0 
7fdc4d632000-7fdc4d730000 rw-p 00000000 00:00 0 
7fdc4d730000-7fdc4d733000 ---p 00000000 00:00 0 
7fdc4d733000-7fdc4d831000 rw-p 00000000 00:00 0 
7fdc4d831000-7fdc4d834000 ---p 00000000 00:00 0 
7fdc4d834000-7fdc4db32000 rw-p 00000000 00:00 0 
7fdc4db32000-7fdc4db35000 ---p 00000000 00:00 0 
7fdc4db35000-7fdc4de33000 rw-p 00000000 00:00 0 
7fdc4de33000-7fdc4e033000 rw-p 00000000 00:00 0 
7fdc4e033000-7fdc4e233000 rw-p 00000000 00:00 0 
7fdc4e233000-7fdc4e433000 rw-p 00000000 00:00 0 
7fdc4e433000-7fdc4e633000 rw-p 00000000 00:00 0 
7fdc4e633000-7fdc4e6ac000 r--s 010fd000 00:2b 6691827                    /home/jm/Documents/android-studio/jre/lib/tools.jar
7fdc4e6ac000-7fdc4e6ad000 r--s 00000000 00:2b 3934042                    /home/jm/.gradle/caches/jars-3/5206138fb8a6b2ffbd31e140916c2100/transform-api-2.0.0-deprecated-use-gradle-api.jar
7fdc4e6ad000-7fdc4e6b8000 r--s 0009b000 00:2b 3934034                    /home/jm/.gradle/caches/jars-3/af771564c510a1c104220a8be892ab2d/sdklib-26.0.1.jar
7fdc4e6b8000-7fdc4e6bc000 r--s 00023000 00:2b 3934030                    /home/jm/.gradle/caches/jars-3/186e268c3a12c0a405d658dabf9d64d2/manifest-merger-26.0.1.jar
7fdc4e6bc000-7fdc4e6c0000 r--s 0002e000 00:2b 3934028                    /home/jm/.gradle/caches/jars-3/c519ce7b2f3637e909703f541c08c445/compilerCommon-3.0.1.jar
7fdc4e6c0000-7fdc4e6c2000 r--s 00003000 00:2b 3934026                    /home/jm/.gradle/caches/jars-3/34cfdbf6cad3f54cc2f45521bf0374e7/gradle-api-3.0.1.jar
7fdc4e6c2000-7fdc4e6d1000 r--s 000cb000 00:2b 3934024                    /home/jm/.gradle/caches/jars-3/e5c09abb4b0acf0785ecd8a8015ab959/uast-26.0.1.jar
7fdc4e6d1000-7fdc4e6d8000 r--s 0007f000 00:2b 3934022                    /home/jm/.gradle/caches/jars-3/b1f5a73634581e955e7f89376aea2d48/lint-api-26.0.1.jar
7fdc4e6d8000-7fdc4e6e1000 r--s 000ff000 00:2b 3934020                    /home/jm/.gradle/caches/jars-3/75e696a5531ca85e1fe447df83f74bd2/lint-checks-26.0.1.jar
7fdc4e6e1000-7fdc4e6e4000 r--s 00039000 00:2b 3934018                    /home/jm/.gradle/caches/jars-3/7fa6c4fcdd1d81db4cc9c7439ce29486/lint-26.0.1.jar
7fdc4e6e4000-7fdc4e714000 r--s 01983000 00:2b 3934016                    /home/jm/.gradle/caches/jars-3/add7f1627b730db059119a8274a10c21/builder-3.0.1.jar
7fdc4e714000-7fdc4e737000 r--s 0020b000 00:2b 3934014                    /home/jm/.gradle/caches/jars-3/4adae2b762c8552c6e3aa2ded1493e4b/gradle-core-3.0.1.jar
7fdc4e737000-7fdc4e739000 r--s 00007000 00:2b 4069886                    /home/jm/.gradle/caches/modules-2/files-2.1/com.google.gms/google-services/3.1.0/166ae4e6acd03b7bbebe221ffa54bc039fece1b9/google-services-3.1.0.jar
7fdc4e739000-7fdc4e73b000 r--s 0000f000 00:2b 3934012                    /home/jm/.gradle/caches/jars-3/afd86a0d8507fd7f2e97461eaf9e4416/gradle-3.0.1.jar
7fdc4e73b000-7fdc4e856000 r--s 02008000 00:2b 3682078                    /home/jm/.gradle/caches/jars-3/9955734f77abc673a38c7cd4c0214af5/android.jar
7fdc4e856000-7fdc4e85d000 r--s 0002a000 00:2b 3681943                    /home/jm/.gradle/caches/jars-3/fff47aec37b967e571b648d1fc9c6db6/gradle-messaging-3.5.jar
7fdc4e85d000-7fdc4e862000 r--s 00041000 00:2b 3681941                    /home/jm/.gradle/caches/jars-3/c0502f5c2cf6dfd52d250e1b7d027d24/commons-lang-2.6.jar
7fdc4e862000-7fdc4e8a4000 r--s 00220000 00:2b 3681939                    /home/jm/.gradle/caches/jars-3/929747bc6b973b44297e9c57df71598d/gradle-core-3.5.jar
7fdc4e8a4000-7fdc4e8ad000 r--s 00047000 00:2b 3681937                    /home/jm/.gradle/caches/jars-3/11d06a5dce89fe5632250b7df00a3d57/gradle-base-services-3.5.jar
7fdc4e8ad000-7fdc4e8d5000 r--s 001cf000 00:2b 3681935                    /home/jm/.gradle/caches/jars-3/566e7e0f530f75a42eba4833ef84d88c/guava-jdk5-17.0.jar
7fdc4e8d5000-7fdc4e8e3000 r--s 00043000 00:2b 3681933                    /home/jm/.gradle/caches/jars-3/c0d1da18a547ef3a2ba66d3068ae6e09/gradle-tooling-api-3.5.jar
7fdc4e8e3000-7fdc4e8e6000 ---p 00000000 00:00 0 
7fdc4e8e6000-7fdc4ebe4000 rw-p 00000000 00:00 0 
7fdc4ebe4000-7fdc4ebe7000 ---p 00000000 00:00 0 
7fdc4ebe7000-7fdc4ece5000 rw-p 00000000 00:00 0 
7fdc4ece5000-7fdc4ece8000 ---p 00000000 00:00 0 
7fdc4ece8000-7fdc4efe6000 rw-p 00000000 00:00 0 
7fdc4efe6000-7fdc4efe9000 ---p 00000000 00:00 0 
7fdc4efe9000-7fdc4f0e7000 rw-p 00000000 00:00 0 
7fdc4f0e7000-7fdc4f0ea000 ---p 00000000 00:00 0 
7fdc4f0ea000-7fdc4f1e8000 rw-p 00000000 00:00 0 
7fdc4f1e8000-7fdc4f1eb000 ---p 00000000 00:00 0 
7fdc4f1eb000-7fdc4f2e9000 rw-p 00000000 00:00 0 
7fdc4f2e9000-7fdc4f2ec000 ---p 00000000 00:00 0 
7fdc4f2ec000-7fdc4f3ea000 rw-p 00000000 00:00 0 
7fdc4f3ea000-7fdc4f3ed000 ---p 00000000 00:00 0 
7fdc4f3ed000-7fdc4f4eb000 rw-p 00000000 00:00 0 
7fdc4f4eb000-7fdc4f4ee000 ---p 00000000 00:00 0 
7fdc4f4ee000-7fdc4f5ec000 rw-p 00000000 00:00 0 
7fdc4f5ec000-7fdc4f5ef000 ---p 00000000 00:00 0 
7fdc4f5ef000-7fdc4f6ed000 rw-p 00000000 00:00 0 
7fdc4f6ed000-7fdc4f6f4000 r--s 00000000 08:05 7089411                    /usr/lib/x86_64-linux-gnu/gconv/gconv-modules.cache
7fdc4f6f4000-7fdc4f6f7000 ---p 00000000 00:00 0 
7fdc4f6f7000-7fdc4f7f5000 rw-p 00000000 00:00 0 
7fdc4f7f5000-7fdc4f7fa000 r--s 0009a000 00:2b 6691952                    /home/jm/Documents/android-studio/jre/jre/lib/jsse.jar
7fdc4f7fa000-7fdc4f9fa000 rw-p 00000000 00:00 0 
7fdc4f9fa000-7fdc4fa03000 r-xp 00000000 00:2b 6691905                    /home/jm/Documents/android-studio/jre/jre/lib/amd64/libmanagement.so
7fdc4fa03000-7fdc4fc02000 ---p 00009000 00:2b 6691905                    /home/jm/Documents/android-studio/jre/jre/lib/amd64/libmanagement.so
7fdc4fc02000-7fdc4fc03000 r--p 00008000 00:2b 6691905                    /home/jm/Documents/android-studio/jre/jre/lib/amd64/libmanagement.so
7fdc4fc03000-7fdc4fc04000 rw-p 00009000 00:2b 6691905                    /home/jm/Documents/android-studio/jre/jre/lib/amd64/libmanagement.so
7fdc4fc04000-7fdc4fc06000 r--s 00007000 00:2b 3676611                    /home/jm/.gradle/wrapper/dists/gradle-4.1-all/bzyivzo6n839fup2jbap0tjew/gradle-4.1/lib/plugins/gradle-tooling-api-builders-4.1.jar
7fdc4fc06000-7fdc4fc09000 r--s 00009000 00:2b 3676621                    /home/jm/.gradle/wrapper/dists/gradle-4.1-all/bzyivzo6n839fup2jbap0tjew/gradle-4.1/lib/plugins/gradle-testing-native-4.1.jar
7fdc4fc09000-7fdc4fc0b000 r--s 00009000 00:2b 3676694                    /home/jm/.gradle/wrapper/dists/gradle-4.1-all/bzyivzo6n839fup2jbap0tjew/gradle-4.1/lib/plugins/hamcrest-core-1.3.jar
7fdc4fc0b000-7fdc4fc10000 r--s 00040000 00:2b 3676689                    /home/jm/.gradle/wrapper/dists/gradle-4.1-all/bzyivzo6n839fup2jbap0tjew/gradle-4.1/lib/plugins/bsh-2.0b4.jar
7fdc4fc10000-7fdc4fc12000 r--s 00006000 00:2b 3676690                    /home/jm/.gradle/wrapper/dists/gradle-4.1-all/bzyivzo6n839fup2jbap0tjew/gradle-4.1/lib/plugins/jcommander-1.12.jar
7fdc4fc12000-7fdc4fc18000 r--s 00033000 00:2b 3676691                    /home/jm/.gradle/wrapper/dists/gradle-4.1-all/bzyivzo6n839fup2jbap0tjew/gradle-4.1/lib/plugins/snakeyaml-1.6.jar
7fdc4fc18000-7fdc4fc21000 r--s 00089000 00:2b 3676649                    /home/jm/.gradle/wrapper/dists/gradle-4.1-all/bzyivzo6n839fup2jbap0tjew/gradle-4.1/lib/plugins/testng-6.3.1.jar
7fdc4fc21000-7fdc4fc29000 r--s 00045000 00:2b 3676650                    /home/jm/.gradle/wrapper/dists/gradle-4.1-all/bzyivzo6n839fup2jbap0tjew/gradle-4.1/lib/plugins/junit-4.12.jar
7fdc4fc29000-7fdc4fc2f000 r--s 0002e000 00:2b 3676617                    /home/jm/.gradle/wrapper/dists/gradle-4.1-all/bzyivzo6n839fup2jbap0tjew/gradle-4.1/lib/plugins/gradle-testing-jvm-4.1.jar
7fdc4fc2f000-7fdc4fc33000 r--s 00017000 00:2b 3676625                    /home/jm/.gradle/wrapper/dists/gradle-4.1-all/bzyivzo6n839fup2jbap0tjew/gradle-4.1/lib/plugins/gradle-testing-base-4.1.jar
7fdc4fc33000-7fdc4fc3a000 r--s 00038000 00:2b 3676645                    /home/jm/.gradle/wrapper/dists/gradle-4.1-all/bzyivzo6n839fup2jbap0tjew/gradle-4.1/lib/plugins/bcpg-jdk15on-1.51.jar
7fdc4fc3a000-7fdc4fc3c000 r--s 0000c000 00:2b 3676596                    /home/jm/.gradle/wrapper/dists/gradle-4.1-all/bzyivzo6n839fup2jbap0tjew/gradle-4.1/lib/plugins/gradle-signing-4.1.jar
7fdc4fc3c000-7fdc4fc3e000 r--s 00007000 00:2b 3676602                    /home/jm/.gradle/wrapper/dists/gradle-4.1-all/bzyivzo6n839fup2jbap0tjew/gradle-4.1/lib/plugins/gradle-scala-4.1.jar
7fdc4fc3e000-7fdc4fc3f000 r--s 00004000 00:2b 3676633                    /home/jm/.gradle/wrapper/dists/gradle-4.1-all/bzyivzo6n839fup2jbap0tjew/gradle-4.1/lib/plugins/gradle-resources-sftp-4.1.jar
7fdc4fc3f000-7fdc4fc4f000 r--s 00088000 00:2b 3676662                    /home/jm/.gradle/wrapper/dists/gradle-4.1-all/bzyivzo6n839fup2jbap0tjew/gradle-4.1/lib/plugins/joda-time-2.8.2.jar
7fdc4fc4f000-7fdc4fc60000 r--s 0010d000 00:2b 3676661                    /home/jm/.gradle/wrapper/dists/gradle-4.1-all/bzyivzo6n839fup2jbap0tjew/gradle-4.1/lib/plugins/jackson-databind-2.6.6.jar
7fdc4fc60000-7fdc4fc63000 r--s 00009000 00:2b 3676660                    /home/jm/.gradle/wrapper/dists/gradle-4.1-all/bzyivzo6n839fup2jbap0tjew/gradle-4.1/lib/plugins/jackson-annotations-2.6.6.jar
7fdc4fc63000-7fdc4fc67000 r--s 0003c000 00:2b 3676659                    /home/jm/.gradle/wrapper/dists/gradle-4.1-all/bzyivzo6n839fup2jbap0tjew/gradle-4.1/lib/plugins/jackson-core-2.6.6.jar
7fdc4fc67000-7fdc4fc75000 r--s 00087000 00:2b 3676658                    /home/jm/.gradle/wrapper/dists/gradle-4.1-all/bzyivzo6n839fup2jbap0tjew/gradle-4.1/lib/plugins/aws-java-sdk-core-1.11.6.jar
7fdc4fc75000-7fdc4fc7c000 r--s 00057000 00:2b 3676657                    /home/jm/.gradle/wrapper/dists/gradle-4.1-all/bzyivzo6n839fup2jbap0tjew/gradle-4.1/lib/plugins/aws-java-sdk-kms-1.11.6.jar
7fdc4fc7c000-7fdc4fc89000 r--s 0008e000 00:2b 3676656                    /home/jm/.gradle/wrapper/dists/gradle-4.1-all/bzyivzo6n839fup2jbap0tjew/gradle-4.1/lib/plugins/aws-java-sdk-s3-1.11.6.jar
7fdc4fc89000-7fdc4fc8b000 r--s 00004000 00:2b 3676630                    /home/jm/.gradle/wrapper/dists/gradle-4.1-all/bzyivzo6n839fup2jbap0tjew/gradle-4.1/lib/plugins/gradle-resources-s3-4.1.jar
7fdc4fc8b000-7fdc4fc8d000 r--s 00010000 00:2b 3676626                    /home/jm/.gradle/wrapper/dists/gradle-4.1-all/bzyivzo6n839fup2jbap0tjew/gradle-4.1/lib/plugins/gradle-reporting-4.1.jar
7fdc4fc8d000-7fdc4fc8f000 r--s 00002000 00:2b 3676627                    /home/jm/.gradle/wrapper/dists/gradle-4.1-all/bzyivzo6n839fup2jbap0tjew/gradle-4.1/lib/plugins/gradle-publish-4.1.jar
7fdc4fc8f000-7fdc4fc91000 r--s 00009000 00:2b 3676638                    /home/jm/.gradle/wrapper/dists/gradle-4.1-all/bzyivzo6n839fup2jbap0tjew/gradle-4.1/lib/plugins/commons-cli-1.2.jar
7fdc4fc91000-7fdc4fc97000 r--s 00036000 00:2b 3676610                    /home/jm/.gradle/wrapper/dists/gradle-4.1-all/bzyivzo6n839fup2jbap0tjew/gradle-4.1/lib/plugins/gradle-plugins-4.1.jar
7fdc4fc97000-7fdc4fc99000 r--s 00009000 00:2b 3676597                    /home/jm/.gradle/wrapper/dists/gradle-4.1-all/bzyivzo6n839fup2jbap0tjew/gradle-4.1/lib/plugins/gradle-plugin-development-4.1.jar
7fdc4fc99000-7fdc4fc9f000 r--s 0002b000 00:2b 3676605                    /home/jm/.gradle/wrapper/dists/gradle-4.1-all/bzyivzo6n839fup2jbap0tjew/gradle-4.1/lib/plugins/gradle-platform-play-4.1.jar
7fdc4fc9f000-7fdc4fcae000 r--s 0005b000 00:2b 3676623                    /home/jm/.gradle/wrapper/dists/gradle-4.1-all/bzyivzo6n839fup2jbap0tjew/gradle-4.1/lib/plugins/gradle-platform-native-4.1.jar
7fdc4fcae000-7fdc4fcb2000 r--s 0001b000 00:2b 3676620                    /home/jm/.gradle/wrapper/dists/gradle-4.1-all/bzyivzo6n839fup2jbap0tjew/gradle-4.1/lib/plugins/gradle-platform-jvm-4.1.jar
7fdc4fcb2000-7fdc4fcba000 r--s 00027000 00:2b 3676628                    /home/jm/.gradle/wrapper/dists/gradle-4.1-all/bzyivzo6n839fup2jbap0tjew/gradle-4.1/lib/plugins/gradle-platform-base-4.1.jar
7fdc4fcba000-7fdc4fce2000 r--s 0021c000 00:2b 3676639                    /home/jm/.gradle/wrapper/dists/gradle-4.1-all/bzyivzo6n839fup2jbap0tjew/gradle-4.1/lib/plugins/biz.aQute.bndlib-3.2.0.jar
7fdc4fce2000-7fdc4fce3000 r--s 00004000 00:2b 3676595                    /home/jm/.gradle/wrapper/dists/gradle-4.1-all/bzyivzo6n839fup2jbap0tjew/gradle-4.1/lib/plugins/gradle-osgi-4.1.jar
7fdc4fce3000-7fdc4fce6000 r--s 0000c000 00:2b 3676642                    /home/jm/.gradle/wrapper/dists/gradle-4.1-all/bzyivzo6n839fup2jbap0tjew/gradle-4.1/lib/plugins/pmaven-groovy-0.8-20100325.jar
7fdc4fce6000-7fdc4fce7000 r--s 00004000 00:2b 3676641                    /home/jm/.gradle/wrapper/dists/gradle-4.1-all/bzyivzo6n839fup2jbap0tjew/gradle-4.1/lib/plugins/pmaven-common-0.8-20100325.jar
7fdc4fce7000-7fdc4fced000 r--s 00023000 00:2b 3676598                    /home/jm/.gradle/wrapper/dists/gradle-4.1-all/bzyivzo6n839fup2jbap0tjew/gradle-4.1/lib/plugins/gradle-maven-4.1.jar
7fdc4fced000-7fdc4fcf0000 r--s 0000b000 00:2b 3676616                    /home/jm/.gradle/wrapper/dists/gradle-4.1-all/bzyivzo6n839fup2jbap0tjew/gradle-4.1/lib/plugins/gradle-language-scala-4.1.jar
7fdc4fcf0000-7fdc4fcf7000 r--s 00020000 00:2b 3676622                    /home/jm/.gradle/wrapper/dists/gradle-4.1-all/bzyivzo6n839fup2jbap0tjew/gradle-4.1/lib/plugins/gradle-language-native-4.1.jar
7fdc4fcf7000-7fdc4fcf9000 r--s 00005000 00:2b 3676619                    /home/jm/.gradle/wrapper/dists/gradle-4.1-all/bzyivzo6n839fup2jbap0tjew/gradle-4.1/lib/plugins/gradle-language-jvm-4.1.jar
7fdc4fcf9000-7fdc4fd00000 r--s 0002f000 00:2b 3676618                    /home/jm/.gradle/wrapper/dists/gradle-4.1-all/bzyivzo6n839fup2jbap0tjew/gradle-4.1/lib/plugins/gradle-language-java-4.1.jar
7fdc4fd00000-7fdc4fd03000 r--s 0000a000 00:2b 3676615                    /home/jm/.gradle/wrapper/dists/gradle-4.1-all/bzyivzo6n839fup2jbap0tjew/gradle-4.1/lib/plugins/gradle-language-groovy-4.1.jar
7fdc4fd03000-7fdc4fd0a000 r--s 00035000 00:2b 3676648                    /home/jm/.gradle/wrapper/dists/gradle-4.1-all/bzyivzo6n839fup2jbap0tjew/gradle-4.1/lib/plugins/simple-4.1.21.jar
7fdc4fd0a000-7fdc4fd16000 r--s 00100000 00:2b 3676646                    /home/jm/.gradle/wrapper/dists/gradle-4.1-all/bzyivzo6n839fup2jbap0tjew/gradle-4.1/lib/plugins/rhino-1.7R3.jar
7fdc4fd16000-7fdc4fd1a000 r--s 00012000 00:2b 3676606                    /home/jm/.gradle/wrapper/dists/gradle-4.1-all/bzyivzo6n839fup2jbap0tjew/gradle-4.1/lib/plugins/gradle-javascript-4.1.jar
7fdc4fd1a000-7fdc4fd1d000 r--s 00011000 00:2b 3676608                    /home/jm/.gradle/wrapper/dists/gradle-4.1-all/bzyivzo6n839fup2jbap0tjew/gradle-4.1/lib/plugins/gradle-jacoco-4.1.jar
7fdc4fd1d000-7fdc4fd20000 r--s 0000e000 00:2b 3676607                    /home/jm/.gradle/wrapper/dists/gradle-4.1-all/bzyivzo6n839fup2jbap0tjew/gradle-4.1/lib/plugins/gradle-ivy-4.1.jar
7fdc4fd20000-7fdc4fd21000 r--s 00002000 00:2b 3676599                    /home/jm/.gradle/wrapper/dists/gradle-4.1-all/bzyivzo6n839fup2jbap0tjew/gradle-4.1/lib/plugins/gradle-ide-play-4.1.jar
7fdc4fd21000-7fdc4fd24000 r--s 00013000 00:2b 3676600                    /home/jm/.gradle/wrapper/dists/gradle-4.1-all/bzyivzo6n839fup2jbap0tjew/gradle-4.1/lib/plugins/gradle-ide-native-4.1.jar
7fdc4fd24000-7fdc4fd2e000 r--s 00054000 00:2b 3676601                    /home/jm/.gradle/wrapper/dists/gradle-4.1-all/bzyivzo6n839fup2jbap0tjew/gradle-4.1/lib/plugins/gradle-ide-4.1.jar
7fdc4fd2e000-7fdc4fd30000 r--s 00007000 00:2b 3676604                    /home/jm/.gradle/wrapper/dists/gradle-4.1-all/bzyivzo6n839fup2jbap0tjew/gradle-4.1/lib/plugins/gradle-ear-4.1.jar
7fdc4fd30000-7fdc4fd32000 r--s 00005000 00:2b 3676636                    /home/jm/.gradle/wrapper/dists/gradle-4.1-all/bzyivzo6n839fup2jbap0tjew/gradle-4.1/lib/plugins/jatl-0.2.2.jar
7fdc4fd32000-7fdc4fd39000 r--s 00038000 00:2b 3676624                    /home/jm/.gradle/wrapper/dists/gradle-4.1-all/bzyivzo6n839fup2jbap0tjew/gradle-4.1/lib/plugins/gradle-diagnostics-4.1.jar
7fdc4fd39000-7fdc4fd3b000 r--s 0000b000 00:2b 3676613                    /home/jm/.gradle/wrapper/dists/gradle-4.1-all/bzyivzo6n839fup2jbap0tjew/gradle-4.1/lib/plugins/gradle-composite-builds-4.1.jar
7fdc4fd3b000-7fdc4fd40000 r--s 00025000 00:2b 3676593                    /home/jm/.gradle/wrapper/dists/gradle-4.1-all/bzyivzo6n839fup2jbap0tjew/gradle-4.1/lib/plugins/gradle-code-quality-4.1.jar
7fdc4fd40000-7fdc4fd45000 r--s 00022000 00:2b 3676609                    /home/jm/.gradle/wrapper/dists/gradle-4.1-all/bzyivzo6n839fup2jbap0tjew/gradle-4.1/lib/plugins/gradle-build-init-4.1.jar
7fdc4fd45000-7fdc4fd4b000 r--s 0008e000 00:2b 3676603                    /home/jm/.gradle/wrapper/dists/gradle-4.1-all/bzyivzo6n839fup2jbap0tjew/gradle-4.1/lib/plugins/gradle-build-comparison-4.1.jar
7fdc4fd4b000-7fdc4fd4c000 r--s 00002000 00:2b 3676631                    /home/jm/.gradle/wrapper/dists/gradle-4.1-all/bzyivzo6n839fup2jbap0tjew/gradle-4.1/lib/plugins/gradle-build-cache-http-4.1.jar
7fdc4fd4c000-7fdc4fd4e000 r--s 00008000 00:2b 3676594                    /home/jm/.gradle/wrapper/dists/gradle-4.1-all/bzyivzo6n839fup2jbap0tjew/gradle-4.1/lib/plugins/gradle-antlr-4.1.jar
7fdc4fd4e000-7fdc4fd50000 r--s 00004000 00:2b 3676614                    /home/jm/.gradle/wrapper/dists/gradle-4.1-all/bzyivzo6n839fup2jbap0tjew/gradle-4.1/lib/plugins/gradle-announce-4.1.jar
7fdc4fd50000-7fdc4fd52000 r--s 00008000 00:2b 3676534                    /home/jm/.gradle/wrapper/dists/gradle-4.1-all/bzyivzo6n839fup2jbap0tjew/gradle-4.1/lib/gradle-kotlin-dsl-tooling-builders-0.10.3.jar
7fdc4fd52000-7fdc4fd55000 r--s 0001c000 00:2b 3676652                    /home/jm/.gradle/wrapper/dists/gradle-4.1-all/bzyivzo6n839fup2jbap0tjew/gradle-4.1/lib/plugins/nekohtml-1.9.14.jar
7fdc4fd55000-7fdc4fd5d000 r--s 00028000 00:2b 3676693                    /home/jm/.gradle/wrapper/dists/gradle-4.1-all/bzyivzo6n839fup2jbap0tjew/gradle-4.1/lib/plugins/xml-apis-1.3.04.jar
7fdc4fd5d000-7fdc4fd75000 r--s 00115000 00:2b 3676653                    /home/jm/.gradle/wrapper/dists/gradle-4.1-all/bzyivzo6n839fup2jbap0tjew/gradle-4.1/lib/plugins/xercesImpl-2.9.1.jar
7fdc4fd75000-7fdc4fd7b000 r--s 0005b000 00:2b 3676651                    /home/jm/.gradle/wrapper/dists/gradle-4.1-all/bzyivzo6n839fup2jbap0tjew/gradle-4.1/lib/plugins/jcifs-1.3.17.jar
7fdc4fd7b000-7fdc4fd82000 r--s 00049000 00:2b 3676692                    /home/jm/.gradle/wrapper/dists/gradle-4.1-all/bzyivzo6n839fup2jbap0tjew/gradle-4.1/lib/plugins/httpcore-4.4.4.jar
7fdc4fd82000-7fdc4fd88000 r--s 00033000 00:2b 3676644                    /home/jm/.gradle/wrapper/dists/gradle-4.1-all/bzyivzo6n839fup2jbap0tjew/gradle-4.1/lib/plugins/commons-codec-1.6.jar
7fdc4fd88000-7fdc4fd95000 r--s 000a4000 00:2b 3676637                    /home/jm/.gradle/wrapper/dists/gradle-4.1-all/bzyivzo6n839fup2jbap0tjew/gradle-4.1/lib/plugins/httpclient-4.4.1.jar
7fdc4fd95000-7fdc4fd97000 r--s 0000b000 00:2b 3676632                    /home/jm/.gradle/wrapper/dists/gradle-4.1-all/bzyivzo6n839fup2jbap0tjew/gradle-4.1/lib/plugins/gradle-resources-http-4.1.jar
7fdc4fd97000-7fdc4fd9b000 r--s 00017000 00:2b 3676629                    /home/jm/.gradle/wrapper/dists/gradle-4.1-all/bzyivzo6n839fup2jbap0tjew/gradle-4.1/lib/plugins/gradle-plugin-use-4.1.jar
7fdc4fd9b000-7fdc4fd9c000 r--s 00000000 00:2b 3676540                    /home/jm/.gradle/wrapper/dists/gradle-4.1-all/bzyivzo6n839fup2jbap0tjew/gradle-4.1/lib/gradle-runtime-api-info-4.1.jar
7fdc4fd9c000-7fdc4fd9d000 r--s 00000000 00:2b 3676543                    /home/jm/.gradle/wrapper/dists/gradle-4.1-all/bzyivzo6n839fup2jbap0tjew/gradle-4.1/lib/gradle-installation-beacon-4.1.jar
7fdc4fd9d000-7fdc4fddd000 r--s 00277000 00:2b 3676664                    /home/jm/.gradle/wrapper/dists/gradle-4.1-all/bzyivzo6n839fup2jbap0tjew/gradle-4.1/lib/plugins/bcprov-jdk15on-1.51.jar
7fdc4fddd000-7fdc4fde1000 r--s 0001d000 00:2b 3676663                    /home/jm/.gradle/wrapper/dists/gradle-4.1-all/bzyivzo6n839fup2jbap0tjew/gradle-4.1/lib/plugins/xbean-reflect-3.4.jar
7fdc4fde1000-7fdc4fde3000 r--s 0000a000 00:2b 3676665                    /home/jm/.gradle/wrapper/dists/gradle-4.1-all/bzyivzo6n839fup2jbap0tjew/gradle-4.1/lib/plugins/maven-settings-3.0.4.jar
7fdc4fde3000-7fdc4fde6000 r--s 00008000 00:2b 3676666                    /home/jm/.gradle/wrapper/dists/gradle-4.1-all/bzyivzo6n839fup2jbap0tjew/gradle-4.1/lib/plugins/maven-settings-builder-3.0.4.jar
7fdc4fde6000-7fdc4fdea000 r--s 00033000 00:2b 3676667                    /home/jm/.gradle/wrapper/dists/gradle-4.1-all/bzyivzo6n839fup2jbap0tjew/gradle-4.1/lib/plugins/plexus-utils-2.0.6.jar
7fdc4fdea000-7fdc4fe00000 r-xp 00000000 08:05 4461093                    /lib/x86_64-linux-gnu/libgcc_s.so.1
7fdc4fe00000-7fdc4ffff000 ---p 00016000 08:05 4461093                    /lib/x86_64-linux-gnu/libgcc_s.so.1
7fdc4ffff000-7fdc50000000 rw-p 00015000 08:05 4461093                    /lib/x86_64-linux-gnu/libgcc_s.so.1
7fdc50000000-7fdc50021000 rw-p 00000000 00:00 0 
7fdc50021000-7fdc54000000 ---p 00000000 00:00 0 
7fdc54000000-7fdc54002000 r--s 0000d000 00:2b 3676668                    /home/jm/.gradle/wrapper/dists/gradle-4.1-all/bzyivzo6n839fup2jbap0tjew/gradle-4.1/lib/plugins/plexus-interpolation-1.14.jar
7fdc54002000-7fdc54004000 r--s 00000000 00:2b 3676643                    /home/jm/.gradle/wrapper/dists/gradle-4.1-all/bzyivzo6n839fup2jbap0tjew/gradle-4.1/lib/plugins/plexus-component-annotations-1.5.5.jar
7fdc54004000-7fdc5400b000 r--s 0002e000 00:2b 3676669                    /home/jm/.gradle/wrapper/dists/gradle-4.1-all/bzyivzo6n839fup2jbap0tjew/gradle-4.1/lib/plugins/plexus-container-default-1.5.5.jar
7fdc5400b000-7fdc5400d000 r--s 0000a000 00:2b 3676670                    /home/jm/.gradle/wrapper/dists/gradle-4.1-all/bzyivzo6n839fup2jbap0tjew/gradle-4.1/lib/plugins/plexus-classworlds-2.4.jar
7fdc5400d000-7fdc5400f000 r--s 00002000 00:2b 3676671                    /home/jm/.gradle/wrapper/dists/gradle-4.1-all/bzyivzo6n839fup2jbap0tjew/gradle-4.1/lib/plugins/plexus-cipher-1.7.jar
7fdc5400f000-7fdc54010000 r--s 00006000 00:2b 3676672                    /home/jm/.gradle/wrapper/dists/gradle-4.1-all/bzyivzo6n839fup2jbap0tjew/gradle-4.1/lib/plugins/plexus-sec-dispatcher-1.3.jar
7fdc54010000-7fdc54016000 r--s 0003f000 00:2b 3676673                    /home/jm/.gradle/wrapper/dists/gradle-4.1-all/bzyivzo6n839fup2jbap0tjew/gradle-4.1/lib/plugins/maven-compat-3.0.4.jar
7fdc54016000-7fdc5401a000 r--s 00021000 00:2b 3676674                    /home/jm/.gradle/wrapper/dists/gradle-4.1-all/bzyivzo6n839fup2jbap0tjew/gradle-4.1/lib/plugins/maven-model-builder-3.0.4.jar
7fdc5401a000-7fdc5401c000 r--s 00026000 00:2b 3676675                    /home/jm/.gradle/wrapper/dists/gradle-4.1-all/bzyivzo6n839fup2jbap0tjew/gradle-4.1/lib/plugins/maven-model-3.0.4.jar
7fdc5401c000-7fdc5401e000 r--s 0000b000 00:2b 3676676                    /home/jm/.gradle/wrapper/dists/gradle-4.1-all/bzyivzo6n839fup2jbap0tjew/gradle-4.1/lib/plugins/maven-artifact-3.0.4.jar
7fdc5401e000-7fdc54020000 r--s 00006000 00:2b 3676677                    /home/jm/.gradle/wrapper/dists/gradle-4.1-all/bzyivzo6n839fup2jbap0tjew/gradle-4.1/lib/plugins/maven-repository-metadata-3.0.4.jar
7fdc54020000-7fdc54022000 r--s 0000b000 00:2b 3676678                    /home/jm/.gradle/wrapper/dists/gradle-4.1-all/bzyivzo6n839fup2jbap0tjew/gradle-4.1/lib/plugins/maven-plugin-api-3.0.4.jar
7fdc54022000-7fdc54024000 r--s 0000c000 00:2b 3676679                    /home/jm/.gradle/wrapper/dists/gradle-4.1-all/bzyivzo6n839fup2jbap0tjew/gradle-4.1/lib/plugins/maven-aether-provider-3.0.4.jar
7fdc54024000-7fdc54025000 r--s 00002000 00:2b 3676680                    /home/jm/.gradle/wrapper/dists/gradle-4.1-all/bzyivzo6n839fup2jbap0tjew/gradle-4.1/lib/plugins/wagon-file-2.4.jar
7fdc54025000-7fdc54026000 r--s 00002000 00:2b 3676681                    /home/jm/.gradle/wrapper/dists/gradle-4.1-all/bzyivzo6n839fup2jbap0tjew/gradle-4.1/lib/plugins/wagon-http-2.4.jar
7fdc54026000-7fdc54028000 r--s 0000b000 00:2b 3676682                    /home/jm/.gradle/wrapper/dists/gradle-4.1-all/bzyivzo6n839fup2jbap0tjew/gradle-4.1/lib/plugins/wagon-provider-api-2.4.jar
7fdc54028000-7fdc54029000 r--s 00007000 00:2b 3676683                    /home/jm/.gradle/wrapper/dists/gradle-4.1-all/bzyivzo6n839fup2jbap0tjew/gradle-4.1/lib/plugins/wagon-http-shared4-2.4.jar
7fdc54029000-7fdc5402c000 r--s 00013000 00:2b 3676684                    /home/jm/.gradle/wrapper/dists/gradle-4.1-all/bzyivzo6n839fup2jbap0tjew/gradle-4.1/lib/plugins/aether-api-1.13.1.jar
7fdc5402c000-7fdc5402f000 r--s 0001d000 00:2b 3676685                    /home/jm/.gradle/wrapper/dists/gradle-4.1-all/bzyivzo6n839fup2jbap0tjew/gradle-4.1/lib/plugins/aether-impl-1.13.1.jar
7fdc5402f000-7fdc54033000 r--s 0001c000 00:2b 3676687                    /home/jm/.gradle/wrapper/dists/gradle-4.1-all/bzyivzo6n839fup2jbap0tjew/gradle-4.1/lib/plugins/aether-util-1.13.1.jar
7fdc54033000-7fdc54035000 r--s 00006000 00:2b 3676688                    /home/jm/.gradle/wrapper/dists/gradle-4.1-all/bzyivzo6n839fup2jbap0tjew/gradle-4.1/lib/plugins/aether-connector-wagon-1.13.1.jar
7fdc54035000-7fdc54059000 r--s 0011a000 00:2b 3676635                    /home/jm/.gradle/wrapper/dists/gradle-4.1-all/bzyivzo6n839fup2jbap0tjew/gradle-4.1/lib/plugins/gradle-dependency-management-4.1.jar
7fdc54059000-7fdc541cb000 r-xp 00000000 08:05 6815932                    /usr/lib/x86_64-linux-gnu/libstdc++.so.6.0.21
7fdc541cb000-7fdc543cb000 ---p 00172000 08:05 6815932                    /usr/lib/x86_64-linux-gnu/libstdc++.so.6.0.21
7fdc543cb000-7fdc543d5000 r--p 00172000 08:05 6815932                    /usr/lib/x86_64-linux-gnu/libstdc++.so.6.0.21
7fdc543d5000-7fdc543d7000 rw-p 0017c000 08:05 6815932                    /usr/lib/x86_64-linux-gnu/libstdc++.so.6.0.21
7fdc543d7000-7fdc543db000 rw-p 00000000 00:00 0 
7fdc543db000-7fdc543dc000 r--s 00003000 00:2b 3676686                    /home/jm/.gradle/wrapper/dists/gradle-4.1-all/bzyivzo6n839fup2jbap0tjew/gradle-4.1/lib/plugins/aether-spi-1.13.1.jar
7fdc543dc000-7fdc543e8000 r--s 0007d000 00:2b 3676640                    /home/jm/.gradle/wrapper/dists/gradle-4.1-all/bzyivzo6n839fup2jbap0tjew/gradle-4.1/lib/plugins/maven-core-3.0.4.jar
7fdc543e8000-7fdc543ed000 r--s 00034000 00:2b 3676647                    /home/jm/.gradle/wrapper/dists/gradle-4.1-all/bzyivzo6n839fup2jbap0tjew/gradle-4.1/lib/plugins/gson-2.7.jar
7fdc543ed000-7fdc543fc000 r--s 000d9000 00:2b 3676654                    /home/jm/.gradle/wrapper/dists/gradle-4.1-all/bzyivzo6n839fup2jbap0tjew/gradle-4.1/lib/plugins/ivy-2.2.0.jar
7fdc543fc000-7fdc54401000 r-xp 00000000 00:2b 3681908                    /home/jm/.gradle/native/25/linux-amd64/libnative-platform.so
7fdc54401000-7fdc54600000 ---p 00005000 00:2b 3681908                    /home/jm/.gradle/native/25/linux-amd64/libnative-platform.so
7fdc54600000-7fdc54601000 rw-p 00004000 00:2b 3681908                    /home/jm/.gradle/native/25/linux-amd64/libnative-platform.so
7fdc54601000-7fdc54612000 r-xp 00000000 00:2b 6691897                    /home/jm/Documents/android-studio/jre/jre/lib/amd64/libnio.so
7fdc54612000-7fdc54811000 ---p 00011000 00:2b 6691897                    /home/jm/Documents/android-studio/jre/jre/lib/amd64/libnio.so
7fdc54811000-7fdc54812000 r--p 00010000 00:2b 6691897                    /home/jm/Documents/android-studio/jre/jre/lib/amd64/libnio.so
7fdc54812000-7fdc54813000 rw-p 00011000 00:2b 6691897                    /home/jm/Documents/android-studio/jre/jre/lib/amd64/libnio.so
7fdc54813000-7fdc54b14000 rw-p 00000000 00:00 0 
7fdc54b14000-7fdc54b2a000 r-xp 00000000 00:2b 6691899                    /home/jm/Documents/android-studio/jre/jre/lib/amd64/libnet.so
7fdc54b2a000-7fdc54d2a000 ---p 00016000 00:2b 6691899                    /home/jm/Documents/android-studio/jre/jre/lib/amd64/libnet.so
7fdc54d2a000-7fdc54d2b000 r--p 00016000 00:2b 6691899                    /home/jm/Documents/android-studio/jre/jre/lib/amd64/libnet.so
7fdc54d2b000-7fdc54d2c000 rw-p 00017000 00:2b 6691899                    /home/jm/Documents/android-studio/jre/jre/lib/amd64/libnet.so
7fdc54d2c000-7fdc54d39000 r--s 00043000 00:2b 3676541                    /home/jm/.gradle/wrapper/dists/gradle-4.1-all/bzyivzo6n839fup2jbap0tjew/gradle-4.1/lib/gradle-tooling-api-4.1.jar
7fdc54d39000-7fdc54d48000 r--s 000c8000 00:2b 3676538                    /home/jm/.gradle/wrapper/dists/gradle-4.1-all/bzyivzo6n839fup2jbap0tjew/gradle-4.1/lib/kotlin-stdlib-1.1.3-2.jar
7fdc54d48000-7fdc54eff000 r--s 01786000 00:2b 3676536                    /home/jm/.gradle/wrapper/dists/gradle-4.1-all/bzyivzo6n839fup2jbap0tjew/gradle-4.1/lib/kotlin-compiler-embeddable-1.1.3-2.jar
7fdc54eff000-7fdc54f00000 ---p 00000000 00:00 0 
7fdc54f00000-7fdc58000000 rw-p 00000000 00:00 0 
7fdc58000000-7fdc58021000 rw-p 00000000 00:00 0 
7fdc58021000-7fdc5c000000 ---p 00000000 00:00 0 
7fdc5c000000-7fdc5c005000 r--s 00040000 00:2b 3676655                    /home/jm/.gradle/wrapper/dists/gradle-4.1-all/bzyivzo6n839fup2jbap0tjew/gradle-4.1/lib/plugins/jsch-0.1.54.jar
7fdc5c005000-7fdc5c008000 r--s 0000d000 00:2b 3676634                    /home/jm/.gradle/wrapper/dists/gradle-4.1-all/bzyivzo6n839fup2jbap0tjew/gradle-4.1/lib/plugins/gradle-workers-4.1.jar
7fdc5c008000-7fdc5c009000 r--s 00006000 00:2b 3676542                    /home/jm/.gradle/wrapper/dists/gradle-4.1-all/bzyivzo6n839fup2jbap0tjew/gradle-4.1/lib/gradle-wrapper-4.1.jar
7fdc5c009000-7fdc5c03b000 r--s 0021b000 00:2b 3676537                    /home/jm/.gradle/wrapper/dists/gradle-4.1-all/bzyivzo6n839fup2jbap0tjew/gradle-4.1/lib/kotlin-reflect-1.1.3-2.jar
7fdc5c03b000-7fdc5c03c000 r--s 00000000 00:2b 3676535                    /home/jm/.gradle/wrapper/dists/gradle-4.1-all/bzyivzo6n839fup2jbap0tjew/gradle-4.1/lib/gradle-kotlin-dsl-tooling-models-0.10.3.jar
7fdc5c03c000-7fdc5c03d000 r--s 00001000 00:2b 3676533                    /home/jm/.gradle/wrapper/dists/gradle-4.1-all/bzyivzo6n839fup2jbap0tjew/gradle-4.1/lib/gradle-kotlin-dsl-compiler-plugin-0.10.3.jar
7fdc5c03d000-7fdc5c03f000 r--s 00003000 00:2b 3676531                    /home/jm/.gradle/wrapper/dists/gradle-4.1-all/bzyivzo6n839fup2jbap0tjew/gradle-4.1/lib/annotations-13.0.jar
7fdc5c03f000-7fdc5c049000 r--s 00073000 00:2b 3676532                    /home/jm/.gradle/wrapper/dists/gradle-4.1-all/bzyivzo6n839fup2jbap0tjew/gradle-4.1/lib/gradle-kotlin-dsl-0.10.3.jar
7fdc5c049000-7fdc5c04e000 r--s 00013000 00:2b 3676548                    /home/jm/.gradle/wrapper/dists/gradle-4.1-all/bzyivzo6n839fup2jbap0tjew/gradle-4.1/lib/gradle-resources-4.1.jar
7fdc5c04e000-7fdc5c050000 r--s 00005000 00:2b 3676555                    /home/jm/.gradle/wrapper/dists/gradle-4.1-all/bzyivzo6n839fup2jbap0tjew/gradle-4.1/lib/gradle-cli-4.1.jar
7fdc5c050000-7fdc5c052000 r--s 00003000 00:2b 3676562                    /home/jm/.gradle/wrapper/dists/gradle-4.1-all/bzyivzo6n839fup2jbap0tjew/gradle-4.1/lib/jcl-over-slf4j-1.7.10.jar
7fdc5c052000-7fdc5c054000 r--s 00000000 00:2b 3676560                    /home/jm/.gradle/wrapper/dists/gradle-4.1-all/bzyivzo6n839fup2jbap0tjew/gradle-4.1/lib/jul-to-slf4j-1.7.10.jar
7fdc5c054000-7fdc5c05b000 r--s 0002c000 00:2b 3676546                    /home/jm/.gradle/wrapper/dists/gradle-4.1-all/bzyivzo6n839fup2jbap0tjew/gradle-4.1/lib/gradle-logging-4.1.jar
7fdc5c05b000-7fdc5c06b000 r--s 00082000 00:2b 3676551                    /home/jm/.gradle/wrapper/dists/gradle-4.1-all/bzyivzo6n839fup2jbap0tjew/gradle-4.1/lib/gradle-model-core-4.1.jar
7fdc5c06b000-7fdc5c06d000 r--s 00006000 00:2b 3676552                    /home/jm/.gradle/wrapper/dists/gradle-4.1-all/bzyivzo6n839fup2jbap0tjew/gradle-4.1/lib/gradle-base-services-groovy-4.1.jar
7fdc5c06d000-7fdc5c06f000 r--s 00007000 00:2b 3676550                    /home/jm/.gradle/wrapper/dists/gradle-4.1-all/bzyivzo6n839fup2jbap0tjew/gradle-4.1/lib/gradle-model-groovy-4.1.jar
7fdc5c06f000-7fdc5c07c000 r--s 00083000 00:2b 3676571                    /home/jm/.gradle/wrapper/dists/gradle-4.1-all/bzyivzo6n839fup2jbap0tjew/gradle-4.1/lib/commons-collections-3.2.2.jar
7fdc5c07c000-7fdc5c0ec000 r--s 00645000 00:2b 3676568                    /home/jm/.gradle/wrapper/dists/gradle-4.1-all/bzyivzo6n839fup2jbap0tjew/gradle-4.1/lib/groovy-all-2.4.11.jar
7fdc5c0ec000-7fdc5c0ef000 ---p 00000000 00:00 0 
7fdc5c0ef000-7fdc5c1ed000 rw-p 00000000 00:00 0 
7fdc5c1ed000-7fdc5c1f0000 ---p 00000000 00:00 0 
7fdc5c1f0000-7fdc5c2ee000 rw-p 00000000 00:00 0 
7fdc5c2ee000-7fdc5c2f1000 ---p 00000000 00:00 0 
7fdc5c2f1000-7fdc5c3ef000 rw-p 00000000 00:00 0 
7fdc5c3ef000-7fdc5c3f2000 ---p 00000000 00:00 0 
7fdc5c3f2000-7fdc5c4f0000 rw-p 00000000 00:00 0 
7fdc5c4f0000-7fdc5c4f3000 ---p 00000000 00:00 0 
7fdc5c4f3000-7fdc5c5f1000 rw-p 00000000 00:00 0 
7fdc5c5f1000-7fdc5c9fa000 r--p 00000000 08:05 6839869                    /usr/lib/locale/locale-archive
7fdc5c9fa000-7fdc5c9fd000 ---p 00000000 00:00 0 
7fdc5c9fd000-7fdc5cafb000 rw-p 00000000 00:00 0 
7fdc5cafb000-7fdc5cafe000 ---p 00000000 00:00 0 
7fdc5cafe000-7fdc5cbfc000 rw-p 00000000 00:00 0 
7fdc5cbfc000-7fdc5cbfd000 ---p 00000000 00:00 0 
7fdc5cbfd000-7fdc5d000000 rw-p 00000000 00:00 0 
7fdc5d000000-7fdc5e000000 rwxp 00000000 00:00 0 
7fdc5e000000-7fdc6c000000 ---p 00000000 00:00 0 
7fdc6c000000-7fdc6cc91000 rw-p 00000000 00:00 0 
7fdc6cc91000-7fdc70000000 ---p 00000000 00:00 0 
7fdc70000000-7fdc70001000 r--s 00005000 00:2b 3676561                    /home/jm/.gradle/wrapper/dists/gradle-4.1-all/bzyivzo6n839fup2jbap0tjew/gradle-4.1/lib/log4j-over-slf4j-1.7.10.jar
7fdc70001000-7fdc70002000 r--s 00002000 00:2b 3676573                    /home/jm/.gradle/wrapper/dists/gradle-4.1-all/bzyivzo6n839fup2jbap0tjew/gradle-4.1/lib/gradle-docs-4.1.jar
7fdc70002000-7fdc70003000 r--s 00000000 00:2b 3676570                    /home/jm/.gradle/wrapper/dists/gradle-4.1-all/bzyivzo6n839fup2jbap0tjew/gradle-4.1/lib/javax.inject-1.jar
7fdc70003000-7fdc70006000 r--s 00023000 00:2b 3676574                    /home/jm/.gradle/wrapper/dists/gradle-4.1-all/bzyivzo6n839fup2jbap0tjew/gradle-4.1/lib/jansi-1.14.jar
7fdc70006000-7fdc70007000 r--s 00004000 00:2b 3676576                    /home/jm/.gradle/wrapper/dists/gradle-4.1-all/bzyivzo6n839fup2jbap0tjew/gradle-4.1/lib/native-platform-freebsd-amd64-libcpp-0.14.jar
7fdc70007000-7fdc70008000 r--s 00004000 00:2b 3676577                    /home/jm/.gradle/wrapper/dists/gradle-4.1-all/bzyivzo6n839fup2jbap0tjew/gradle-4.1/lib/native-platform-freebsd-amd64-libstdcpp-0.14.jar
7fdc70008000-7fdc70009000 r--s 00004000 00:2b 3676578                    /home/jm/.gradle/wrapper/dists/gradle-4.1-all/bzyivzo6n839fup2jbap0tjew/gradle-4.1/lib/native-platform-freebsd-i386-libcpp-0.14.jar
7fdc70009000-7fdc7000a000 r--s 00003000 00:2b 3676579                    /home/jm/.gradle/wrapper/dists/gradle-4.1-all/bzyivzo6n839fup2jbap0tjew/gradle-4.1/lib/native-platform-freebsd-i386-libstdcpp-0.14.jar
7fdc7000a000-7fdc7000b000 r--s 00002000 00:2b 3676580                    /home/jm/.gradle/wrapper/dists/gradle-4.1-all/bzyivzo6n839fup2jbap0tjew/gradle-4.1/lib/native-platform-linux-amd64-0.14.jar
7fdc7000b000-7fdc7000c000 r--s 00002000 00:2b 3676581                    /home/jm/.gradle/wrapper/dists/gradle-4.1-all/bzyivzo6n839fup2jbap0tjew/gradle-4.1/lib/native-platform-linux-i386-0.14.jar
7fdc7000c000-7fdc7000e000 r--s 00002000 00:2b 3676582                    /home/jm/.gradle/wrapper/dists/gradle-4.1-all/bzyivzo6n839fup2jbap0tjew/gradle-4.1/lib/native-platform-osx-amd64-0.14.jar
7fdc7000e000-7fdc7000f000 r--s 00003000 00:2b 3676583                    /home/jm/.gradle/wrapper/dists/gradle-4.1-all/bzyivzo6n839fup2jbap0tjew/gradle-4.1/lib/native-platform-osx-i386-0.14.jar
7fdc7000f000-7fdc70011000 r--s 0000b000 00:2b 3676584                    /home/jm/.gradle/wrapper/dists/gradle-4.1-all/bzyivzo6n839fup2jbap0tjew/gradle-4.1/lib/native-platform-windows-amd64-0.14.jar
7fdc70011000-7fdc70012000 r--s 0000b000 00:2b 3676585                    /home/jm/.gradle/wrapper/dists/gradle-4.1-all/bzyivzo6n839fup2jbap0tjew/gradle-4.1/lib/native-platform-windows-i386-0.14.jar
7fdc70012000-7fdc70013000 r--s 00001000 00:2b 3676586                    /home/jm/.gradle/wrapper/dists/gradle-4.1-all/bzyivzo6n839fup2jbap0tjew/gradle-4.1/lib/native-platform-linux-amd64-ncurses5-0.14.jar
7fdc70013000-7fdc70014000 r--s 00001000 00:2b 3676587                    /home/jm/.gradle/wrapper/dists/gradle-4.1-all/bzyivzo6n839fup2jbap0tjew/gradle-4.1/lib/native-platform-linux-amd64-ncurses6-0.14.jar
7fdc70014000-7fdc70015000 r--s 00001000 00:2b 3676588                    /home/jm/.gradle/wrapper/dists/gradle-4.1-all/bzyivzo6n839fup2jbap0tjew/gradle-4.1/lib/native-platform-linux-i386-ncurses5-0.14.jar
7fdc70015000-7fdc70016000 r--s 00001000 00:2b 3676589                    /home/jm/.gradle/wrapper/dists/gradle-4.1-all/bzyivzo6n839fup2jbap0tjew/gradle-4.1/lib/native-platform-linux-i386-ncurses6-0.14.jar
7fdc70016000-7fdc7001a000 r--s 00012000 00:2b 3676572                    /home/jm/.gradle/wrapper/dists/gradle-4.1-all/bzyivzo6n839fup2jbap0tjew/gradle-4.1/lib/native-platform-0.14.jar
7fdc7001a000-7fdc7001d000 r--s 0000c000 00:2b 3676549                    /home/jm/.gradle/wrapper/dists/gradle-4.1-all/bzyivzo6n839fup2jbap0tjew/gradle-4.1/lib/gradle-native-4.1.jar
7fdc7001d000-7fdc7001f000 r--s 0000f000 00:2b 3676557                    /home/jm/.gradle/wrapper/dists/gradle-4.1-all/bzyivzo6n839fup2jbap0tjew/gradle-4.1/lib/reflectasm-1.07-shaded.jar
7fdc7001f000-7fdc70021000 r--s 00000000 00:2b 3676590                    /home/jm/.gradle/wrapper/dists/gradle-4.1-all/bzyivzo6n839fup2jbap0tjew/gradle-4.1/lib/minlog-1.2.jar
7fdc70021000-7fdc70023000 r--s 00007000 00:2b 3676591                    /home/jm/.gradle/wrapper/dists/gradle-4.1-all/bzyivzo6n839fup2jbap0tjew/gradle-4.1/lib/objenesis-1.2.jar
7fdc70023000-7fdc70027000 r--s 00026000 00:2b 3676556                    /home/jm/.gradle/wrapper/dists/gradle-4.1-all/bzyivzo6n839fup2jbap0tjew/gradle-4.1/lib/kryo-2.20.jar
7fdc70027000-7fdc7002d000 r--s 0002b000 00:2b 3676553                    /home/jm/.gradle/wrapper/dists/gradle-4.1-all/bzyivzo6n839fup2jbap0tjew/gradle-4.1/lib/gradle-messaging-4.1.jar
7fdc7002d000-7fdc7002f000 r--s 00006000 00:2b 3676547                    /home/jm/.gradle/wrapper/dists/gradle-4.1-all/bzyivzo6n839fup2jbap0tjew/gradle-4.1/lib/gradle-process-services-4.1.jar
7fdc7002f000-7fdc70034000 r--s 00041000 00:2b 3676566                    /home/jm/.gradle/wrapper/dists/gradle-4.1-all/bzyivzo6n839fup2jbap0tjew/gradle-4.1/lib/commons-lang-2.6.jar
7fdc70034000-7fdc7005c000 r--s 001cf000 00:2b 3676564                    /home/jm/.gradle/wrapper/dists/gradle-4.1-all/bzyivzo6n839fup2jbap0tjew/gradle-4.1/lib/guava-jdk5-17.0.jar
7fdc7005c000-7fdc7007b000 r--s 001d1000 00:2b 3676569                    /home/jm/.gradle/wrapper/dists/gradle-4.1-all/bzyivzo6n839fup2jbap0tjew/gradle-4.1/lib/ant-1.9.6.jar
7fdc7007b000-7fdc700c5000 r--s 00253000 00:2b 3676544                    /home/jm/.gradle/wrapper/dists/gradle-4.1-all/bzyivzo6n839fup2jbap0tjew/gradle-4.1/lib/gradle-core-4.1.jar
7fdc700c5000-7fdc70da3000 rw-p 00000000 00:00 0 
7fdc70da3000-7fdc70f73000 r--s 03c46000 00:2b 6691853                    /home/jm/Documents/android-studio/jre/jre/lib/rt.jar
7fdc70f73000-7fdc71ae9000 rw-p 00000000 00:00 0 
7fdc71ae9000-7fdc71aea000 ---p 00000000 00:00 0 
7fdc71aea000-7fdc71bea000 rw-p 00000000 00:00 0 
7fdc71bea000-7fdc71beb000 ---p 00000000 00:00 0 
7fdc71beb000-7fdc71ceb000 rw-p 00000000 00:00 0 
7fdc71ceb000-7fdc71cec000 ---p 00000000 00:00 0 
7fdc71cec000-7fdc71dec000 rw-p 00000000 00:00 0 
7fdc71dec000-7fdc71ded000 ---p 00000000 00:00 0 
7fdc71ded000-7fdc71f00000 rw-p 00000000 00:00 0 
7fdc71f00000-7fdc720ed000 ---p 00000000 00:00 0 
7fdc720ed000-7fdc72100000 rw-p 00000000 00:00 0 
7fdc72100000-7fdc722ed000 ---p 00000000 00:00 0 
7fdc722ed000-7fdc7234e000 rw-p 00000000 00:00 0 
7fdc7234e000-7fdc723ed000 ---p 00000000 00:00 0 
7fdc723ed000-7fdc7242e000 rw-p 00000000 00:00 0 
7fdc7242e000-7fdc727ae000 ---p 00000000 00:00 0 
7fdc727ae000-7fdc727c8000 r-xp 00000000 00:2b 6691874                    /home/jm/Documents/android-studio/jre/jre/lib/amd64/libzip.so
7fdc727c8000-7fdc729c8000 ---p 0001a000 00:2b 6691874                    /home/jm/Documents/android-studio/jre/jre/lib/amd64/libzip.so
7fdc729c8000-7fdc729c9000 r--p 0001a000 00:2b 6691874                    /home/jm/Documents/android-studio/jre/jre/lib/amd64/libzip.so
7fdc729c9000-7fdc729ca000 rw-p 0001b000 00:2b 6691874                    /home/jm/Documents/android-studio/jre/jre/lib/amd64/libzip.so
7fdc729ca000-7fdc729d5000 r-xp 00000000 08:05 4461055                    /lib/x86_64-linux-gnu/libnss_files-2.23.so
7fdc729d5000-7fdc72bd4000 ---p 0000b000 08:05 4461055                    /lib/x86_64-linux-gnu/libnss_files-2.23.so
7fdc72bd4000-7fdc72bd5000 r--p 0000a000 08:05 4461055                    /lib/x86_64-linux-gnu/libnss_files-2.23.so
7fdc72bd5000-7fdc72bd6000 rw-p 0000b000 08:05 4461055                    /lib/x86_64-linux-gnu/libnss_files-2.23.so
7fdc72bd6000-7fdc72bdc000 rw-p 00000000 00:00 0 
7fdc72bdc000-7fdc72be7000 r-xp 00000000 08:05 4461062                    /lib/x86_64-linux-gnu/libnss_nis-2.23.so
7fdc72be7000-7fdc72de6000 ---p 0000b000 08:05 4461062                    /lib/x86_64-linux-gnu/libnss_nis-2.23.so
7fdc72de6000-7fdc72de7000 r--p 0000a000 08:05 4461062                    /lib/x86_64-linux-gnu/libnss_nis-2.23.so
7fdc72de7000-7fdc72de8000 rw-p 0000b000 08:05 4461062                    /lib/x86_64-linux-gnu/libnss_nis-2.23.so
7fdc72de8000-7fdc72dfe000 r-xp 00000000 08:05 4461030                    /lib/x86_64-linux-gnu/libnsl-2.23.so
7fdc72dfe000-7fdc72ffd000 ---p 00016000 08:05 4461030                    /lib/x86_64-linux-gnu/libnsl-2.23.so
7fdc72ffd000-7fdc72ffe000 r--p 00015000 08:05 4461030                    /lib/x86_64-linux-gnu/libnsl-2.23.so
7fdc72ffe000-7fdc72fff000 rw-p 00016000 08:05 4461030                    /lib/x86_64-linux-gnu/libnsl-2.23.so
7fdc72fff000-7fdc73001000 rw-p 00000000 00:00 0 
7fdc73001000-7fdc73009000 r-xp 00000000 08:05 4461126                    /lib/x86_64-linux-gnu/libnss_compat-2.23.so
7fdc73009000-7fdc73208000 ---p 00008000 08:05 4461126                    /lib/x86_64-linux-gnu/libnss_compat-2.23.so
7fdc73208000-7fdc73209000 r--p 00007000 08:05 4461126                    /lib/x86_64-linux-gnu/libnss_compat-2.23.so
7fdc73209000-7fdc7320a000 rw-p 00008000 08:05 4461126                    /lib/x86_64-linux-gnu/libnss_compat-2.23.so
7fdc7320a000-7fdc73237000 r-xp 00000000 00:2b 6691873                    /home/jm/Documents/android-studio/jre/jre/lib/amd64/libjava.so
7fdc73237000-7fdc73436000 ---p 0002d000 00:2b 6691873                    /home/jm/Documents/android-studio/jre/jre/lib/amd64/libjava.so
7fdc73436000-7fdc73437000 r--p 0002c000 00:2b 6691873                    /home/jm/Documents/android-studio/jre/jre/lib/amd64/libjava.so
7fdc73437000-7fdc73439000 rw-p 0002d000 00:2b 6691873                    /home/jm/Documents/android-studio/jre/jre/lib/amd64/libjava.so
7fdc73439000-7fdc73449000 r-xp 00000000 00:2b 6691879                    /home/jm/Documents/android-studio/jre/jre/lib/amd64/libverify.so
7fdc73449000-7fdc73648000 ---p 00010000 00:2b 6691879                    /home/jm/Documents/android-studio/jre/jre/lib/amd64/libverify.so
7fdc73648000-7fdc7364a000 r--p 0000f000 00:2b 6691879                    /home/jm/Documents/android-studio/jre/jre/lib/amd64/libverify.so
7fdc7364a000-7fdc7364b000 rw-p 00011000 00:2b 6691879                    /home/jm/Documents/android-studio/jre/jre/lib/amd64/libverify.so
7fdc7364b000-7fdc73652000 r-xp 00000000 08:05 4461066                    /lib/x86_64-linux-gnu/librt-2.23.so
7fdc73652000-7fdc73851000 ---p 00007000 08:05 4461066                    /lib/x86_64-linux-gnu/librt-2.23.so
7fdc73851000-7fdc73852000 r--p 00006000 08:05 4461066                    /lib/x86_64-linux-gnu/librt-2.23.so
7fdc73852000-7fdc73853000 rw-p 00007000 08:05 4461066                    /lib/x86_64-linux-gnu/librt-2.23.so
7fdc73853000-7fdc7395b000 r-xp 00000000 08:05 4461149                    /lib/x86_64-linux-gnu/libm-2.23.so
7fdc7395b000-7fdc73b5a000 ---p 00108000 08:05 4461149                    /lib/x86_64-linux-gnu/libm-2.23.so
7fdc73b5a000-7fdc73b5b000 r--p 00107000 08:05 4461149                    /lib/x86_64-linux-gnu/libm-2.23.so
7fdc73b5b000-7fdc73b5c000 rw-p 00108000 08:05 4461149                    /lib/x86_64-linux-gnu/libm-2.23.so
7fdc73b5c000-7fdc74754000 r-xp 00000000 00:2b 6691883                    /home/jm/Documents/android-studio/jre/jre/lib/amd64/server/libjvm.so
7fdc74754000-7fdc74954000 ---p 00bf8000 00:2b 6691883                    /home/jm/Documents/android-studio/jre/jre/lib/amd64/server/libjvm.so
7fdc74954000-7fdc749f3000 r--p 00bf8000 00:2b 6691883                    /home/jm/Documents/android-studio/jre/jre/lib/amd64/server/libjvm.so
7fdc749f3000-7fdc74a1c000 rw-p 00c97000 00:2b 6691883                    /home/jm/Documents/android-studio/jre/jre/lib/amd64/server/libjvm.so
7fdc74a1c000-7fdc74a60000 rw-p 00000000 00:00 0 
7fdc74a60000-7fdc74a78000 r-xp 00000000 08:05 4461061                    /lib/x86_64-linux-gnu/libpthread-2.23.so
7fdc74a78000-7fdc74c77000 ---p 00018000 08:05 4461061                    /lib/x86_64-linux-gnu/libpthread-2.23.so
7fdc74c77000-7fdc74c78000 r--p 00017000 08:05 4461061                    /lib/x86_64-linux-gnu/libpthread-2.23.so
7fdc74c78000-7fdc74c79000 rw-p 00018000 08:05 4461061                    /lib/x86_64-linux-gnu/libpthread-2.23.so
7fdc74c79000-7fdc74c7d000 rw-p 00000000 00:00 0 
7fdc74c7d000-7fdc74c80000 r-xp 00000000 08:05 4461125                    /lib/x86_64-linux-gnu/libdl-2.23.so
7fdc74c80000-7fdc74e7f000 ---p 00003000 08:05 4461125                    /lib/x86_64-linux-gnu/libdl-2.23.so
7fdc74e7f000-7fdc74e80000 r--p 00002000 08:05 4461125                    /lib/x86_64-linux-gnu/libdl-2.23.so
7fdc74e80000-7fdc74e81000 rw-p 00003000 08:05 4461125                    /lib/x86_64-linux-gnu/libdl-2.23.so
7fdc74e81000-7fdc75041000 r-xp 00000000 08:05 4461154                    /lib/x86_64-linux-gnu/libc-2.23.so
7fdc75041000-7fdc75241000 ---p 001c0000 08:05 4461154                    /lib/x86_64-linux-gnu/libc-2.23.so
7fdc75241000-7fdc75245000 r--p 001c0000 08:05 4461154                    /lib/x86_64-linux-gnu/libc-2.23.so
7fdc75245000-7fdc75247000 rw-p 001c4000 08:05 4461154                    /lib/x86_64-linux-gnu/libc-2.23.so
7fdc75247000-7fdc7524b000 rw-p 00000000 00:00 0 
7fdc7524b000-7fdc75261000 r-xp 00000000 00:2b 6691822                    /home/jm/Documents/android-studio/jre/lib/amd64/jli/libjli.so
7fdc75261000-7fdc75460000 ---p 00016000 00:2b 6691822                    /home/jm/Documents/android-studio/jre/lib/amd64/jli/libjli.so
7fdc75460000-7fdc75461000 r--p 00015000 00:2b 6691822                    /home/jm/Documents/android-studio/jre/lib/amd64/jli/libjli.so
7fdc75461000-7fdc75462000 rw-p 00016000 00:2b 6691822                    /home/jm/Documents/android-studio/jre/lib/amd64/jli/libjli.so
7fdc75462000-7fdc75488000 r-xp 00000000 08:05 4461031                    /lib/x86_64-linux-gnu/ld-2.23.so
7fdc75488000-7fdc7548a000 r--s 00000000 00:2b 3676545                    /home/jm/.gradle/wrapper/dists/gradle-4.1-all/bzyivzo6n839fup2jbap0tjew/gradle-4.1/lib/gradle-jvm-services-4.1.jar
7fdc7548a000-7fdc7548d000 r--s 00006000 00:2b 3676565                    /home/jm/.gradle/wrapper/dists/gradle-4.1-all/bzyivzo6n839fup2jbap0tjew/gradle-4.1/lib/jsr305-1.3.9.jar
7fdc7548d000-7fdc75491000 r--s 00027000 00:2b 3676559                    /home/jm/.gradle/wrapper/dists/gradle-4.1-all/bzyivzo6n839fup2jbap0tjew/gradle-4.1/lib/commons-io-2.2.jar
7fdc75491000-7fdc7549d000 r--s 00053000 00:2b 3676554                    /home/jm/.gradle/wrapper/dists/gradle-4.1-all/bzyivzo6n839fup2jbap0tjew/gradle-4.1/lib/gradle-base-services-4.1.jar
7fdc7549d000-7fdc7555f000 rw-p 00000000 00:00 0 
7fdc7555f000-7fdc75562000 ---p 00000000 00:00 0 
7fdc75562000-7fdc75664000 rw-p 00000000 00:00 0 
7fdc75664000-7fdc75665000 r--s 00000000 00:2b 3676567                    /home/jm/.gradle/wrapper/dists/gradle-4.1-all/bzyivzo6n839fup2jbap0tjew/gradle-4.1/lib/jcip-annotations-1.0.jar
7fdc75665000-7fdc75666000 r--s 00007000 00:2b 3676563                    /home/jm/.gradle/wrapper/dists/gradle-4.1-all/bzyivzo6n839fup2jbap0tjew/gradle-4.1/lib/slf4j-api-1.7.10.jar
7fdc75666000-7fdc7566e000 r--s 000bd000 00:2b 3676558                    /home/jm/.gradle/wrapper/dists/gradle-4.1-all/bzyivzo6n839fup2jbap0tjew/gradle-4.1/lib/asm-debug-all-6.0_ALPHA.jar
7fdc7566e000-7fdc7566f000 r--s 00004000 00:2b 3676575                    /home/jm/.gradle/wrapper/dists/gradle-4.1-all/bzyivzo6n839fup2jbap0tjew/gradle-4.1/lib/ant-launcher-1.9.6.jar
7fdc7566f000-7fdc7567b000 r--s 0005c000 00:2b 3676539                    /home/jm/.gradle/wrapper/dists/gradle-4.1-all/bzyivzo6n839fup2jbap0tjew/gradle-4.1/lib/gradle-launcher-4.1.jar
7fdc7567b000-7fdc75683000 rw-s 00000000 08:05 4858227                    /tmp/hsperfdata_jm/4950
7fdc75683000-7fdc75684000 rw-p 00000000 00:00 0 
7fdc75684000-7fdc75685000 ---p 00000000 00:00 0 
7fdc75685000-7fdc75687000 rw-p 00000000 00:00 0 
7fdc75687000-7fdc75688000 r--p 00025000 08:05 4461031                    /lib/x86_64-linux-gnu/ld-2.23.so
7fdc75688000-7fdc75689000 rw-p 00026000 08:05 4461031                    /lib/x86_64-linux-gnu/ld-2.23.so
7fdc75689000-7fdc7568a000 rw-p 00000000 00:00 0 
7ffc2c0ca000-7ffc2c0eb000 rw-p 00000000 00:00 0                          [stack]
7ffc2c0fb000-7ffc2c0fd000 r--p 00000000 00:00 0                          [vvar]
7ffc2c0fd000-7ffc2c0ff000 r-xp 00000000 00:00 0                          [vdso]
ffffffffff600000-ffffffffff601000 r-xp 00000000 00:00 0                  [vsyscall]

VM Arguments:
jvm_args: -Xmx1536m -Dfile.encoding=UTF-8 -Duser.country=US -Duser.language=en -Duser.variant 
java_command: org.gradle.launcher.daemon.bootstrap.GradleDaemon 4.1
java_class_path (initial): /home/jm/.gradle/wrapper/dists/gradle-4.1-all/bzyivzo6n839fup2jbap0tjew/gradle-4.1/lib/gradle-launcher-4.1.jar
Launcher Type: SUN_STANDARD

Environment Variables:
JAVA_HOME=/usr/lib/jvm/java-8-oracle
PATH=/home/jm/bin:/home/jm/.local/bin:/usr/local/sbin:/usr/local/bin:/usr/sbin:/usr/bin:/sbin:/bin:/usr/games:/usr/local/games:/snap/bin:/usr/lib/jvm/java-8-oracle/bin:/usr/lib/jvm/java-8-oracle/db/bin:/usr/lib/jvm/java-8-oracle/jre/bin
LD_LIBRARY_PATH=/home/jm/Documents/android-studio/bin:
SHELL=/bin/bash
DISPLAY=:0

Signal Handlers:
SIGSEGV: [libjvm.so+0x9ebc60], sa_mask[0]=11111111011111111101111111111110, sa_flags=SA_RESTART|SA_SIGINFO
SIGBUS: [libjvm.so+0x9ebc60], sa_mask[0]=11111111011111111101111111111110, sa_flags=SA_RESTART|SA_SIGINFO
SIGFPE: [libjvm.so+0x84cf60], sa_mask[0]=11111111011111111101111111111110, sa_flags=SA_RESTART|SA_SIGINFO
SIGPIPE: [libjvm.so+0x84cf60], sa_mask[0]=11111111011111111101111111111110, sa_flags=SA_RESTART|SA_SIGINFO
SIGXFSZ: [libjvm.so+0x84cf60], sa_mask[0]=11111111011111111101111111111110, sa_flags=SA_RESTART|SA_SIGINFO
SIGILL: [libjvm.so+0x84cf60], sa_mask[0]=11111111011111111101111111111110, sa_flags=SA_RESTART|SA_SIGINFO
SIGUSR1: SIG_DFL, sa_mask[0]=00000000000000000000000000000000, sa_flags=none
SIGUSR2: [libjvm.so+0x84ce30], sa_mask[0]=00100000000000000000000000000000, sa_flags=SA_RESTART|SA_SIGINFO
SIGHUP: [libjvm.so+0x84d020], sa_mask[0]=11111111011111111101111111111110, sa_flags=SA_RESTART|SA_SIGINFO
SIGINT: [libjvm.so+0x84d020], sa_mask[0]=11111111011111111101111111111110, sa_flags=SA_RESTART|SA_SIGINFO
SIGTERM: [libjvm.so+0x84d020], sa_mask[0]=11111111011111111101111111111110, sa_flags=SA_RESTART|SA_SIGINFO
SIGQUIT: [libjvm.so+0x84d020], sa_mask[0]=11111111011111111101111111111110, sa_flags=SA_RESTART|SA_SIGINFO


---------------  S Y S T E M  ---------------

OS:DISTRIB_ID=Ubuntu
DISTRIB_RELEASE=16.04
DISTRIB_CODENAME=xenial
DISTRIB_DESCRIPTION="Ubuntu 16.04.2 LTS"

uname:Linux 4.10.0-42-generic #46~16.04.1-Ubuntu SMP Mon Dec 4 15:57:59 UTC 2017 x86_64
libc:glibc 2.23 NPTL 2.23 
rlimit: STACK 8192k, CORE 0k, NPROC 14822, NOFILE 65536, AS infinity
load average:7,46 2,36 1,07

/proc/meminfo:
MemTotal:        3839384 kB
MemFree:          104848 kB
MemAvailable:       5128 kB
Buffers:            1508 kB
Cached:           438604 kB
SwapCached:            0 kB
Active:          3126512 kB
Inactive:         432988 kB
Active(anon):    3122656 kB
Inactive(anon):   428632 kB
Active(file):       3856 kB
Inactive(file):     4356 kB
Unevictable:          32 kB
Mlocked:              32 kB
SwapTotal:             0 kB
SwapFree:              0 kB
Dirty:                52 kB
Writeback:             0 kB
AnonPages:       3119696 kB
Mapped:            29804 kB
Shmem:            431624 kB
Slab:              79368 kB
SReclaimable:      35340 kB
SUnreclaim:        44028 kB
KernelStack:        8560 kB
PageTables:        34432 kB
NFS_Unstable:          0 kB
Bounce:                0 kB
WritebackTmp:          0 kB
CommitLimit:     1919692 kB
Committed_AS:    6598976 kB
VmallocTotal:   34359738367 kB
VmallocUsed:           0 kB
VmallocChunk:          0 kB
HardwareCorrupted:     0 kB
AnonHugePages:   1247232 kB
ShmemHugePages:        0 kB
ShmemPmdMapped:        0 kB
CmaTotal:              0 kB
CmaFree:               0 kB
HugePages_Total:       0
HugePages_Free:        0
HugePages_Rsvd:        0
HugePages_Surp:        0
Hugepagesize:       2048 kB
DirectMap4k:      121088 kB
DirectMap2M:     3866624 kB


CPU:total 4 (initial active 4) (2 cores per cpu, 2 threads per core) family 6 model 37 stepping 5, cmov, cx8, fxsr, mmx, sse, sse2, sse3, ssse3, sse4.1, sse4.2, popcnt, ht, tsc, tscinvbit

/proc/cpuinfo:
processor	: 0
vendor_id	: GenuineIntel
cpu family	: 6
model		: 37
model name	: Intel(R) Core(TM) i5 CPU       M 450  @ 2.40GHz
stepping	: 5
microcode	: 0x4
cpu MHz		: 1333.000
cache size	: 3072 KB
physical id	: 0
siblings	: 4
core id		: 0
cpu cores	: 2
apicid		: 0
initial apicid	: 0
fpu		: yes
fpu_exception	: yes
cpuid level	: 11
wp		: yes
flags		: fpu vme de pse tsc msr pae mce cx8 apic sep mtrr pge mca cmov pat pse36 clflush dts acpi mmx fxsr sse sse2 ss ht tm pbe syscall nx rdtscp lm constant_tsc arch_perfmon pebs bts rep_good nopl xtopology nonstop_tsc aperfmperf pni dtes64 monitor ds_cpl vmx est tm2 ssse3 cx16 xtpr pdcm pcid sse4_1 sse4_2 popcnt lahf_lm tpr_shadow vnmi flexpriority ept vpid dtherm ida arat
bugs		:
bogomips	: 4788.40
clflush size	: 64
cache_alignment	: 64
address sizes	: 36 bits physical, 48 bits virtual
power management:

processor	: 1
vendor_id	: GenuineIntel
cpu family	: 6
model		: 37
model name	: Intel(R) Core(TM) i5 CPU       M 450  @ 2.40GHz
stepping	: 5
microcode	: 0x4
cpu MHz		: 2266.000
cache size	: 3072 KB
physical id	: 0
siblings	: 4
core id		: 0
cpu cores	: 2
apicid		: 1
initial apicid	: 1
fpu		: yes
fpu_exception	: yes
cpuid level	: 11
wp		: yes
flags		: fpu vme de pse tsc msr pae mce cx8 apic sep mtrr pge mca cmov pat pse36 clflush dts acpi mmx fxsr sse sse2 ss ht tm pbe syscall nx rdtscp lm constant_tsc arch_perfmon pebs bts rep_good nopl xtopology nonstop_tsc aperfmperf pni dtes64 monitor ds_cpl vmx est tm2 ssse3 cx16 xtpr pdcm pcid sse4_1 sse4_2 popcnt lahf_lm tpr_shadow vnmi flexpriority ept vpid dtherm ida arat
bugs		:
bogomips	: 4788.40
clflush size	: 64
cache_alignment	: 64
address sizes	: 36 bits physical, 48 bits virtual
power management:

processor	: 2
vendor_id	: GenuineIntel
cpu family	: 6
model		: 37
model name	: Intel(R) Core(TM) i5 CPU       M 450  @ 2.40GHz
stepping	: 5
microcode	: 0x4
cpu MHz		: 2266.000
cache size	: 3072 KB
physical id	: 0
siblings	: 4
core id		: 2
cpu cores	: 2
apicid		: 4
initial apicid	: 4
fpu		: yes
fpu_exception	: yes
cpuid level	: 11
wp		: yes
flags		: fpu vme de pse tsc msr pae mce cx8 apic sep mtrr pge mca cmov pat pse36 clflush dts acpi mmx fxsr sse sse2 ss ht tm pbe syscall nx rdtscp lm constant_tsc arch_perfmon pebs bts rep_good nopl xtopology nonstop_tsc aperfmperf pni dtes64 monitor ds_cpl vmx est tm2 ssse3 cx16 xtpr pdcm pcid sse4_1 sse4_2 popcnt lahf_lm tpr_shadow vnmi flexpriority ept vpid dtherm ida arat
bugs		:
bogomips	: 4788.40
clflush size	: 64
cache_alignment	: 64
address sizes	: 36 bits physical, 48 bits virtual
power management:

processor	: 3
vendor_id	: GenuineIntel
cpu family	: 6
model		: 37
model name	: Intel(R) Core(TM) i5 CPU       M 450  @ 2.40GHz
stepping	: 5
microcode	: 0x4
cpu MHz		: 2266.000
cache size	: 3072 KB
physical id	: 0
siblings	: 4
core id		: 2
cpu cores	: 2
apicid		: 5
initial apicid	: 5
fpu		: yes
fpu_exception	: yes
cpuid level	: 11
wp		: yes
flags		: fpu vme de pse tsc msr pae mce cx8 apic sep mtrr pge mca cmov pat pse36 clflush dts acpi mmx fxsr sse sse2 ss ht tm pbe syscall nx rdtscp lm constant_tsc arch_perfmon pebs bts rep_good nopl xtopology nonstop_tsc aperfmperf pni dtes64 monitor ds_cpl vmx est tm2 ssse3 cx16 xtpr pdcm pcid sse4_1 sse4_2 popcnt lahf_lm tpr_shadow vnmi flexpriority ept vpid dtherm ida arat
bugs		:
bogomips	: 4788.40
clflush size	: 64
cache_alignment	: 64
address sizes	: 36 bits physical, 48 bits virtual
power management:



Memory: 4k page, physical 3839384k(105188k free), swap 0k(0k free)

vm_info: OpenJDK 64-Bit Server VM (25.152-b01) for linux-amd64 JRE (1.8.0_152-release-915-b01), built by "builder" with gcc 4.8.4

time: Mon Dec 25 18:26:52 2017
elapsed time: 75 seconds (0d 0h 1m 15s)

